<?xml version="1.0" encoding="UTF-8"?>
<testsuite xmlns:xsi="http://www.w3.org/2001/XMLSchema-instance" xsi:noNamespaceSchemaLocation="https://maven.apache.org/surefire/maven-surefire-plugin/xsd/surefire-test-report-3.0.xsd" version="3.0" name="dfs.s3.ms_dfs_reservas.repository.CitaRepositoryTest" time="0.523" tests="1" errors="0" skipped="0" failures="0">
  <properties>
    <property name="java.specification.version" value="22"/>
    <property name="sun.cpu.isalist" value="amd64"/>
    <property name="sun.jnu.encoding" value="Cp1252"/>
    <property name="java.class.path" value="C:\Users\puffo\OneDrive\Documentos\GitHub\ms-dfs-reservas\target\test-classes;C:\Users\puffo\OneDrive\Documentos\GitHub\ms-dfs-reservas\target\classes;C:\Users\puffo\.m2\repository\org\springframework\boot\spring-boot-starter-actuator\3.3.3\spring-boot-starter-actuator-3.3.3.jar;C:\Users\puffo\.m2\repository\org\springframework\boot\spring-boot-starter\3.3.3\spring-boot-starter-3.3.3.jar;C:\Users\puffo\.m2\repository\org\springframework\boot\spring-boot-starter-logging\3.3.3\spring-boot-starter-logging-3.3.3.jar;C:\Users\puffo\.m2\repository\ch\qos\logback\logback-classic\1.5.7\logback-classic-1.5.7.jar;C:\Users\puffo\.m2\repository\ch\qos\logback\logback-core\1.5.7\logback-core-1.5.7.jar;C:\Users\puffo\.m2\repository\org\apache\logging\log4j\log4j-to-slf4j\2.23.1\log4j-to-slf4j-2.23.1.jar;C:\Users\puffo\.m2\repository\org\apache\logging\log4j\log4j-api\2.23.1\log4j-api-2.23.1.jar;C:\Users\puffo\.m2\repository\org\slf4j\jul-to-slf4j\2.0.16\jul-to-slf4j-2.0.16.jar;C:\Users\puffo\.m2\repository\jakarta\annotation\jakarta.annotation-api\2.1.1\jakarta.annotation-api-2.1.1.jar;C:\Users\puffo\.m2\repository\org\yaml\snakeyaml\2.2\snakeyaml-2.2.jar;C:\Users\puffo\.m2\repository\org\springframework\boot\spring-boot-actuator-autoconfigure\3.3.3\spring-boot-actuator-autoconfigure-3.3.3.jar;C:\Users\puffo\.m2\repository\org\springframework\boot\spring-boot-actuator\3.3.3\spring-boot-actuator-3.3.3.jar;C:\Users\puffo\.m2\repository\com\fasterxml\jackson\core\jackson-databind\2.17.2\jackson-databind-2.17.2.jar;C:\Users\puffo\.m2\repository\com\fasterxml\jackson\core\jackson-annotations\2.17.2\jackson-annotations-2.17.2.jar;C:\Users\puffo\.m2\repository\com\fasterxml\jackson\core\jackson-core\2.17.2\jackson-core-2.17.2.jar;C:\Users\puffo\.m2\repository\com\fasterxml\jackson\datatype\jackson-datatype-jsr310\2.17.2\jackson-datatype-jsr310-2.17.2.jar;C:\Users\puffo\.m2\repository\io\micrometer\micrometer-observation\1.13.3\micrometer-observation-1.13.3.jar;C:\Users\puffo\.m2\repository\io\micrometer\micrometer-commons\1.13.3\micrometer-commons-1.13.3.jar;C:\Users\puffo\.m2\repository\io\micrometer\micrometer-jakarta9\1.13.3\micrometer-jakarta9-1.13.3.jar;C:\Users\puffo\.m2\repository\io\micrometer\micrometer-core\1.13.3\micrometer-core-1.13.3.jar;C:\Users\puffo\.m2\repository\org\hdrhistogram\HdrHistogram\2.2.2\HdrHistogram-2.2.2.jar;C:\Users\puffo\.m2\repository\org\latencyutils\LatencyUtils\2.0.3\LatencyUtils-2.0.3.jar;C:\Users\puffo\.m2\repository\org\springframework\boot\spring-boot-starter-web\3.3.3\spring-boot-starter-web-3.3.3.jar;C:\Users\puffo\.m2\repository\org\springframework\boot\spring-boot-starter-json\3.3.3\spring-boot-starter-json-3.3.3.jar;C:\Users\puffo\.m2\repository\com\fasterxml\jackson\datatype\jackson-datatype-jdk8\2.17.2\jackson-datatype-jdk8-2.17.2.jar;C:\Users\puffo\.m2\repository\com\fasterxml\jackson\module\jackson-module-parameter-names\2.17.2\jackson-module-parameter-names-2.17.2.jar;C:\Users\puffo\.m2\repository\org\springframework\boot\spring-boot-starter-tomcat\3.3.3\spring-boot-starter-tomcat-3.3.3.jar;C:\Users\puffo\.m2\repository\org\apache\tomcat\embed\tomcat-embed-core\10.1.28\tomcat-embed-core-10.1.28.jar;C:\Users\puffo\.m2\repository\org\apache\tomcat\embed\tomcat-embed-websocket\10.1.28\tomcat-embed-websocket-10.1.28.jar;C:\Users\puffo\.m2\repository\org\springframework\spring-web\6.1.12\spring-web-6.1.12.jar;C:\Users\puffo\.m2\repository\org\springframework\spring-beans\6.1.12\spring-beans-6.1.12.jar;C:\Users\puffo\.m2\repository\org\springframework\spring-webmvc\6.1.12\spring-webmvc-6.1.12.jar;C:\Users\puffo\.m2\repository\org\springframework\spring-aop\6.1.12\spring-aop-6.1.12.jar;C:\Users\puffo\.m2\repository\org\springframework\spring-context\6.1.12\spring-context-6.1.12.jar;C:\Users\puffo\.m2\repository\org\springframework\spring-expression\6.1.12\spring-expression-6.1.12.jar;C:\Users\puffo\.m2\repository\org\springframework\boot\spring-boot-devtools\3.3.3\spring-boot-devtools-3.3.3.jar;C:\Users\puffo\.m2\repository\org\springframework\boot\spring-boot\3.3.3\spring-boot-3.3.3.jar;C:\Users\puffo\.m2\repository\org\springframework\boot\spring-boot-autoconfigure\3.3.3\spring-boot-autoconfigure-3.3.3.jar;C:\Users\puffo\.m2\repository\org\projectlombok\lombok\1.18.34\lombok-1.18.34.jar;C:\Users\puffo\.m2\repository\org\springframework\boot\spring-boot-starter-test\3.3.3\spring-boot-starter-test-3.3.3.jar;C:\Users\puffo\.m2\repository\org\springframework\boot\spring-boot-test\3.3.3\spring-boot-test-3.3.3.jar;C:\Users\puffo\.m2\repository\org\springframework\boot\spring-boot-test-autoconfigure\3.3.3\spring-boot-test-autoconfigure-3.3.3.jar;C:\Users\puffo\.m2\repository\com\jayway\jsonpath\json-path\2.9.0\json-path-2.9.0.jar;C:\Users\puffo\.m2\repository\org\slf4j\slf4j-api\2.0.16\slf4j-api-2.0.16.jar;C:\Users\puffo\.m2\repository\jakarta\xml\bind\jakarta.xml.bind-api\4.0.2\jakarta.xml.bind-api-4.0.2.jar;C:\Users\puffo\.m2\repository\jakarta\activation\jakarta.activation-api\2.1.3\jakarta.activation-api-2.1.3.jar;C:\Users\puffo\.m2\repository\net\minidev\json-smart\2.5.1\json-smart-2.5.1.jar;C:\Users\puffo\.m2\repository\net\minidev\accessors-smart\2.5.1\accessors-smart-2.5.1.jar;C:\Users\puffo\.m2\repository\org\ow2\asm\asm\9.6\asm-9.6.jar;C:\Users\puffo\.m2\repository\org\assertj\assertj-core\3.25.3\assertj-core-3.25.3.jar;C:\Users\puffo\.m2\repository\net\bytebuddy\byte-buddy\1.14.19\byte-buddy-1.14.19.jar;C:\Users\puffo\.m2\repository\org\awaitility\awaitility\4.2.2\awaitility-4.2.2.jar;C:\Users\puffo\.m2\repository\org\junit\jupiter\junit-jupiter\5.10.3\junit-jupiter-5.10.3.jar;C:\Users\puffo\.m2\repository\org\junit\jupiter\junit-jupiter-api\5.10.3\junit-jupiter-api-5.10.3.jar;C:\Users\puffo\.m2\repository\org\opentest4j\opentest4j\1.3.0\opentest4j-1.3.0.jar;C:\Users\puffo\.m2\repository\org\junit\platform\junit-platform-commons\1.10.3\junit-platform-commons-1.10.3.jar;C:\Users\puffo\.m2\repository\org\apiguardian\apiguardian-api\1.1.2\apiguardian-api-1.1.2.jar;C:\Users\puffo\.m2\repository\org\junit\jupiter\junit-jupiter-params\5.10.3\junit-jupiter-params-5.10.3.jar;C:\Users\puffo\.m2\repository\org\junit\jupiter\junit-jupiter-engine\5.10.3\junit-jupiter-engine-5.10.3.jar;C:\Users\puffo\.m2\repository\org\junit\platform\junit-platform-engine\1.10.3\junit-platform-engine-1.10.3.jar;C:\Users\puffo\.m2\repository\org\mockito\mockito-core\5.11.0\mockito-core-5.11.0.jar;C:\Users\puffo\.m2\repository\net\bytebuddy\byte-buddy-agent\1.14.19\byte-buddy-agent-1.14.19.jar;C:\Users\puffo\.m2\repository\org\objenesis\objenesis\3.3\objenesis-3.3.jar;C:\Users\puffo\.m2\repository\org\mockito\mockito-junit-jupiter\5.11.0\mockito-junit-jupiter-5.11.0.jar;C:\Users\puffo\.m2\repository\org\skyscreamer\jsonassert\1.5.3\jsonassert-1.5.3.jar;C:\Users\puffo\.m2\repository\com\vaadin\external\google\android-json\0.0.20131108.vaadin1\android-json-0.0.20131108.vaadin1.jar;C:\Users\puffo\.m2\repository\org\springframework\spring-core\6.1.12\spring-core-6.1.12.jar;C:\Users\puffo\.m2\repository\org\springframework\spring-jcl\6.1.12\spring-jcl-6.1.12.jar;C:\Users\puffo\.m2\repository\org\springframework\spring-test\6.1.12\spring-test-6.1.12.jar;C:\Users\puffo\.m2\repository\org\xmlunit\xmlunit-core\2.9.1\xmlunit-core-2.9.1.jar;C:\Users\puffo\.m2\repository\org\springframework\boot\spring-boot-starter-data-jpa\3.3.3\spring-boot-starter-data-jpa-3.3.3.jar;C:\Users\puffo\.m2\repository\org\springframework\boot\spring-boot-starter-aop\3.3.3\spring-boot-starter-aop-3.3.3.jar;C:\Users\puffo\.m2\repository\org\aspectj\aspectjweaver\1.9.22.1\aspectjweaver-1.9.22.1.jar;C:\Users\puffo\.m2\repository\org\springframework\boot\spring-boot-starter-jdbc\3.3.3\spring-boot-starter-jdbc-3.3.3.jar;C:\Users\puffo\.m2\repository\com\zaxxer\HikariCP\5.1.0\HikariCP-5.1.0.jar;C:\Users\puffo\.m2\repository\org\springframework\spring-jdbc\6.1.12\spring-jdbc-6.1.12.jar;C:\Users\puffo\.m2\repository\org\hibernate\orm\hibernate-core\6.5.2.Final\hibernate-core-6.5.2.Final.jar;C:\Users\puffo\.m2\repository\jakarta\persistence\jakarta.persistence-api\3.1.0\jakarta.persistence-api-3.1.0.jar;C:\Users\puffo\.m2\repository\jakarta\transaction\jakarta.transaction-api\2.0.1\jakarta.transaction-api-2.0.1.jar;C:\Users\puffo\.m2\repository\org\jboss\logging\jboss-logging\3.5.3.Final\jboss-logging-3.5.3.Final.jar;C:\Users\puffo\.m2\repository\org\hibernate\common\hibernate-commons-annotations\6.0.6.Final\hibernate-commons-annotations-6.0.6.Final.jar;C:\Users\puffo\.m2\repository\io\smallrye\jandex\3.1.2\jandex-3.1.2.jar;C:\Users\puffo\.m2\repository\com\fasterxml\classmate\1.7.0\classmate-1.7.0.jar;C:\Users\puffo\.m2\repository\org\glassfish\jaxb\jaxb-runtime\4.0.5\jaxb-runtime-4.0.5.jar;C:\Users\puffo\.m2\repository\org\glassfish\jaxb\jaxb-core\4.0.5\jaxb-core-4.0.5.jar;C:\Users\puffo\.m2\repository\org\eclipse\angus\angus-activation\2.0.2\angus-activation-2.0.2.jar;C:\Users\puffo\.m2\repository\org\glassfish\jaxb\txw2\4.0.5\txw2-4.0.5.jar;C:\Users\puffo\.m2\repository\com\sun\istack\istack-commons-runtime\4.1.2\istack-commons-runtime-4.1.2.jar;C:\Users\puffo\.m2\repository\jakarta\inject\jakarta.inject-api\2.0.1\jakarta.inject-api-2.0.1.jar;C:\Users\puffo\.m2\repository\org\antlr\antlr4-runtime\4.13.0\antlr4-runtime-4.13.0.jar;C:\Users\puffo\.m2\repository\org\springframework\data\spring-data-jpa\3.3.3\spring-data-jpa-3.3.3.jar;C:\Users\puffo\.m2\repository\org\springframework\data\spring-data-commons\3.3.3\spring-data-commons-3.3.3.jar;C:\Users\puffo\.m2\repository\org\springframework\spring-orm\6.1.12\spring-orm-6.1.12.jar;C:\Users\puffo\.m2\repository\org\springframework\spring-tx\6.1.12\spring-tx-6.1.12.jar;C:\Users\puffo\.m2\repository\org\springframework\spring-aspects\6.1.12\spring-aspects-6.1.12.jar;C:\Users\puffo\.m2\repository\com\oracle\database\jdbc\ojdbc11\21.9.0.0\ojdbc11-21.9.0.0.jar;C:\Users\puffo\.m2\repository\com\oracle\database\jdbc\ucp11\21.9.0.0\ucp11-21.9.0.0.jar;C:\Users\puffo\.m2\repository\com\oracle\database\jdbc\rsi\21.9.0.0\rsi-21.9.0.0.jar;C:\Users\puffo\.m2\repository\com\oracle\database\ha\simplefan\21.9.0.0\simplefan-21.9.0.0.jar;C:\Users\puffo\.m2\repository\com\oracle\database\ha\ons\21.9.0.0\ons-21.9.0.0.jar;C:\Users\puffo\.m2\repository\com\oracle\database\nls\orai18n\21.9.0.0\orai18n-21.9.0.0.jar;C:\Users\puffo\.m2\repository\com\oracle\database\xml\xdb\21.9.0.0\xdb-21.9.0.0.jar;C:\Users\puffo\.m2\repository\com\oracle\database\xml\xmlparserv2\21.9.0.0\xmlparserv2-21.9.0.0.jar;C:\Users\puffo\.m2\repository\com\oracle\database\security\oraclepki\21.5.0.0\oraclepki-21.5.0.0.jar;C:\Users\puffo\.m2\repository\com\oracle\database\security\osdt_cert\21.5.0.0\osdt_cert-21.5.0.0.jar;C:\Users\puffo\.m2\repository\com\oracle\database\security\osdt_core\21.5.0.0\osdt_core-21.5.0.0.jar;C:\Users\puffo\.m2\repository\org\hamcrest\hamcrest\2.2\hamcrest-2.2.jar;C:\Users\puffo\.m2\repository\org\springframework\boot\spring-boot-starter-validation\3.3.3\spring-boot-starter-validation-3.3.3.jar;C:\Users\puffo\.m2\repository\org\apache\tomcat\embed\tomcat-embed-el\10.1.28\tomcat-embed-el-10.1.28.jar;C:\Users\puffo\.m2\repository\org\hibernate\validator\hibernate-validator\8.0.1.Final\hibernate-validator-8.0.1.Final.jar;C:\Users\puffo\.m2\repository\jakarta\validation\jakarta.validation-api\3.0.2\jakarta.validation-api-3.0.2.jar;C:\Users\puffo\.m2\repository\org\springframework\boot\spring-boot-starter-hateoas\3.3.3\spring-boot-starter-hateoas-3.3.3.jar;C:\Users\puffo\.m2\repository\org\springframework\hateoas\spring-hateoas\2.3.2\spring-hateoas-2.3.2.jar;C:\Users\puffo\.m2\repository\org\springframework\plugin\spring-plugin-core\3.0.0\spring-plugin-core-3.0.0.jar;"/>
    <property name="java.vm.vendor" value="Oracle Corporation"/>
    <property name="sun.arch.data.model" value="64"/>
    <property name="user.variant" value=""/>
    <property name="java.vendor.url" value="https://java.oracle.com/"/>
    <property name="user.timezone" value="America/Santiago"/>
    <property name="org.jboss.logging.provider" value="slf4j"/>
    <property name="os.name" value="Windows 11"/>
    <property name="java.vm.specification.version" value="22"/>
    <property name="sun.java.launcher" value="SUN_STANDARD"/>
    <property name="user.country" value="CL"/>
    <property name="sun.boot.library.path" value="C:\Program Files\Java\jdk-22\bin"/>
    <property name="sun.java.command" value="C:\Users\puffo\AppData\Local\Temp\surefire12193602889085560697\surefirebooter-20241006230856246_3.jar C:\Users\puffo\AppData\Local\Temp\surefire12193602889085560697 2024-10-06T23-08-56_154-jvmRun1 surefire-20241006230856246_1tmp surefire_0-20241006230856246_2tmp"/>
    <property name="jdk.debug" value="release"/>
    <property name="surefire.test.class.path" value="C:\Users\puffo\OneDrive\Documentos\GitHub\ms-dfs-reservas\target\test-classes;C:\Users\puffo\OneDrive\Documentos\GitHub\ms-dfs-reservas\target\classes;C:\Users\puffo\.m2\repository\org\springframework\boot\spring-boot-starter-actuator\3.3.3\spring-boot-starter-actuator-3.3.3.jar;C:\Users\puffo\.m2\repository\org\springframework\boot\spring-boot-starter\3.3.3\spring-boot-starter-3.3.3.jar;C:\Users\puffo\.m2\repository\org\springframework\boot\spring-boot-starter-logging\3.3.3\spring-boot-starter-logging-3.3.3.jar;C:\Users\puffo\.m2\repository\ch\qos\logback\logback-classic\1.5.7\logback-classic-1.5.7.jar;C:\Users\puffo\.m2\repository\ch\qos\logback\logback-core\1.5.7\logback-core-1.5.7.jar;C:\Users\puffo\.m2\repository\org\apache\logging\log4j\log4j-to-slf4j\2.23.1\log4j-to-slf4j-2.23.1.jar;C:\Users\puffo\.m2\repository\org\apache\logging\log4j\log4j-api\2.23.1\log4j-api-2.23.1.jar;C:\Users\puffo\.m2\repository\org\slf4j\jul-to-slf4j\2.0.16\jul-to-slf4j-2.0.16.jar;C:\Users\puffo\.m2\repository\jakarta\annotation\jakarta.annotation-api\2.1.1\jakarta.annotation-api-2.1.1.jar;C:\Users\puffo\.m2\repository\org\yaml\snakeyaml\2.2\snakeyaml-2.2.jar;C:\Users\puffo\.m2\repository\org\springframework\boot\spring-boot-actuator-autoconfigure\3.3.3\spring-boot-actuator-autoconfigure-3.3.3.jar;C:\Users\puffo\.m2\repository\org\springframework\boot\spring-boot-actuator\3.3.3\spring-boot-actuator-3.3.3.jar;C:\Users\puffo\.m2\repository\com\fasterxml\jackson\core\jackson-databind\2.17.2\jackson-databind-2.17.2.jar;C:\Users\puffo\.m2\repository\com\fasterxml\jackson\core\jackson-annotations\2.17.2\jackson-annotations-2.17.2.jar;C:\Users\puffo\.m2\repository\com\fasterxml\jackson\core\jackson-core\2.17.2\jackson-core-2.17.2.jar;C:\Users\puffo\.m2\repository\com\fasterxml\jackson\datatype\jackson-datatype-jsr310\2.17.2\jackson-datatype-jsr310-2.17.2.jar;C:\Users\puffo\.m2\repository\io\micrometer\micrometer-observation\1.13.3\micrometer-observation-1.13.3.jar;C:\Users\puffo\.m2\repository\io\micrometer\micrometer-commons\1.13.3\micrometer-commons-1.13.3.jar;C:\Users\puffo\.m2\repository\io\micrometer\micrometer-jakarta9\1.13.3\micrometer-jakarta9-1.13.3.jar;C:\Users\puffo\.m2\repository\io\micrometer\micrometer-core\1.13.3\micrometer-core-1.13.3.jar;C:\Users\puffo\.m2\repository\org\hdrhistogram\HdrHistogram\2.2.2\HdrHistogram-2.2.2.jar;C:\Users\puffo\.m2\repository\org\latencyutils\LatencyUtils\2.0.3\LatencyUtils-2.0.3.jar;C:\Users\puffo\.m2\repository\org\springframework\boot\spring-boot-starter-web\3.3.3\spring-boot-starter-web-3.3.3.jar;C:\Users\puffo\.m2\repository\org\springframework\boot\spring-boot-starter-json\3.3.3\spring-boot-starter-json-3.3.3.jar;C:\Users\puffo\.m2\repository\com\fasterxml\jackson\datatype\jackson-datatype-jdk8\2.17.2\jackson-datatype-jdk8-2.17.2.jar;C:\Users\puffo\.m2\repository\com\fasterxml\jackson\module\jackson-module-parameter-names\2.17.2\jackson-module-parameter-names-2.17.2.jar;C:\Users\puffo\.m2\repository\org\springframework\boot\spring-boot-starter-tomcat\3.3.3\spring-boot-starter-tomcat-3.3.3.jar;C:\Users\puffo\.m2\repository\org\apache\tomcat\embed\tomcat-embed-core\10.1.28\tomcat-embed-core-10.1.28.jar;C:\Users\puffo\.m2\repository\org\apache\tomcat\embed\tomcat-embed-websocket\10.1.28\tomcat-embed-websocket-10.1.28.jar;C:\Users\puffo\.m2\repository\org\springframework\spring-web\6.1.12\spring-web-6.1.12.jar;C:\Users\puffo\.m2\repository\org\springframework\spring-beans\6.1.12\spring-beans-6.1.12.jar;C:\Users\puffo\.m2\repository\org\springframework\spring-webmvc\6.1.12\spring-webmvc-6.1.12.jar;C:\Users\puffo\.m2\repository\org\springframework\spring-aop\6.1.12\spring-aop-6.1.12.jar;C:\Users\puffo\.m2\repository\org\springframework\spring-context\6.1.12\spring-context-6.1.12.jar;C:\Users\puffo\.m2\repository\org\springframework\spring-expression\6.1.12\spring-expression-6.1.12.jar;C:\Users\puffo\.m2\repository\org\springframework\boot\spring-boot-devtools\3.3.3\spring-boot-devtools-3.3.3.jar;C:\Users\puffo\.m2\repository\org\springframework\boot\spring-boot\3.3.3\spring-boot-3.3.3.jar;C:\Users\puffo\.m2\repository\org\springframework\boot\spring-boot-autoconfigure\3.3.3\spring-boot-autoconfigure-3.3.3.jar;C:\Users\puffo\.m2\repository\org\projectlombok\lombok\1.18.34\lombok-1.18.34.jar;C:\Users\puffo\.m2\repository\org\springframework\boot\spring-boot-starter-test\3.3.3\spring-boot-starter-test-3.3.3.jar;C:\Users\puffo\.m2\repository\org\springframework\boot\spring-boot-test\3.3.3\spring-boot-test-3.3.3.jar;C:\Users\puffo\.m2\repository\org\springframework\boot\spring-boot-test-autoconfigure\3.3.3\spring-boot-test-autoconfigure-3.3.3.jar;C:\Users\puffo\.m2\repository\com\jayway\jsonpath\json-path\2.9.0\json-path-2.9.0.jar;C:\Users\puffo\.m2\repository\org\slf4j\slf4j-api\2.0.16\slf4j-api-2.0.16.jar;C:\Users\puffo\.m2\repository\jakarta\xml\bind\jakarta.xml.bind-api\4.0.2\jakarta.xml.bind-api-4.0.2.jar;C:\Users\puffo\.m2\repository\jakarta\activation\jakarta.activation-api\2.1.3\jakarta.activation-api-2.1.3.jar;C:\Users\puffo\.m2\repository\net\minidev\json-smart\2.5.1\json-smart-2.5.1.jar;C:\Users\puffo\.m2\repository\net\minidev\accessors-smart\2.5.1\accessors-smart-2.5.1.jar;C:\Users\puffo\.m2\repository\org\ow2\asm\asm\9.6\asm-9.6.jar;C:\Users\puffo\.m2\repository\org\assertj\assertj-core\3.25.3\assertj-core-3.25.3.jar;C:\Users\puffo\.m2\repository\net\bytebuddy\byte-buddy\1.14.19\byte-buddy-1.14.19.jar;C:\Users\puffo\.m2\repository\org\awaitility\awaitility\4.2.2\awaitility-4.2.2.jar;C:\Users\puffo\.m2\repository\org\junit\jupiter\junit-jupiter\5.10.3\junit-jupiter-5.10.3.jar;C:\Users\puffo\.m2\repository\org\junit\jupiter\junit-jupiter-api\5.10.3\junit-jupiter-api-5.10.3.jar;C:\Users\puffo\.m2\repository\org\opentest4j\opentest4j\1.3.0\opentest4j-1.3.0.jar;C:\Users\puffo\.m2\repository\org\junit\platform\junit-platform-commons\1.10.3\junit-platform-commons-1.10.3.jar;C:\Users\puffo\.m2\repository\org\apiguardian\apiguardian-api\1.1.2\apiguardian-api-1.1.2.jar;C:\Users\puffo\.m2\repository\org\junit\jupiter\junit-jupiter-params\5.10.3\junit-jupiter-params-5.10.3.jar;C:\Users\puffo\.m2\repository\org\junit\jupiter\junit-jupiter-engine\5.10.3\junit-jupiter-engine-5.10.3.jar;C:\Users\puffo\.m2\repository\org\junit\platform\junit-platform-engine\1.10.3\junit-platform-engine-1.10.3.jar;C:\Users\puffo\.m2\repository\org\mockito\mockito-core\5.11.0\mockito-core-5.11.0.jar;C:\Users\puffo\.m2\repository\net\bytebuddy\byte-buddy-agent\1.14.19\byte-buddy-agent-1.14.19.jar;C:\Users\puffo\.m2\repository\org\objenesis\objenesis\3.3\objenesis-3.3.jar;C:\Users\puffo\.m2\repository\org\mockito\mockito-junit-jupiter\5.11.0\mockito-junit-jupiter-5.11.0.jar;C:\Users\puffo\.m2\repository\org\skyscreamer\jsonassert\1.5.3\jsonassert-1.5.3.jar;C:\Users\puffo\.m2\repository\com\vaadin\external\google\android-json\0.0.20131108.vaadin1\android-json-0.0.20131108.vaadin1.jar;C:\Users\puffo\.m2\repository\org\springframework\spring-core\6.1.12\spring-core-6.1.12.jar;C:\Users\puffo\.m2\repository\org\springframework\spring-jcl\6.1.12\spring-jcl-6.1.12.jar;C:\Users\puffo\.m2\repository\org\springframework\spring-test\6.1.12\spring-test-6.1.12.jar;C:\Users\puffo\.m2\repository\org\xmlunit\xmlunit-core\2.9.1\xmlunit-core-2.9.1.jar;C:\Users\puffo\.m2\repository\org\springframework\boot\spring-boot-starter-data-jpa\3.3.3\spring-boot-starter-data-jpa-3.3.3.jar;C:\Users\puffo\.m2\repository\org\springframework\boot\spring-boot-starter-aop\3.3.3\spring-boot-starter-aop-3.3.3.jar;C:\Users\puffo\.m2\repository\org\aspectj\aspectjweaver\1.9.22.1\aspectjweaver-1.9.22.1.jar;C:\Users\puffo\.m2\repository\org\springframework\boot\spring-boot-starter-jdbc\3.3.3\spring-boot-starter-jdbc-3.3.3.jar;C:\Users\puffo\.m2\repository\com\zaxxer\HikariCP\5.1.0\HikariCP-5.1.0.jar;C:\Users\puffo\.m2\repository\org\springframework\spring-jdbc\6.1.12\spring-jdbc-6.1.12.jar;C:\Users\puffo\.m2\repository\org\hibernate\orm\hibernate-core\6.5.2.Final\hibernate-core-6.5.2.Final.jar;C:\Users\puffo\.m2\repository\jakarta\persistence\jakarta.persistence-api\3.1.0\jakarta.persistence-api-3.1.0.jar;C:\Users\puffo\.m2\repository\jakarta\transaction\jakarta.transaction-api\2.0.1\jakarta.transaction-api-2.0.1.jar;C:\Users\puffo\.m2\repository\org\jboss\logging\jboss-logging\3.5.3.Final\jboss-logging-3.5.3.Final.jar;C:\Users\puffo\.m2\repository\org\hibernate\common\hibernate-commons-annotations\6.0.6.Final\hibernate-commons-annotations-6.0.6.Final.jar;C:\Users\puffo\.m2\repository\io\smallrye\jandex\3.1.2\jandex-3.1.2.jar;C:\Users\puffo\.m2\repository\com\fasterxml\classmate\1.7.0\classmate-1.7.0.jar;C:\Users\puffo\.m2\repository\org\glassfish\jaxb\jaxb-runtime\4.0.5\jaxb-runtime-4.0.5.jar;C:\Users\puffo\.m2\repository\org\glassfish\jaxb\jaxb-core\4.0.5\jaxb-core-4.0.5.jar;C:\Users\puffo\.m2\repository\org\eclipse\angus\angus-activation\2.0.2\angus-activation-2.0.2.jar;C:\Users\puffo\.m2\repository\org\glassfish\jaxb\txw2\4.0.5\txw2-4.0.5.jar;C:\Users\puffo\.m2\repository\com\sun\istack\istack-commons-runtime\4.1.2\istack-commons-runtime-4.1.2.jar;C:\Users\puffo\.m2\repository\jakarta\inject\jakarta.inject-api\2.0.1\jakarta.inject-api-2.0.1.jar;C:\Users\puffo\.m2\repository\org\antlr\antlr4-runtime\4.13.0\antlr4-runtime-4.13.0.jar;C:\Users\puffo\.m2\repository\org\springframework\data\spring-data-jpa\3.3.3\spring-data-jpa-3.3.3.jar;C:\Users\puffo\.m2\repository\org\springframework\data\spring-data-commons\3.3.3\spring-data-commons-3.3.3.jar;C:\Users\puffo\.m2\repository\org\springframework\spring-orm\6.1.12\spring-orm-6.1.12.jar;C:\Users\puffo\.m2\repository\org\springframework\spring-tx\6.1.12\spring-tx-6.1.12.jar;C:\Users\puffo\.m2\repository\org\springframework\spring-aspects\6.1.12\spring-aspects-6.1.12.jar;C:\Users\puffo\.m2\repository\com\oracle\database\jdbc\ojdbc11\21.9.0.0\ojdbc11-21.9.0.0.jar;C:\Users\puffo\.m2\repository\com\oracle\database\jdbc\ucp11\21.9.0.0\ucp11-21.9.0.0.jar;C:\Users\puffo\.m2\repository\com\oracle\database\jdbc\rsi\21.9.0.0\rsi-21.9.0.0.jar;C:\Users\puffo\.m2\repository\com\oracle\database\ha\simplefan\21.9.0.0\simplefan-21.9.0.0.jar;C:\Users\puffo\.m2\repository\com\oracle\database\ha\ons\21.9.0.0\ons-21.9.0.0.jar;C:\Users\puffo\.m2\repository\com\oracle\database\nls\orai18n\21.9.0.0\orai18n-21.9.0.0.jar;C:\Users\puffo\.m2\repository\com\oracle\database\xml\xdb\21.9.0.0\xdb-21.9.0.0.jar;C:\Users\puffo\.m2\repository\com\oracle\database\xml\xmlparserv2\21.9.0.0\xmlparserv2-21.9.0.0.jar;C:\Users\puffo\.m2\repository\com\oracle\database\security\oraclepki\21.5.0.0\oraclepki-21.5.0.0.jar;C:\Users\puffo\.m2\repository\com\oracle\database\security\osdt_cert\21.5.0.0\osdt_cert-21.5.0.0.jar;C:\Users\puffo\.m2\repository\com\oracle\database\security\osdt_core\21.5.0.0\osdt_core-21.5.0.0.jar;C:\Users\puffo\.m2\repository\org\hamcrest\hamcrest\2.2\hamcrest-2.2.jar;C:\Users\puffo\.m2\repository\org\springframework\boot\spring-boot-starter-validation\3.3.3\spring-boot-starter-validation-3.3.3.jar;C:\Users\puffo\.m2\repository\org\apache\tomcat\embed\tomcat-embed-el\10.1.28\tomcat-embed-el-10.1.28.jar;C:\Users\puffo\.m2\repository\org\hibernate\validator\hibernate-validator\8.0.1.Final\hibernate-validator-8.0.1.Final.jar;C:\Users\puffo\.m2\repository\jakarta\validation\jakarta.validation-api\3.0.2\jakarta.validation-api-3.0.2.jar;C:\Users\puffo\.m2\repository\org\springframework\boot\spring-boot-starter-hateoas\3.3.3\spring-boot-starter-hateoas-3.3.3.jar;C:\Users\puffo\.m2\repository\org\springframework\hateoas\spring-hateoas\2.3.2\spring-hateoas-2.3.2.jar;C:\Users\puffo\.m2\repository\org\springframework\plugin\spring-plugin-core\3.0.0\spring-plugin-core-3.0.0.jar;"/>
    <property name="sun.cpu.endian" value="little"/>
    <property name="user.home" value="C:\Users\puffo"/>
    <property name="user.language" value="es"/>
    <property name="java.specification.vendor" value="Oracle Corporation"/>
    <property name="java.version.date" value="2024-07-16"/>
    <property name="java.home" value="C:\Program Files\Java\jdk-22"/>
    <property name="file.separator" value="\"/>
    <property name="basedir" value="C:\Users\puffo\OneDrive\Documentos\GitHub\ms-dfs-reservas"/>
    <property name="java.vm.compressedOopsMode" value="Zero based"/>
    <property name="line.separator" value="&#10;"/>
    <property name="java.vm.specification.vendor" value="Oracle Corporation"/>
    <property name="java.specification.name" value="Java Platform API Specification"/>
    <property name="FILE_LOG_CHARSET" value="UTF-8"/>
    <property name="java.awt.headless" value="true"/>
    <property name="surefire.real.class.path" value="C:\Users\puffo\AppData\Local\Temp\surefire12193602889085560697\surefirebooter-20241006230856246_3.jar"/>
    <property name="user.script" value=""/>
    <property name="sun.management.compiler" value="HotSpot 64-Bit Tiered Compilers"/>
    <property name="java.runtime.version" value="22.0.2+9-70"/>
    <property name="user.name" value="puffo"/>
    <property name="stdout.encoding" value="Cp1252"/>
    <property name="path.separator" value=";"/>
    <property name="os.version" value="10.0"/>
    <property name="java.runtime.name" value="Java(TM) SE Runtime Environment"/>
    <property name="file.encoding" value="UTF-8"/>
    <property name="java.vm.name" value="Java HotSpot(TM) 64-Bit Server VM"/>
    <property name="localRepository" value="C:\Users\puffo\.m2\repository"/>
    <property name="java.vendor.url.bug" value="https://bugreport.java.com/bugreport/"/>
    <property name="java.io.tmpdir" value="C:\Users\puffo\AppData\Local\Temp\"/>
    <property name="com.zaxxer.hikari.pool_number" value="2"/>
    <property name="java.version" value="22.0.2"/>
    <property name="user.dir" value="C:\Users\puffo\OneDrive\Documentos\GitHub\ms-dfs-reservas"/>
    <property name="os.arch" value="amd64"/>
    <property name="java.vm.specification.name" value="Java Virtual Machine Specification"/>
    <property name="PID" value="13228"/>
    <property name="sun.os.patch.level" value=""/>
    <property name="CONSOLE_LOG_CHARSET" value="UTF-8"/>
    <property name="native.encoding" value="Cp1252"/>
    <property name="java.library.path" value="C:\Program Files\Java\jdk-22\bin;C:\Windows\Sun\Java\bin;C:\Windows\system32;C:\Windows;C:\Program Files\Common Files\Oracle\Java\javapath;C:\Maven\bin;C:\Windows\system32;C:\Windows;C:\Windows\System32\Wbem;C:\Windows\System32\WindowsPowerShell\v1.0\;C:\Windows\System32\OpenSSH\;C:\Program Files\NVIDIA Corporation\NVIDIA NvDLISR;C:\Program Files (x86)\NVIDIA Corporation\PhysX\Common;C:\Program Files\Git\cmd;C:\Program Files\Docker\Docker\resources\bin;C:\Users\puffo\AppData\Local\Microsoft\WindowsApps;C:\Users\puffo\AppData\Local\Programs\Microsoft VS Code\bin;C:\Users\puffo\AppData\Local\GitHubDesktop\bin;."/>
    <property name="java.vm.info" value="mixed mode, sharing"/>
    <property name="stderr.encoding" value="Cp1252"/>
    <property name="java.vendor" value="Oracle Corporation"/>
    <property name="java.vm.version" value="22.0.2+9-70"/>
    <property name="sun.io.unicode.encoding" value="UnicodeLittle"/>
    <property name="java.class.version" value="66.0"/>
    <property name="LOGGED_APPLICATION_NAME" value="[ms-dfs-reservas] "/>
  </properties>
  <testcase name="testSaveCita" classname="dfs.s3.ms_dfs_reservas.repository.CitaRepositoryTest" time="0.138">
    <system-out><![CDATA[2024-10-06T23:09:03.450-03:00 DEBUG 13228 --- [ms-dfs-reservas] [           main] b.t.a.o.j.DataJpaTestContextBootstrapper : Neither @ContextConfiguration nor @ContextHierarchy found for test class [CitaRepositoryTest]: using SpringBootContextLoader
2024-10-06T23:09:03.450-03:00 DEBUG 13228 --- [ms-dfs-reservas] [           main] o.s.t.c.support.AbstractContextLoader    : Could not detect default resource locations for test class [dfs.s3.ms_dfs_reservas.repository.CitaRepositoryTest]: no resource found for suffixes {-context.xml, Context.groovy}.
2024-10-06T23:09:03.450-03:00  INFO 13228 --- [ms-dfs-reservas] [           main] t.c.s.AnnotationConfigContextLoaderUtils : Could not detect default configuration classes for test class [dfs.s3.ms_dfs_reservas.repository.CitaRepositoryTest]: CitaRepositoryTest does not declare any static, non-private, non-final, nested classes annotated with @Configuration.
2024-10-06T23:09:03.451-03:00 DEBUG 13228 --- [ms-dfs-reservas] [           main] b.t.a.o.j.DataJpaTestContextBootstrapper : Using ContextCustomizerFactory implementations for test class [CitaRepositoryTest]: [ImportsContextCustomizerFactory, ExcludeFilterContextCustomizerFactory, HttpGraphQlTesterContextCustomizerFactory, DuplicateJsonObjectContextCustomizerFactory, MockitoContextCustomizerFactory, TestRestTemplateContextCustomizerFactory, WebTestClientContextCustomizerFactory, DisableReactorResourceFactoryGlobalResourcesContextCustomizerFactory, OverrideAutoConfigurationContextCustomizerFactory, ObservabilityContextCustomizerFactory, TypeExcludeFiltersContextCustomizerFactory, PropertyMappingContextCustomizerFactory, WebDriverContextCustomizerFactory, MockServerContainerContextCustomizerFactory, DynamicPropertiesContextCustomizerFactory]
2024-10-06T23:09:03.459-03:00 DEBUG 13228 --- [ms-dfs-reservas] [           main] b.t.a.o.j.DataJpaTestContextBootstrapper : Using ContextCustomizers for test class [CitaRepositoryTest]: [ImportsContextCustomizer, ExcludeFilterContextCustomizer, DuplicateJsonObjectContextCustomizer, MockitoContextCustomizer, DisableReactorResourceFactoryGlobalResourcesContextCustomizerCustomizer, DisableAutoConfigurationContextCustomizer, DisableObservabilityContextCustomizer, TypeExcludeFiltersContextCustomizer, PropertyMappingContextCustomizer, WebDriverContextCustomizer]
2024-10-06T23:09:03.464-03:00 DEBUG 13228 --- [ms-dfs-reservas] [           main] ssPathScanningCandidateComponentProvider : Identified candidate component class: file [C:\Users\puffo\OneDrive\Documentos\GitHub\ms-dfs-reservas\target\classes\dfs\s3\ms_dfs_reservas\ReservasApplication.class]
2024-10-06T23:09:03.464-03:00  INFO 13228 --- [ms-dfs-reservas] [           main] .b.t.c.SpringBootTestContextBootstrapper : Found @SpringBootConfiguration dfs.s3.ms_dfs_reservas.ReservasApplication for test class dfs.s3.ms_dfs_reservas.repository.CitaRepositoryTest
2024-10-06T23:09:03.464-03:00 DEBUG 13228 --- [ms-dfs-reservas] [           main] .s.t.c.u.TestContextSpringFactoriesUtils : Skipping candidate TestExecutionListener [org.springframework.test.context.observation.MicrometerObservationRegistryTestExecutionListener] due to a missing dependency. Specify custom TestExecutionListener classes or make the default TestExecutionListener classes and their required dependencies available. Offending class: io.micrometer.context.ThreadLocalAccessor. MicrometerObservationRegistryTestExecutionListener requires io.micrometer:micrometer-observation:1.10.8 or higher and io.micrometer:context-propagation:1.0.3 or higher.
2024-10-06T23:09:03.464-03:00 DEBUG 13228 --- [ms-dfs-reservas] [           main] b.t.a.o.j.DataJpaTestContextBootstrapper : Using TestExecutionListeners for test class [CitaRepositoryTest]: [ServletTestExecutionListener, DirtiesContextBeforeModesTestExecutionListener, ApplicationEventsTestExecutionListener, MockitoTestExecutionListener, DependencyInjectionTestExecutionListener, DirtiesContextTestExecutionListener, TransactionalTestExecutionListener, SqlScriptsTestExecutionListener, EventPublishingTestExecutionListener, ResetMocksTestExecutionListener, RestDocsTestExecutionListener, MockRestServiceServerResetTestExecutionListener, MockMvcPrintOnlyOnFailureTestExecutionListener, WebDriverTestExecutionListener, MockWebServiceServerTestExecutionListener]
2024-10-06T23:09:03.464-03:00 DEBUG 13228 --- [ms-dfs-reservas] [           main] sContextBeforeModesTestExecutionListener : Before test class: class [CitaRepositoryTest], class annotated with @DirtiesContext [false] with mode [null]
2024-10-06T23:09:03.465-03:00 DEBUG 13228 --- [ms-dfs-reservas] [           main] DependencyInjectionTestExecutionListener : Performing dependency injection for test class dfs.s3.ms_dfs_reservas.repository.CitaRepositoryTest
2024-10-06T23:09:03.467-03:00  INFO 13228 --- [ms-dfs-reservas] [           main] o.s.b.d.r.RestartApplicationListener     : Restart disabled due to context in which it is running
2024-10-06T23:09:03.479-03:00 DEBUG 13228 --- [ms-dfs-reservas] [           main] o.s.boot.ApplicationEnvironment          : Activating profiles []
2024-10-06T23:09:03.481-03:00 DEBUG 13228 --- [ms-dfs-reservas] [           main] o.s.c.e.PropertySourcesPropertyResolver  : Found key 'spring.application.name' in PropertySource 'configurationProperties' with value of type String

  .   ____          _            __ _ _
 /\\ / ___'_ __ _ _(_)_ __  __ _ \ \ \ \
( ( )\___ | '_ | '_| | '_ \/ _` | \ \ \ \
 \\/  ___)| |_)| | | | | || (_| |  ) ) ) )
  '  |____| .__|_| |_|_| |_\__, | / / / /
 =========|_|==============|___/=/_/_/_/

 :: Spring Boot ::                (v3.3.3)

2024-10-06T23:09:03.489-03:00  INFO 13228 --- [ms-dfs-reservas] [           main] d.s.m.repository.CitaRepositoryTest      : Starting CitaRepositoryTest using Java 22.0.2 with PID 13228 (started by puffo in C:\Users\puffo\OneDrive\Documentos\GitHub\ms-dfs-reservas)
2024-10-06T23:09:03.489-03:00  INFO 13228 --- [ms-dfs-reservas] [           main] d.s.m.repository.CitaRepositoryTest      : No active profile set, falling back to 1 default profile: "default"
2024-10-06T23:09:03.489-03:00 DEBUG 13228 --- [ms-dfs-reservas] [           main] o.s.boot.SpringApplication               : Loading source class dfs.s3.ms_dfs_reservas.ReservasApplication
2024-10-06T23:09:03.491-03:00 DEBUG 13228 --- [ms-dfs-reservas] [           main] s.c.a.AnnotationConfigApplicationContext : Refreshing org.springframework.context.annotation.AnnotationConfigApplicationContext@634de03e
2024-10-06T23:09:03.491-03:00 DEBUG 13228 --- [ms-dfs-reservas] [           main] o.s.b.f.s.DefaultListableBeanFactory     : Creating shared instance of singleton bean 'org.springframework.context.annotation.internalConfigurationAnnotationProcessor'
2024-10-06T23:09:03.491-03:00 DEBUG 13228 --- [ms-dfs-reservas] [           main] o.s.b.f.s.DefaultListableBeanFactory     : Creating shared instance of singleton bean 'org.springframework.boot.autoconfigure.internalCachingMetadataReaderFactory'
2024-10-06T23:09:03.547-03:00  INFO 13228 --- [ms-dfs-reservas] [           main] .s.d.r.c.RepositoryConfigurationDelegate : Bootstrapping Spring Data JPA repositories in DEFAULT mode.
2024-10-06T23:09:03.547-03:00 DEBUG 13228 --- [ms-dfs-reservas] [           main] o.s.b.f.s.DefaultListableBeanFactory     : Creating shared instance of singleton bean 'org.springframework.boot.autoconfigure.AutoConfigurationPackages'
2024-10-06T23:09:03.547-03:00 DEBUG 13228 --- [ms-dfs-reservas] [           main] o.s.b.a.AutoConfigurationPackages        : @EnableAutoConfiguration was declared on a class in the package 'dfs.s3.ms_dfs_reservas'. Automatic @Repository and @Entity scanning is enabled.
2024-10-06T23:09:03.547-03:00 DEBUG 13228 --- [ms-dfs-reservas] [           main] .s.d.r.c.RepositoryConfigurationDelegate : Scanning for JPA repositories in packages dfs.s3.ms_dfs_reservas.
2024-10-06T23:09:03.550-03:00 DEBUG 13228 --- [ms-dfs-reservas] [           main] o.s.d.r.c.RepositoryComponentProvider    : Identified candidate component class: file [C:\Users\puffo\OneDrive\Documentos\GitHub\ms-dfs-reservas\target\classes\dfs\s3\ms_dfs_reservas\repository\CitaRepository.class]
2024-10-06T23:09:03.552-03:00 DEBUG 13228 --- [ms-dfs-reservas] [           main] ssPathScanningCandidateComponentProvider : Identified candidate component class: file [C:\Users\puffo\OneDrive\Documentos\GitHub\ms-dfs-reservas\target\classes\dfs\s3\ms_dfs_reservas\service\CitaServiceImpl.class]
2024-10-06T23:09:03.553-03:00  INFO 13228 --- [ms-dfs-reservas] [           main] .s.d.r.c.RepositoryConfigurationDelegate : Finished Spring Data repository scanning in 5 ms. Found 1 JPA repository interface.
2024-10-06T23:09:03.559-03:00 DEBUG 13228 --- [ms-dfs-reservas] [           main] o.s.b.f.s.DefaultListableBeanFactory     : Creating shared instance of singleton bean 'org.springframework.boot.test.context.ImportsContextCustomizer$ImportsCleanupPostProcessor'
2024-10-06T23:09:03.559-03:00 DEBUG 13228 --- [ms-dfs-reservas] [           main] o.s.b.f.s.DefaultListableBeanFactory     : Creating shared instance of singleton bean 'org.springframework.boot.test.mock.mockito.MockitoPostProcessor'
2024-10-06T23:09:03.560-03:00 DEBUG 13228 --- [ms-dfs-reservas] [           main] o.s.b.f.s.DefaultListableBeanFactory     : Creating shared instance of singleton bean 'emBeanDefinitionRegistrarPostProcessor'
2024-10-06T23:09:03.560-03:00 DEBUG 13228 --- [ms-dfs-reservas] [           main] o.s.b.f.s.DefaultListableBeanFactory     : Creating shared instance of singleton bean 'org.springframework.boot.sql.init.dependency.DatabaseInitializationDependencyConfigurer$DependsOnDatabaseInitializationPostProcessor'
2024-10-06T23:09:03.561-03:00 DEBUG 13228 --- [ms-dfs-reservas] [           main] o.s.b.f.s.DefaultListableBeanFactory     : Creating shared instance of singleton bean 'org.springframework.context.event.internalEventListenerProcessor'
2024-10-06T23:09:03.561-03:00 DEBUG 13228 --- [ms-dfs-reservas] [           main] o.s.b.f.s.DefaultListableBeanFactory     : Creating shared instance of singleton bean 'org.springframework.context.event.internalEventListenerFactory'
2024-10-06T23:09:03.561-03:00 DEBUG 13228 --- [ms-dfs-reservas] [           main] o.s.b.f.s.DefaultListableBeanFactory     : Creating shared instance of singleton bean 'org.springframework.transaction.config.internalTransactionalEventListenerFactory'
2024-10-06T23:09:03.562-03:00 DEBUG 13228 --- [ms-dfs-reservas] [           main] o.s.b.f.s.DefaultListableBeanFactory     : Creating shared instance of singleton bean 'org.springframework.context.annotation.internalAutowiredAnnotationProcessor'
2024-10-06T23:09:03.562-03:00 DEBUG 13228 --- [ms-dfs-reservas] [           main] o.s.b.f.s.DefaultListableBeanFactory     : Creating shared instance of singleton bean 'org.springframework.context.annotation.internalCommonAnnotationProcessor'
2024-10-06T23:09:03.562-03:00 DEBUG 13228 --- [ms-dfs-reservas] [           main] o.s.b.f.s.DefaultListableBeanFactory     : Creating shared instance of singleton bean 'org.springframework.context.annotation.internalPersistenceAnnotationProcessor'
2024-10-06T23:09:03.562-03:00 DEBUG 13228 --- [ms-dfs-reservas] [           main] o.s.b.f.s.DefaultListableBeanFactory     : Creating shared instance of singleton bean 'org.springframework.boot.test.mock.mockito.MockitoPostProcessor$SpyPostProcessor'
2024-10-06T23:09:03.563-03:00 DEBUG 13228 --- [ms-dfs-reservas] [           main] o.s.b.f.s.DefaultListableBeanFactory     : Creating shared instance of singleton bean 'jdbcConnectionDetailsHikariBeanPostProcessor'
2024-10-06T23:09:03.563-03:00 DEBUG 13228 --- [ms-dfs-reservas] [           main] o.s.b.f.s.DefaultListableBeanFactory     : Creating shared instance of singleton bean 'org.springframework.boot.context.properties.ConfigurationPropertiesBindingPostProcessor'
2024-10-06T23:09:03.563-03:00 DEBUG 13228 --- [ms-dfs-reservas] [           main] o.s.b.f.s.DefaultListableBeanFactory     : Creating shared instance of singleton bean 'org.springframework.boot.context.internalConfigurationPropertiesBinder'
2024-10-06T23:09:03.563-03:00 DEBUG 13228 --- [ms-dfs-reservas] [           main] o.s.b.f.s.DefaultListableBeanFactory     : Creating shared instance of singleton bean 'org.springframework.aop.config.internalAutoProxyCreator'
2024-10-06T23:09:03.566-03:00 DEBUG 13228 --- [ms-dfs-reservas] [           main] o.s.b.f.s.DefaultListableBeanFactory     : Creating shared instance of singleton bean 'dataSourceScriptDatabaseInitializer'
2024-10-06T23:09:03.566-03:00 DEBUG 13228 --- [ms-dfs-reservas] [           main] o.s.b.f.s.DefaultListableBeanFactory     : Creating shared instance of singleton bean 'org.springframework.boot.autoconfigure.sql.init.DataSourceInitializationConfiguration'
2024-10-06T23:09:03.566-03:00 DEBUG 13228 --- [ms-dfs-reservas] [           main] o.s.b.f.s.DefaultListableBeanFactory     : Creating shared instance of singleton bean 'org.springframework.transaction.config.internalTransactionAdvisor'
2024-10-06T23:09:03.566-03:00 DEBUG 13228 --- [ms-dfs-reservas] [           main] o.s.b.f.s.DefaultListableBeanFactory     : Creating shared instance of singleton bean 'org.springframework.transaction.annotation.ProxyTransactionManagementConfiguration'
2024-10-06T23:09:03.568-03:00 DEBUG 13228 --- [ms-dfs-reservas] [           main] o.s.b.f.s.DefaultListableBeanFactory     : Creating shared instance of singleton bean 'transactionAttributeSource'
2024-10-06T23:09:03.568-03:00 DEBUG 13228 --- [ms-dfs-reservas] [           main] o.s.b.f.s.DefaultListableBeanFactory     : Creating shared instance of singleton bean 'transactionInterceptor'
2024-10-06T23:09:03.568-03:00 DEBUG 13228 --- [ms-dfs-reservas] [           main] o.s.b.f.s.DefaultListableBeanFactory     : Autowiring by type from bean name 'transactionInterceptor' via factory method to bean named 'transactionAttributeSource'
2024-10-06T23:09:03.568-03:00 DEBUG 13228 --- [ms-dfs-reservas] [           main] o.s.b.f.s.DefaultListableBeanFactory     : Autowiring by type from bean name 'org.springframework.transaction.config.internalTransactionAdvisor' via factory method to bean named 'transactionAttributeSource'
2024-10-06T23:09:03.568-03:00 DEBUG 13228 --- [ms-dfs-reservas] [           main] o.s.b.f.s.DefaultListableBeanFactory     : Autowiring by type from bean name 'org.springframework.transaction.config.internalTransactionAdvisor' via factory method to bean named 'transactionInterceptor'
2024-10-06T23:09:03.570-03:00 DEBUG 13228 --- [ms-dfs-reservas] [           main] o.s.b.f.s.DefaultListableBeanFactory     : Creating shared instance of singleton bean 'dataSource'
2024-10-06T23:09:03.570-03:00 DEBUG 13228 --- [ms-dfs-reservas] [           main] o.s.b.f.s.DefaultListableBeanFactory     : Creating shared instance of singleton bean 'org.springframework.boot.autoconfigure.jdbc.DataSourceConfiguration$Hikari'
2024-10-06T23:09:03.571-03:00 DEBUG 13228 --- [ms-dfs-reservas] [           main] o.s.b.f.s.DefaultListableBeanFactory     : Creating shared instance of singleton bean 'spring.datasource-org.springframework.boot.autoconfigure.jdbc.DataSourceProperties'
2024-10-06T23:09:03.571-03:00 DEBUG 13228 --- [ms-dfs-reservas] [           main] o.s.b.f.s.DefaultListableBeanFactory     : Creating shared instance of singleton bean 'org.springframework.boot.context.properties.BoundConfigurationProperties'
2024-10-06T23:09:03.574-03:00 DEBUG 13228 --- [ms-dfs-reservas] [           main] o.s.b.f.s.DefaultListableBeanFactory     : Creating shared instance of singleton bean 'jdbcConnectionDetails'
2024-10-06T23:09:03.574-03:00 DEBUG 13228 --- [ms-dfs-reservas] [           main] o.s.b.f.s.DefaultListableBeanFactory     : Creating shared instance of singleton bean 'org.springframework.boot.autoconfigure.jdbc.DataSourceAutoConfiguration$PooledDataSourceConfiguration'
2024-10-06T23:09:03.575-03:00 DEBUG 13228 --- [ms-dfs-reservas] [           main] o.s.b.f.s.DefaultListableBeanFactory     : Autowiring by type from bean name 'jdbcConnectionDetails' via factory method to bean named 'spring.datasource-org.springframework.boot.autoconfigure.jdbc.DataSourceProperties'
2024-10-06T23:09:03.575-03:00 DEBUG 13228 --- [ms-dfs-reservas] [           main] o.s.b.f.s.DefaultListableBeanFactory     : Autowiring by type from bean name 'dataSource' via factory method to bean named 'spring.datasource-org.springframework.boot.autoconfigure.jdbc.DataSourceProperties'
2024-10-06T23:09:03.575-03:00 DEBUG 13228 --- [ms-dfs-reservas] [           main] o.s.b.f.s.DefaultListableBeanFactory     : Autowiring by type from bean name 'dataSource' via factory method to bean named 'jdbcConnectionDetails'
2024-10-06T23:09:03.580-03:00 DEBUG 13228 --- [ms-dfs-reservas] [           main] o.s.b.f.s.DefaultListableBeanFactory     : Creating shared instance of singleton bean 'spring.sql.init-org.springframework.boot.autoconfigure.sql.init.SqlInitializationProperties'
2024-10-06T23:09:03.581-03:00 DEBUG 13228 --- [ms-dfs-reservas] [           main] o.s.b.f.s.DefaultListableBeanFactory     : Autowiring by type from bean name 'dataSourceScriptDatabaseInitializer' via factory method to bean named 'dataSource'
2024-10-06T23:09:03.581-03:00 DEBUG 13228 --- [ms-dfs-reservas] [           main] o.s.b.f.s.DefaultListableBeanFactory     : Autowiring by type from bean name 'dataSourceScriptDatabaseInitializer' via factory method to bean named 'spring.sql.init-org.springframework.boot.autoconfigure.sql.init.SqlInitializationProperties'
2024-10-06T23:09:03.581-03:00 DEBUG 13228 --- [ms-dfs-reservas] [           main] o.s.b.f.s.DefaultListableBeanFactory     : Creating shared instance of singleton bean 'entityManagerFactory'
2024-10-06T23:09:03.581-03:00 DEBUG 13228 --- [ms-dfs-reservas] [           main] o.s.b.f.s.DefaultListableBeanFactory     : Creating shared instance of singleton bean 'org.springframework.boot.autoconfigure.orm.jpa.HibernateJpaConfiguration'
2024-10-06T23:09:03.582-03:00 DEBUG 13228 --- [ms-dfs-reservas] [           main] o.s.b.f.s.DefaultListableBeanFactory     : Creating shared instance of singleton bean 'spring.jpa-org.springframework.boot.autoconfigure.orm.jpa.JpaProperties'
2024-10-06T23:09:03.583-03:00 DEBUG 13228 --- [ms-dfs-reservas] [           main] o.s.b.f.s.DefaultListableBeanFactory     : Creating shared instance of singleton bean 'spring.jpa.hibernate-org.springframework.boot.autoconfigure.orm.jpa.HibernateProperties'
2024-10-06T23:09:03.584-03:00 DEBUG 13228 --- [ms-dfs-reservas] [           main] o.s.b.f.s.DefaultListableBeanFactory     : Autowiring by type from bean name 'org.springframework.boot.autoconfigure.orm.jpa.HibernateJpaConfiguration' via constructor to bean named 'dataSource'
2024-10-06T23:09:03.584-03:00 DEBUG 13228 --- [ms-dfs-reservas] [           main] o.s.b.f.s.DefaultListableBeanFactory     : Autowiring by type from bean name 'org.springframework.boot.autoconfigure.orm.jpa.HibernateJpaConfiguration' via constructor to bean named 'spring.jpa-org.springframework.boot.autoconfigure.orm.jpa.JpaProperties'
2024-10-06T23:09:03.584-03:00 DEBUG 13228 --- [ms-dfs-reservas] [           main] o.s.b.f.s.DefaultListableBeanFactory     : Autowiring by type from bean name 'org.springframework.boot.autoconfigure.orm.jpa.HibernateJpaConfiguration' via constructor to bean named 'org.springframework.beans.factory.support.DefaultListableBeanFactory@1de7c0ad'
2024-10-06T23:09:03.584-03:00 DEBUG 13228 --- [ms-dfs-reservas] [           main] o.s.b.f.s.DefaultListableBeanFactory     : Autowiring by type from bean name 'org.springframework.boot.autoconfigure.orm.jpa.HibernateJpaConfiguration' via constructor to bean named 'spring.jpa.hibernate-org.springframework.boot.autoconfigure.orm.jpa.HibernateProperties'
2024-10-06T23:09:03.584-03:00 DEBUG 13228 --- [ms-dfs-reservas] [           main] o.s.b.f.s.DefaultListableBeanFactory     : Creating shared instance of singleton bean 'oracleUcpPoolDataSourceMetadataProvider'
2024-10-06T23:09:03.584-03:00 DEBUG 13228 --- [ms-dfs-reservas] [           main] o.s.b.f.s.DefaultListableBeanFactory     : Creating shared instance of singleton bean 'org.springframework.boot.autoconfigure.jdbc.metadata.DataSourcePoolMetadataProvidersConfiguration$OracleUcpPoolDataSourceMetadataProviderConfiguration'
2024-10-06T23:09:03.584-03:00 DEBUG 13228 --- [ms-dfs-reservas] [           main] o.s.b.f.s.DefaultListableBeanFactory     : Creating shared instance of singleton bean 'hikariPoolDataSourceMetadataProvider'
2024-10-06T23:09:03.584-03:00 DEBUG 13228 --- [ms-dfs-reservas] [           main] o.s.b.f.s.DefaultListableBeanFactory     : Creating shared instance of singleton bean 'org.springframework.boot.autoconfigure.jdbc.metadata.DataSourcePoolMetadataProvidersConfiguration$HikariPoolDataSourceMetadataProviderConfiguration'
2024-10-06T23:09:03.585-03:00 DEBUG 13228 --- [ms-dfs-reservas] [           main] o.s.b.f.s.DefaultListableBeanFactory     : Creating shared instance of singleton bean 'entityManagerFactoryBuilder'
2024-10-06T23:09:03.585-03:00 DEBUG 13228 --- [ms-dfs-reservas] [           main] o.s.b.f.s.DefaultListableBeanFactory     : Creating shared instance of singleton bean 'jpaVendorAdapter'
2024-10-06T23:09:03.586-03:00 DEBUG 13228 --- [ms-dfs-reservas] [           main] o.s.b.f.s.DefaultListableBeanFactory     : Autowiring by type from bean name 'entityManagerFactoryBuilder' via factory method to bean named 'jpaVendorAdapter'
2024-10-06T23:09:03.586-03:00 DEBUG 13228 --- [ms-dfs-reservas] [           main] o.s.b.f.s.DefaultListableBeanFactory     : Creating shared instance of singleton bean 'persistenceManagedTypes'
2024-10-06T23:09:03.586-03:00 DEBUG 13228 --- [ms-dfs-reservas] [           main] o.s.b.f.s.DefaultListableBeanFactory     : Autowiring by type from bean name 'persistenceManagedTypes' via factory method to bean named 'org.springframework.beans.factory.support.DefaultListableBeanFactory@1de7c0ad'
2024-10-06T23:09:03.586-03:00 DEBUG 13228 --- [ms-dfs-reservas] [           main] o.s.b.f.s.DefaultListableBeanFactory     : Autowiring by type from bean name 'persistenceManagedTypes' via factory method to bean named 'org.springframework.context.annotation.AnnotationConfigApplicationContext@634de03e'
2024-10-06T23:09:03.588-03:00 DEBUG 13228 --- [ms-dfs-reservas] [           main] o.s.b.f.s.DefaultListableBeanFactory     : Autowiring by type from bean name 'entityManagerFactory' via factory method to bean named 'entityManagerFactoryBuilder'
2024-10-06T23:09:03.588-03:00 DEBUG 13228 --- [ms-dfs-reservas] [           main] o.s.b.f.s.DefaultListableBeanFactory     : Autowiring by type from bean name 'entityManagerFactory' via factory method to bean named 'persistenceManagedTypes'
2024-10-06T23:09:03.588-03:00 DEBUG 13228 --- [ms-dfs-reservas] [           main] j.LocalContainerEntityManagerFactoryBean : Building JPA container EntityManagerFactory for persistence unit 'default'
2024-10-06T23:09:03.588-03:00 DEBUG 13228 --- [ms-dfs-reservas] [           main] o.hibernate.jpa.internal.util.LogHelper  : PersistenceUnitInfo [
	name: default
	persistence provider classname: null
	classloader: jdk.internal.loader.ClassLoaders$AppClassLoader@70dea4e
	excludeUnlistedClasses: true
	JTA datasource: null
	Non JTA datasource: HikariDataSource (null)
	Transaction type: RESOURCE_LOCAL
	PU root URL: file:/C:/Users/puffo/OneDrive/Documentos/GitHub/ms-dfs-reservas/target/test-classes/
	Shared Cache Mode: UNSPECIFIED
	Validation Mode: AUTO
	Jar files URLs []
	Managed classes names [
		dfs.s3.ms_dfs_reservas.model.Cita]
	Mapping files names []
	Properties []
2024-10-06T23:09:03.588-03:00 DEBUG 13228 --- [ms-dfs-reservas] [           main] o.h.i.internal.IntegratorServiceImpl     : Adding Integrator [org.hibernate.boot.beanvalidation.BeanValidationIntegrator].
2024-10-06T23:09:03.588-03:00 DEBUG 13228 --- [ms-dfs-reservas] [           main] o.h.i.internal.IntegratorServiceImpl     : Adding Integrator [org.hibernate.cache.internal.CollectionCacheInvalidator].
2024-10-06T23:09:03.590-03:00 DEBUG 13228 --- [ms-dfs-reservas] [           main] org.hibernate.orm.idgen.factory          : Registering IdentifierGenerator strategy [uuid2] -> [org.hibernate.id.UUIDGenerator]
2024-10-06T23:09:03.590-03:00 DEBUG 13228 --- [ms-dfs-reservas] [           main] org.hibernate.orm.idgen.factory          : Registering IdentifierGenerator strategy [guid] -> [org.hibernate.id.GUIDGenerator]
2024-10-06T23:09:03.590-03:00 DEBUG 13228 --- [ms-dfs-reservas] [           main] org.hibernate.orm.idgen.factory          : Registering IdentifierGenerator strategy [uuid] -> [org.hibernate.id.UUIDHexGenerator]
2024-10-06T23:09:03.590-03:00 DEBUG 13228 --- [ms-dfs-reservas] [           main] org.hibernate.orm.idgen.factory          : Registering IdentifierGenerator strategy [uuid.hex] -> [org.hibernate.id.UUIDHexGenerator]
2024-10-06T23:09:03.590-03:00 DEBUG 13228 --- [ms-dfs-reservas] [           main] org.hibernate.orm.idgen.factory          : Registering IdentifierGenerator strategy [assigned] -> [org.hibernate.id.Assigned]
2024-10-06T23:09:03.590-03:00 DEBUG 13228 --- [ms-dfs-reservas] [           main] org.hibernate.orm.idgen.factory          : Registering IdentifierGenerator strategy [identity] -> [org.hibernate.id.IdentityGenerator]
2024-10-06T23:09:03.590-03:00 DEBUG 13228 --- [ms-dfs-reservas] [           main] org.hibernate.orm.idgen.factory          : Registering IdentifierGenerator strategy [select] -> [org.hibernate.id.SelectGenerator]
2024-10-06T23:09:03.590-03:00 DEBUG 13228 --- [ms-dfs-reservas] [           main] org.hibernate.orm.idgen.factory          : Registering IdentifierGenerator strategy [sequence] -> [org.hibernate.id.enhanced.SequenceStyleGenerator]
2024-10-06T23:09:03.590-03:00 DEBUG 13228 --- [ms-dfs-reservas] [           main] org.hibernate.orm.idgen.factory          : Registering IdentifierGenerator strategy [increment] -> [org.hibernate.id.IncrementGenerator]
2024-10-06T23:09:03.590-03:00 DEBUG 13228 --- [ms-dfs-reservas] [           main] org.hibernate.orm.idgen.factory          : Registering IdentifierGenerator strategy [foreign] -> [org.hibernate.id.ForeignGenerator]
2024-10-06T23:09:03.590-03:00 DEBUG 13228 --- [ms-dfs-reservas] [           main] org.hibernate.orm.idgen.factory          : Registering IdentifierGenerator strategy [enhanced-sequence] -> [org.hibernate.id.enhanced.SequenceStyleGenerator]
2024-10-06T23:09:03.590-03:00 DEBUG 13228 --- [ms-dfs-reservas] [           main] org.hibernate.orm.idgen.factory          : Registering IdentifierGenerator strategy [enhanced-table] -> [org.hibernate.id.enhanced.TableGenerator]
2024-10-06T23:09:03.591-03:00 DEBUG 13228 --- [ms-dfs-reservas] [           main] o.h.c.internal.RegionFactoryInitiator    : Cannot default RegionFactory based on registered strategies as `[]` RegionFactory strategies were registered
2024-10-06T23:09:03.591-03:00  INFO 13228 --- [ms-dfs-reservas] [           main] o.h.c.internal.RegionFactoryInitiator    : HHH000026: Second-level cache disabled
2024-10-06T23:09:03.591-03:00 DEBUG 13228 --- [ms-dfs-reservas] [           main] org.hibernate.type.BasicTypeRegistry     : Adding type registration boolean -> org.hibernate.type.BasicTypeReference@8942ece
2024-10-06T23:09:03.591-03:00 DEBUG 13228 --- [ms-dfs-reservas] [           main] org.hibernate.type.BasicTypeRegistry     : Adding type registration boolean -> org.hibernate.type.BasicTypeReference@8942ece
2024-10-06T23:09:03.591-03:00 DEBUG 13228 --- [ms-dfs-reservas] [           main] org.hibernate.type.BasicTypeRegistry     : Adding type registration java.lang.Boolean -> org.hibernate.type.BasicTypeReference@8942ece
2024-10-06T23:09:03.591-03:00 DEBUG 13228 --- [ms-dfs-reservas] [           main] org.hibernate.type.BasicTypeRegistry     : Adding type registration numeric_boolean -> org.hibernate.type.BasicTypeReference@3a89226e
2024-10-06T23:09:03.591-03:00 DEBUG 13228 --- [ms-dfs-reservas] [           main] org.hibernate.type.BasicTypeRegistry     : Adding type registration org.hibernate.type.NumericBooleanConverter -> org.hibernate.type.BasicTypeReference@3a89226e
2024-10-06T23:09:03.591-03:00 DEBUG 13228 --- [ms-dfs-reservas] [           main] org.hibernate.type.BasicTypeRegistry     : Adding type registration true_false -> org.hibernate.type.BasicTypeReference@15254569
2024-10-06T23:09:03.591-03:00 DEBUG 13228 --- [ms-dfs-reservas] [           main] org.hibernate.type.BasicTypeRegistry     : Adding type registration org.hibernate.type.TrueFalseConverter -> org.hibernate.type.BasicTypeReference@15254569
2024-10-06T23:09:03.591-03:00 DEBUG 13228 --- [ms-dfs-reservas] [           main] org.hibernate.type.BasicTypeRegistry     : Adding type registration yes_no -> org.hibernate.type.BasicTypeReference@1390a415
2024-10-06T23:09:03.591-03:00 DEBUG 13228 --- [ms-dfs-reservas] [           main] org.hibernate.type.BasicTypeRegistry     : Adding type registration org.hibernate.type.YesNoConverter -> org.hibernate.type.BasicTypeReference@1390a415
2024-10-06T23:09:03.591-03:00 DEBUG 13228 --- [ms-dfs-reservas] [           main] org.hibernate.type.BasicTypeRegistry     : Adding type registration byte -> org.hibernate.type.BasicTypeReference@3a5b1af7
2024-10-06T23:09:03.591-03:00 DEBUG 13228 --- [ms-dfs-reservas] [           main] org.hibernate.type.BasicTypeRegistry     : Adding type registration byte -> org.hibernate.type.BasicTypeReference@3a5b1af7
2024-10-06T23:09:03.591-03:00 DEBUG 13228 --- [ms-dfs-reservas] [           main] org.hibernate.type.BasicTypeRegistry     : Adding type registration java.lang.Byte -> org.hibernate.type.BasicTypeReference@3a5b1af7
2024-10-06T23:09:03.591-03:00 DEBUG 13228 --- [ms-dfs-reservas] [           main] org.hibernate.type.BasicTypeRegistry     : Adding type registration binary -> org.hibernate.type.BasicTypeReference@4932d580
2024-10-06T23:09:03.591-03:00 DEBUG 13228 --- [ms-dfs-reservas] [           main] org.hibernate.type.BasicTypeRegistry     : Adding type registration byte[] -> org.hibernate.type.BasicTypeReference@4932d580
2024-10-06T23:09:03.591-03:00 DEBUG 13228 --- [ms-dfs-reservas] [           main] org.hibernate.type.BasicTypeRegistry     : Adding type registration [B -> org.hibernate.type.BasicTypeReference@4932d580
2024-10-06T23:09:03.591-03:00 DEBUG 13228 --- [ms-dfs-reservas] [           main] org.hibernate.type.BasicTypeRegistry     : Adding type registration binary_wrapper -> org.hibernate.type.BasicTypeReference@7603cfc2
2024-10-06T23:09:03.591-03:00 DEBUG 13228 --- [ms-dfs-reservas] [           main] org.hibernate.type.BasicTypeRegistry     : Adding type registration wrapper-binary -> org.hibernate.type.BasicTypeReference@7603cfc2
2024-10-06T23:09:03.591-03:00 DEBUG 13228 --- [ms-dfs-reservas] [           main] org.hibernate.type.BasicTypeRegistry     : Adding type registration image -> org.hibernate.type.BasicTypeReference@60256d1b
2024-10-06T23:09:03.591-03:00 DEBUG 13228 --- [ms-dfs-reservas] [           main] org.hibernate.type.BasicTypeRegistry     : Adding type registration blob -> org.hibernate.type.BasicTypeReference@24b4f4a
2024-10-06T23:09:03.591-03:00 DEBUG 13228 --- [ms-dfs-reservas] [           main] org.hibernate.type.BasicTypeRegistry     : Adding type registration java.sql.Blob -> org.hibernate.type.BasicTypeReference@24b4f4a
2024-10-06T23:09:03.591-03:00 DEBUG 13228 --- [ms-dfs-reservas] [           main] org.hibernate.type.BasicTypeRegistry     : Adding type registration materialized_blob -> org.hibernate.type.BasicTypeReference@5d8a1456
2024-10-06T23:09:03.591-03:00 DEBUG 13228 --- [ms-dfs-reservas] [           main] org.hibernate.type.BasicTypeRegistry     : Adding type registration materialized_blob_wrapper -> org.hibernate.type.BasicTypeReference@351fadfa
2024-10-06T23:09:03.591-03:00 DEBUG 13228 --- [ms-dfs-reservas] [           main] org.hibernate.type.BasicTypeRegistry     : Adding type registration short -> org.hibernate.type.BasicTypeReference@7e1953f7
2024-10-06T23:09:03.591-03:00 DEBUG 13228 --- [ms-dfs-reservas] [           main] org.hibernate.type.BasicTypeRegistry     : Adding type registration short -> org.hibernate.type.BasicTypeReference@7e1953f7
2024-10-06T23:09:03.591-03:00 DEBUG 13228 --- [ms-dfs-reservas] [           main] org.hibernate.type.BasicTypeRegistry     : Adding type registration java.lang.Short -> org.hibernate.type.BasicTypeReference@7e1953f7
2024-10-06T23:09:03.591-03:00 DEBUG 13228 --- [ms-dfs-reservas] [           main] org.hibernate.type.BasicTypeRegistry     : Adding type registration integer -> org.hibernate.type.BasicTypeReference@26f07261
2024-10-06T23:09:03.591-03:00 DEBUG 13228 --- [ms-dfs-reservas] [           main] org.hibernate.type.BasicTypeRegistry     : Adding type registration int -> org.hibernate.type.BasicTypeReference@26f07261
2024-10-06T23:09:03.591-03:00 DEBUG 13228 --- [ms-dfs-reservas] [           main] org.hibernate.type.BasicTypeRegistry     : Adding type registration java.lang.Integer -> org.hibernate.type.BasicTypeReference@26f07261
2024-10-06T23:09:03.591-03:00 DEBUG 13228 --- [ms-dfs-reservas] [           main] org.hibernate.type.BasicTypeRegistry     : Adding type registration long -> org.hibernate.type.BasicTypeReference@2b55ea4d
2024-10-06T23:09:03.591-03:00 DEBUG 13228 --- [ms-dfs-reservas] [           main] org.hibernate.type.BasicTypeRegistry     : Adding type registration long -> org.hibernate.type.BasicTypeReference@2b55ea4d
2024-10-06T23:09:03.591-03:00 DEBUG 13228 --- [ms-dfs-reservas] [           main] org.hibernate.type.BasicTypeRegistry     : Adding type registration java.lang.Long -> org.hibernate.type.BasicTypeReference@2b55ea4d
2024-10-06T23:09:03.591-03:00 DEBUG 13228 --- [ms-dfs-reservas] [           main] org.hibernate.type.BasicTypeRegistry     : Adding type registration float -> org.hibernate.type.BasicTypeReference@63ede2a0
2024-10-06T23:09:03.591-03:00 DEBUG 13228 --- [ms-dfs-reservas] [           main] org.hibernate.type.BasicTypeRegistry     : Adding type registration float -> org.hibernate.type.BasicTypeReference@63ede2a0
2024-10-06T23:09:03.591-03:00 DEBUG 13228 --- [ms-dfs-reservas] [           main] org.hibernate.type.BasicTypeRegistry     : Adding type registration java.lang.Float -> org.hibernate.type.BasicTypeReference@63ede2a0
2024-10-06T23:09:03.591-03:00 DEBUG 13228 --- [ms-dfs-reservas] [           main] org.hibernate.type.BasicTypeRegistry     : Adding type registration double -> org.hibernate.type.BasicTypeReference@57df93c1
2024-10-06T23:09:03.591-03:00 DEBUG 13228 --- [ms-dfs-reservas] [           main] org.hibernate.type.BasicTypeRegistry     : Adding type registration double -> org.hibernate.type.BasicTypeReference@57df93c1
2024-10-06T23:09:03.591-03:00 DEBUG 13228 --- [ms-dfs-reservas] [           main] org.hibernate.type.BasicTypeRegistry     : Adding type registration java.lang.Double -> org.hibernate.type.BasicTypeReference@57df93c1
2024-10-06T23:09:03.591-03:00 DEBUG 13228 --- [ms-dfs-reservas] [           main] org.hibernate.type.BasicTypeRegistry     : Adding type registration big_integer -> org.hibernate.type.BasicTypeReference@72998021
2024-10-06T23:09:03.591-03:00 DEBUG 13228 --- [ms-dfs-reservas] [           main] org.hibernate.type.BasicTypeRegistry     : Adding type registration java.math.BigInteger -> org.hibernate.type.BasicTypeReference@72998021
2024-10-06T23:09:03.591-03:00 DEBUG 13228 --- [ms-dfs-reservas] [           main] org.hibernate.type.BasicTypeRegistry     : Adding type registration big_decimal -> org.hibernate.type.BasicTypeReference@761a0bbd
2024-10-06T23:09:03.591-03:00 DEBUG 13228 --- [ms-dfs-reservas] [           main] org.hibernate.type.BasicTypeRegistry     : Adding type registration java.math.BigDecimal -> org.hibernate.type.BasicTypeReference@761a0bbd
2024-10-06T23:09:03.591-03:00 DEBUG 13228 --- [ms-dfs-reservas] [           main] org.hibernate.type.BasicTypeRegistry     : Adding type registration character -> org.hibernate.type.BasicTypeReference@7a6e0f3c
2024-10-06T23:09:03.591-03:00 DEBUG 13228 --- [ms-dfs-reservas] [           main] org.hibernate.type.BasicTypeRegistry     : Adding type registration char -> org.hibernate.type.BasicTypeReference@7a6e0f3c
2024-10-06T23:09:03.591-03:00 DEBUG 13228 --- [ms-dfs-reservas] [           main] org.hibernate.type.BasicTypeRegistry     : Adding type registration java.lang.Character -> org.hibernate.type.BasicTypeReference@7a6e0f3c
2024-10-06T23:09:03.591-03:00 DEBUG 13228 --- [ms-dfs-reservas] [           main] org.hibernate.type.BasicTypeRegistry     : Adding type registration character_nchar -> org.hibernate.type.BasicTypeReference@5184da2b
2024-10-06T23:09:03.591-03:00 DEBUG 13228 --- [ms-dfs-reservas] [           main] org.hibernate.type.BasicTypeRegistry     : Adding type registration string -> org.hibernate.type.BasicTypeReference@6fa2d0b2
2024-10-06T23:09:03.591-03:00 DEBUG 13228 --- [ms-dfs-reservas] [           main] org.hibernate.type.BasicTypeRegistry     : Adding type registration java.lang.String -> org.hibernate.type.BasicTypeReference@6fa2d0b2
2024-10-06T23:09:03.591-03:00 DEBUG 13228 --- [ms-dfs-reservas] [           main] org.hibernate.type.BasicTypeRegistry     : Adding type registration nstring -> org.hibernate.type.BasicTypeReference@49c37918
2024-10-06T23:09:03.591-03:00 DEBUG 13228 --- [ms-dfs-reservas] [           main] org.hibernate.type.BasicTypeRegistry     : Adding type registration characters -> org.hibernate.type.BasicTypeReference@43de88f3
2024-10-06T23:09:03.591-03:00 DEBUG 13228 --- [ms-dfs-reservas] [           main] org.hibernate.type.BasicTypeRegistry     : Adding type registration char[] -> org.hibernate.type.BasicTypeReference@43de88f3
2024-10-06T23:09:03.591-03:00 DEBUG 13228 --- [ms-dfs-reservas] [           main] org.hibernate.type.BasicTypeRegistry     : Adding type registration [C -> org.hibernate.type.BasicTypeReference@43de88f3
2024-10-06T23:09:03.591-03:00 DEBUG 13228 --- [ms-dfs-reservas] [           main] org.hibernate.type.BasicTypeRegistry     : Adding type registration wrapper-characters -> org.hibernate.type.BasicTypeReference@347c5721
2024-10-06T23:09:03.591-03:00 DEBUG 13228 --- [ms-dfs-reservas] [           main] org.hibernate.type.BasicTypeRegistry     : Adding type registration text -> org.hibernate.type.BasicTypeReference@4d22265c
2024-10-06T23:09:03.591-03:00 DEBUG 13228 --- [ms-dfs-reservas] [           main] org.hibernate.type.BasicTypeRegistry     : Adding type registration ntext -> org.hibernate.type.BasicTypeReference@1f7b8d59
2024-10-06T23:09:03.591-03:00 DEBUG 13228 --- [ms-dfs-reservas] [           main] org.hibernate.type.BasicTypeRegistry     : Adding type registration clob -> org.hibernate.type.BasicTypeReference@28551755
2024-10-06T23:09:03.591-03:00 DEBUG 13228 --- [ms-dfs-reservas] [           main] org.hibernate.type.BasicTypeRegistry     : Adding type registration java.sql.Clob -> org.hibernate.type.BasicTypeReference@28551755
2024-10-06T23:09:03.591-03:00 DEBUG 13228 --- [ms-dfs-reservas] [           main] org.hibernate.type.BasicTypeRegistry     : Adding type registration nclob -> org.hibernate.type.BasicTypeReference@7ec68821
2024-10-06T23:09:03.591-03:00 DEBUG 13228 --- [ms-dfs-reservas] [           main] org.hibernate.type.BasicTypeRegistry     : Adding type registration java.sql.NClob -> org.hibernate.type.BasicTypeReference@7ec68821
2024-10-06T23:09:03.591-03:00 DEBUG 13228 --- [ms-dfs-reservas] [           main] org.hibernate.type.BasicTypeRegistry     : Adding type registration materialized_clob -> org.hibernate.type.BasicTypeReference@220a5163
2024-10-06T23:09:03.591-03:00 DEBUG 13228 --- [ms-dfs-reservas] [           main] org.hibernate.type.BasicTypeRegistry     : Adding type registration materialized_clob_char_array -> org.hibernate.type.BasicTypeReference@6158113e
2024-10-06T23:09:03.591-03:00 DEBUG 13228 --- [ms-dfs-reservas] [           main] org.hibernate.type.BasicTypeRegistry     : Adding type registration materialized_clob_character_array -> org.hibernate.type.BasicTypeReference@61375dff
2024-10-06T23:09:03.591-03:00 DEBUG 13228 --- [ms-dfs-reservas] [           main] org.hibernate.type.BasicTypeRegistry     : Adding type registration materialized_nclob -> org.hibernate.type.BasicTypeReference@2bfa5678
2024-10-06T23:09:03.591-03:00 DEBUG 13228 --- [ms-dfs-reservas] [           main] org.hibernate.type.BasicTypeRegistry     : Adding type registration materialized_nclob_character_array -> org.hibernate.type.BasicTypeReference@5b8b9b2d
2024-10-06T23:09:03.591-03:00 DEBUG 13228 --- [ms-dfs-reservas] [           main] org.hibernate.type.BasicTypeRegistry     : Adding type registration materialized_nclob_char_array -> org.hibernate.type.BasicTypeReference@7a7bb083
2024-10-06T23:09:03.591-03:00 DEBUG 13228 --- [ms-dfs-reservas] [           main] org.hibernate.type.BasicTypeRegistry     : Adding type registration Duration -> org.hibernate.type.BasicTypeReference@2178d296
2024-10-06T23:09:03.591-03:00 DEBUG 13228 --- [ms-dfs-reservas] [           main] org.hibernate.type.BasicTypeRegistry     : Adding type registration java.time.Duration -> org.hibernate.type.BasicTypeReference@2178d296
2024-10-06T23:09:03.591-03:00 DEBUG 13228 --- [ms-dfs-reservas] [           main] org.hibernate.type.BasicTypeRegistry     : Adding type registration LocalDateTime -> org.hibernate.type.BasicTypeReference@58c80957
2024-10-06T23:09:03.591-03:00 DEBUG 13228 --- [ms-dfs-reservas] [           main] org.hibernate.type.BasicTypeRegistry     : Adding type registration java.time.LocalDateTime -> org.hibernate.type.BasicTypeReference@58c80957
2024-10-06T23:09:03.591-03:00 DEBUG 13228 --- [ms-dfs-reservas] [           main] org.hibernate.type.BasicTypeRegistry     : Adding type registration LocalDate -> org.hibernate.type.BasicTypeReference@5f1db390
2024-10-06T23:09:03.591-03:00 DEBUG 13228 --- [ms-dfs-reservas] [           main] org.hibernate.type.BasicTypeRegistry     : Adding type registration java.time.LocalDate -> org.hibernate.type.BasicTypeReference@5f1db390
2024-10-06T23:09:03.591-03:00 DEBUG 13228 --- [ms-dfs-reservas] [           main] org.hibernate.type.BasicTypeRegistry     : Adding type registration LocalTime -> org.hibernate.type.BasicTypeReference@78c5ef58
2024-10-06T23:09:03.591-03:00 DEBUG 13228 --- [ms-dfs-reservas] [           main] org.hibernate.type.BasicTypeRegistry     : Adding type registration java.time.LocalTime -> org.hibernate.type.BasicTypeReference@78c5ef58
2024-10-06T23:09:03.591-03:00 DEBUG 13228 --- [ms-dfs-reservas] [           main] org.hibernate.type.BasicTypeRegistry     : Adding type registration OffsetDateTime -> org.hibernate.type.BasicTypeReference@1fce6eb4
2024-10-06T23:09:03.591-03:00 DEBUG 13228 --- [ms-dfs-reservas] [           main] org.hibernate.type.BasicTypeRegistry     : Adding type registration java.time.OffsetDateTime -> org.hibernate.type.BasicTypeReference@1fce6eb4
2024-10-06T23:09:03.591-03:00 DEBUG 13228 --- [ms-dfs-reservas] [           main] org.hibernate.type.BasicTypeRegistry     : Adding type registration OffsetDateTimeWithTimezone -> org.hibernate.type.BasicTypeReference@7d44eab
2024-10-06T23:09:03.593-03:00 DEBUG 13228 --- [ms-dfs-reservas] [           main] org.hibernate.type.BasicTypeRegistry     : Adding type registration OffsetDateTimeWithoutTimezone -> org.hibernate.type.BasicTypeReference@35e7fcf2
2024-10-06T23:09:03.593-03:00 DEBUG 13228 --- [ms-dfs-reservas] [           main] org.hibernate.type.BasicTypeRegistry     : Adding type registration OffsetTime -> org.hibernate.type.BasicTypeReference@620f7a39
2024-10-06T23:09:03.593-03:00 DEBUG 13228 --- [ms-dfs-reservas] [           main] org.hibernate.type.BasicTypeRegistry     : Adding type registration java.time.OffsetTime -> org.hibernate.type.BasicTypeReference@620f7a39
2024-10-06T23:09:03.593-03:00 DEBUG 13228 --- [ms-dfs-reservas] [           main] org.hibernate.type.BasicTypeRegistry     : Adding type registration OffsetTimeUtc -> org.hibernate.type.BasicTypeReference@e581302
2024-10-06T23:09:03.593-03:00 DEBUG 13228 --- [ms-dfs-reservas] [           main] org.hibernate.type.BasicTypeRegistry     : Adding type registration OffsetTimeWithTimezone -> org.hibernate.type.BasicTypeReference@2b5ca574
2024-10-06T23:09:03.593-03:00 DEBUG 13228 --- [ms-dfs-reservas] [           main] org.hibernate.type.BasicTypeRegistry     : Adding type registration OffsetTimeWithoutTimezone -> org.hibernate.type.BasicTypeReference@3891b430
2024-10-06T23:09:03.593-03:00 DEBUG 13228 --- [ms-dfs-reservas] [           main] org.hibernate.type.BasicTypeRegistry     : Adding type registration ZonedDateTime -> org.hibernate.type.BasicTypeReference@769f6023
2024-10-06T23:09:03.593-03:00 DEBUG 13228 --- [ms-dfs-reservas] [           main] org.hibernate.type.BasicTypeRegistry     : Adding type registration java.time.ZonedDateTime -> org.hibernate.type.BasicTypeReference@769f6023
2024-10-06T23:09:03.593-03:00 DEBUG 13228 --- [ms-dfs-reservas] [           main] org.hibernate.type.BasicTypeRegistry     : Adding type registration ZonedDateTimeWithTimezone -> org.hibernate.type.BasicTypeReference@38a61c81
2024-10-06T23:09:03.593-03:00 DEBUG 13228 --- [ms-dfs-reservas] [           main] org.hibernate.type.BasicTypeRegistry     : Adding type registration ZonedDateTimeWithoutTimezone -> org.hibernate.type.BasicTypeReference@2f03fdc0
2024-10-06T23:09:03.593-03:00 DEBUG 13228 --- [ms-dfs-reservas] [           main] org.hibernate.type.BasicTypeRegistry     : Adding type registration date -> org.hibernate.type.BasicTypeReference@1a06ec24
2024-10-06T23:09:03.593-03:00 DEBUG 13228 --- [ms-dfs-reservas] [           main] org.hibernate.type.BasicTypeRegistry     : Adding type registration java.sql.Date -> org.hibernate.type.BasicTypeReference@1a06ec24
2024-10-06T23:09:03.593-03:00 DEBUG 13228 --- [ms-dfs-reservas] [           main] org.hibernate.type.BasicTypeRegistry     : Adding type registration time -> org.hibernate.type.BasicTypeReference@1715193f
2024-10-06T23:09:03.593-03:00 DEBUG 13228 --- [ms-dfs-reservas] [           main] org.hibernate.type.BasicTypeRegistry     : Adding type registration java.sql.Time -> org.hibernate.type.BasicTypeReference@1715193f
2024-10-06T23:09:03.593-03:00 DEBUG 13228 --- [ms-dfs-reservas] [           main] org.hibernate.type.BasicTypeRegistry     : Adding type registration timestamp -> org.hibernate.type.BasicTypeReference@1f5f4d48
2024-10-06T23:09:03.593-03:00 DEBUG 13228 --- [ms-dfs-reservas] [           main] org.hibernate.type.BasicTypeRegistry     : Adding type registration java.sql.Timestamp -> org.hibernate.type.BasicTypeReference@1f5f4d48
2024-10-06T23:09:03.593-03:00 DEBUG 13228 --- [ms-dfs-reservas] [           main] org.hibernate.type.BasicTypeRegistry     : Adding type registration java.util.Date -> org.hibernate.type.BasicTypeReference@1f5f4d48
2024-10-06T23:09:03.593-03:00 DEBUG 13228 --- [ms-dfs-reservas] [           main] org.hibernate.type.BasicTypeRegistry     : Adding type registration calendar -> org.hibernate.type.BasicTypeReference@2f025e9e
2024-10-06T23:09:03.593-03:00 DEBUG 13228 --- [ms-dfs-reservas] [           main] org.hibernate.type.BasicTypeRegistry     : Adding type registration java.util.Calendar -> org.hibernate.type.BasicTypeReference@2f025e9e
2024-10-06T23:09:03.593-03:00 DEBUG 13228 --- [ms-dfs-reservas] [           main] org.hibernate.type.BasicTypeRegistry     : Adding type registration java.util.GregorianCalendar -> org.hibernate.type.BasicTypeReference@2f025e9e
2024-10-06T23:09:03.593-03:00 DEBUG 13228 --- [ms-dfs-reservas] [           main] org.hibernate.type.BasicTypeRegistry     : Adding type registration calendar_date -> org.hibernate.type.BasicTypeReference@2c8e096
2024-10-06T23:09:03.593-03:00 DEBUG 13228 --- [ms-dfs-reservas] [           main] org.hibernate.type.BasicTypeRegistry     : Adding type registration calendar_time -> org.hibernate.type.BasicTypeReference@3dabdd11
2024-10-06T23:09:03.593-03:00 DEBUG 13228 --- [ms-dfs-reservas] [           main] org.hibernate.type.BasicTypeRegistry     : Adding type registration instant -> org.hibernate.type.BasicTypeReference@587bf2e1
2024-10-06T23:09:03.593-03:00 DEBUG 13228 --- [ms-dfs-reservas] [           main] org.hibernate.type.BasicTypeRegistry     : Adding type registration java.time.Instant -> org.hibernate.type.BasicTypeReference@587bf2e1
2024-10-06T23:09:03.593-03:00 DEBUG 13228 --- [ms-dfs-reservas] [           main] org.hibernate.type.BasicTypeRegistry     : Adding type registration uuid -> org.hibernate.type.BasicTypeReference@6530a1de
2024-10-06T23:09:03.593-03:00 DEBUG 13228 --- [ms-dfs-reservas] [           main] org.hibernate.type.BasicTypeRegistry     : Adding type registration java.util.UUID -> org.hibernate.type.BasicTypeReference@6530a1de
2024-10-06T23:09:03.593-03:00 DEBUG 13228 --- [ms-dfs-reservas] [           main] org.hibernate.type.BasicTypeRegistry     : Adding type registration pg-uuid -> org.hibernate.type.BasicTypeReference@6530a1de
2024-10-06T23:09:03.593-03:00 DEBUG 13228 --- [ms-dfs-reservas] [           main] org.hibernate.type.BasicTypeRegistry     : Adding type registration uuid-binary -> org.hibernate.type.BasicTypeReference@20b921be
2024-10-06T23:09:03.593-03:00 DEBUG 13228 --- [ms-dfs-reservas] [           main] org.hibernate.type.BasicTypeRegistry     : Adding type registration uuid-char -> org.hibernate.type.BasicTypeReference@431923ed
2024-10-06T23:09:03.593-03:00 DEBUG 13228 --- [ms-dfs-reservas] [           main] org.hibernate.type.BasicTypeRegistry     : Adding type registration class -> org.hibernate.type.BasicTypeReference@44723d95
2024-10-06T23:09:03.593-03:00 DEBUG 13228 --- [ms-dfs-reservas] [           main] org.hibernate.type.BasicTypeRegistry     : Adding type registration java.lang.Class -> org.hibernate.type.BasicTypeReference@44723d95
2024-10-06T23:09:03.593-03:00 DEBUG 13228 --- [ms-dfs-reservas] [           main] org.hibernate.type.BasicTypeRegistry     : Adding type registration currency -> org.hibernate.type.BasicTypeReference@242c4a94
2024-10-06T23:09:03.593-03:00 DEBUG 13228 --- [ms-dfs-reservas] [           main] org.hibernate.type.BasicTypeRegistry     : Adding type registration Currency -> org.hibernate.type.BasicTypeReference@242c4a94
2024-10-06T23:09:03.593-03:00 DEBUG 13228 --- [ms-dfs-reservas] [           main] org.hibernate.type.BasicTypeRegistry     : Adding type registration java.util.Currency -> org.hibernate.type.BasicTypeReference@242c4a94
2024-10-06T23:09:03.593-03:00 DEBUG 13228 --- [ms-dfs-reservas] [           main] org.hibernate.type.BasicTypeRegistry     : Adding type registration locale -> org.hibernate.type.BasicTypeReference@4df13b7e
2024-10-06T23:09:03.593-03:00 DEBUG 13228 --- [ms-dfs-reservas] [           main] org.hibernate.type.BasicTypeRegistry     : Adding type registration java.util.Locale -> org.hibernate.type.BasicTypeReference@4df13b7e
2024-10-06T23:09:03.593-03:00 DEBUG 13228 --- [ms-dfs-reservas] [           main] org.hibernate.type.BasicTypeRegistry     : Adding type registration serializable -> org.hibernate.type.BasicTypeReference@477d6f66
2024-10-06T23:09:03.593-03:00 DEBUG 13228 --- [ms-dfs-reservas] [           main] org.hibernate.type.BasicTypeRegistry     : Adding type registration java.io.Serializable -> org.hibernate.type.BasicTypeReference@477d6f66
2024-10-06T23:09:03.593-03:00 DEBUG 13228 --- [ms-dfs-reservas] [           main] org.hibernate.type.BasicTypeRegistry     : Adding type registration timezone -> org.hibernate.type.BasicTypeReference@12b66c89
2024-10-06T23:09:03.593-03:00 DEBUG 13228 --- [ms-dfs-reservas] [           main] org.hibernate.type.BasicTypeRegistry     : Adding type registration java.util.TimeZone -> org.hibernate.type.BasicTypeReference@12b66c89
2024-10-06T23:09:03.593-03:00 DEBUG 13228 --- [ms-dfs-reservas] [           main] org.hibernate.type.BasicTypeRegistry     : Adding type registration ZoneOffset -> org.hibernate.type.BasicTypeReference@5408fca1
2024-10-06T23:09:03.593-03:00 DEBUG 13228 --- [ms-dfs-reservas] [           main] org.hibernate.type.BasicTypeRegistry     : Adding type registration java.time.ZoneOffset -> org.hibernate.type.BasicTypeReference@5408fca1
2024-10-06T23:09:03.593-03:00 DEBUG 13228 --- [ms-dfs-reservas] [           main] org.hibernate.type.BasicTypeRegistry     : Adding type registration url -> org.hibernate.type.BasicTypeReference@10660795
2024-10-06T23:09:03.593-03:00 DEBUG 13228 --- [ms-dfs-reservas] [           main] org.hibernate.type.BasicTypeRegistry     : Adding type registration java.net.URL -> org.hibernate.type.BasicTypeReference@10660795
2024-10-06T23:09:03.593-03:00 DEBUG 13228 --- [ms-dfs-reservas] [           main] org.hibernate.type.BasicTypeRegistry     : Adding type registration vector -> org.hibernate.type.BasicTypeReference@3ccc4ca0
2024-10-06T23:09:03.593-03:00 DEBUG 13228 --- [ms-dfs-reservas] [           main] org.hibernate.type.BasicTypeRegistry     : Adding type registration row_version -> org.hibernate.type.BasicTypeReference@1dbfbd94
2024-10-06T23:09:03.593-03:00 DEBUG 13228 --- [ms-dfs-reservas] [           main] org.hibernate.type.BasicTypeRegistry     : Adding type registration object -> org.hibernate.type.JavaObjectType@6329a5b9
2024-10-06T23:09:03.593-03:00 DEBUG 13228 --- [ms-dfs-reservas] [           main] org.hibernate.type.BasicTypeRegistry     : Adding type registration java.lang.Object -> org.hibernate.type.JavaObjectType@6329a5b9
2024-10-06T23:09:03.593-03:00 DEBUG 13228 --- [ms-dfs-reservas] [           main] org.hibernate.type.BasicTypeRegistry     : Adding type registration null -> org.hibernate.type.NullType@44a0e68f
2024-10-06T23:09:03.593-03:00 DEBUG 13228 --- [ms-dfs-reservas] [           main] org.hibernate.type.BasicTypeRegistry     : Adding type registration imm_date -> org.hibernate.type.BasicTypeReference@24763d10
2024-10-06T23:09:03.593-03:00 DEBUG 13228 --- [ms-dfs-reservas] [           main] org.hibernate.type.BasicTypeRegistry     : Adding type registration imm_time -> org.hibernate.type.BasicTypeReference@440dc4f7
2024-10-06T23:09:03.593-03:00 DEBUG 13228 --- [ms-dfs-reservas] [           main] org.hibernate.type.BasicTypeRegistry     : Adding type registration imm_timestamp -> org.hibernate.type.BasicTypeReference@112ec8a7
2024-10-06T23:09:03.593-03:00 DEBUG 13228 --- [ms-dfs-reservas] [           main] org.hibernate.type.BasicTypeRegistry     : Adding type registration imm_calendar -> org.hibernate.type.BasicTypeReference@65bf5c38
2024-10-06T23:09:03.593-03:00 DEBUG 13228 --- [ms-dfs-reservas] [           main] org.hibernate.type.BasicTypeRegistry     : Adding type registration imm_calendar_date -> org.hibernate.type.BasicTypeReference@70347322
2024-10-06T23:09:03.593-03:00 DEBUG 13228 --- [ms-dfs-reservas] [           main] org.hibernate.type.BasicTypeRegistry     : Adding type registration imm_calendar_time -> org.hibernate.type.BasicTypeReference@5a342baf
2024-10-06T23:09:03.594-03:00 DEBUG 13228 --- [ms-dfs-reservas] [           main] org.hibernate.type.BasicTypeRegistry     : Adding type registration imm_binary -> org.hibernate.type.BasicTypeReference@3db8bbbe
2024-10-06T23:09:03.594-03:00 DEBUG 13228 --- [ms-dfs-reservas] [           main] org.hibernate.type.BasicTypeRegistry     : Adding type registration imm_serializable -> org.hibernate.type.BasicTypeReference@22796ead
2024-10-06T23:09:03.595-03:00 DEBUG 13228 --- [ms-dfs-reservas] [           main] o.h.boot.internal.BootstrapContextImpl   : Injecting JPA temp ClassLoader [org.springframework.instrument.classloading.SimpleThrowawayClassLoader@a95807f] into BootstrapContext; was [null]
2024-10-06T23:09:03.595-03:00 DEBUG 13228 --- [ms-dfs-reservas] [           main] o.h.boot.internal.ClassLoaderAccessImpl  : ClassLoaderAccessImpl#injectTempClassLoader(org.springframework.instrument.classloading.SimpleThrowawayClassLoader@a95807f) [was null]
2024-10-06T23:09:03.595-03:00 DEBUG 13228 --- [ms-dfs-reservas] [           main] o.h.boot.internal.BootstrapContextImpl   : Injecting ScanEnvironment [org.hibernate.jpa.boot.internal.StandardJpaScanEnvironmentImpl@7288afd8] into BootstrapContext; was [null]
2024-10-06T23:09:03.595-03:00 DEBUG 13228 --- [ms-dfs-reservas] [           main] o.h.boot.internal.BootstrapContextImpl   : Injecting ScanOptions [org.hibernate.boot.archive.scan.internal.StandardScanOptions@1b6dab22] into BootstrapContext; was [org.hibernate.boot.archive.scan.internal.StandardScanOptions@57832650]
2024-10-06T23:09:03.601-03:00  INFO 13228 --- [ms-dfs-reservas] [           main] o.s.o.j.p.SpringPersistenceUnitInfo      : No LoadTimeWeaver setup: ignoring JPA class transformer
2024-10-06T23:09:03.601-03:00 DEBUG 13228 --- [ms-dfs-reservas] [           main] o.h.boot.internal.BootstrapContextImpl   : Injecting JPA temp ClassLoader [null] into BootstrapContext; was [org.springframework.instrument.classloading.SimpleThrowawayClassLoader@a95807f]
2024-10-06T23:09:03.601-03:00 DEBUG 13228 --- [ms-dfs-reservas] [           main] o.h.boot.internal.ClassLoaderAccessImpl  : ClassLoaderAccessImpl#injectTempClassLoader(null) [was org.springframework.instrument.classloading.SimpleThrowawayClassLoader@a95807f]
2024-10-06T23:09:03.602-03:00  INFO 13228 --- [ms-dfs-reservas] [           main] com.zaxxer.hikari.HikariDataSource       : HikariPool-2 - Starting...
2024-10-06T23:09:03.602-03:00  WARN 13228 --- [ms-dfs-reservas] [           main] c.zaxxer.hikari.util.DriverDataSource    : Registered driver with driverClassName=oracle.jdbc.driver.OracleDriver was not found, trying direct instantiation.
2024-10-06T23:09:03.737-03:00  INFO 13228 --- [ms-dfs-reservas] [           main] com.zaxxer.hikari.pool.HikariPool        : HikariPool-2 - Added connection oracle.jdbc.driver.T4CConnection@71b253b
2024-10-06T23:09:03.737-03:00  INFO 13228 --- [ms-dfs-reservas] [           main] com.zaxxer.hikari.HikariDataSource       : HikariPool-2 - Start completed.
2024-10-06T23:09:03.737-03:00 DEBUG 13228 --- [ms-dfs-reservas] [           main] o.h.e.j.e.i.JdbcEnvironmentInitiator     : Database ->
	   name : Oracle
	version : Oracle Database 19c Enterprise Edition Release 19.0.0.0.0 - Production
Version 19.25.0.1.0
	  major : 19
	  minor : 0
2024-10-06T23:09:03.737-03:00 DEBUG 13228 --- [ms-dfs-reservas] [           main] o.h.e.j.e.i.JdbcEnvironmentInitiator     : Driver ->
	   name : Oracle JDBC driver
	version : 21.9.0.0.0
	  major : 21
	  minor : 9
2024-10-06T23:09:03.737-03:00 DEBUG 13228 --- [ms-dfs-reservas] [           main] o.h.e.j.e.i.JdbcEnvironmentInitiator     : JDBC version : 4.3
2024-10-06T23:09:03.739-03:00  WARN 13228 --- [ms-dfs-reservas] [           main] org.hibernate.orm.deprecation            : HHH90000025: OracleDialect does not need to be specified explicitly using 'hibernate.dialect' (remove the property setting and it will be selected by default)
2024-10-06T23:09:03.740-03:00 DEBUG 13228 --- [ms-dfs-reservas] [           main] org.hibernate.orm.dialect                : HHH035001: Using dialect: org.hibernate.dialect.OracleDialect, version: 19.0
2024-10-06T23:09:03.746-03:00 DEBUG 13228 --- [ms-dfs-reservas] [           main] o.h.t.d.jdbc.spi.JdbcTypeRegistry        : addDescriptor(NCharTypeDescriptor) replaced previous registration(CharTypeDescriptor)
2024-10-06T23:09:03.746-03:00 DEBUG 13228 --- [ms-dfs-reservas] [           main] o.h.t.d.jdbc.spi.JdbcTypeRegistry        : addDescriptor(NVarcharTypeDescriptor) replaced previous registration(VarcharTypeDescriptor)
2024-10-06T23:09:03.746-03:00 DEBUG 13228 --- [ms-dfs-reservas] [           main] o.h.t.d.jdbc.spi.JdbcTypeRegistry        : addDescriptor(LongNVarcharTypeDescriptor) replaced previous registration(LongVarcharTypeDescriptor)
2024-10-06T23:09:03.746-03:00 DEBUG 13228 --- [ms-dfs-reservas] [           main] o.h.t.d.jdbc.spi.JdbcTypeRegistry        : addDescriptor(NClobTypeDescriptor(DEFAULT)) replaced previous registration(ClobTypeDescriptor(DEFAULT))
2024-10-06T23:09:03.746-03:00 DEBUG 13228 --- [ms-dfs-reservas] [           main] o.h.t.d.jdbc.spi.JdbcTypeRegistry        : addDescriptor(2005, ClobTypeDescriptor(STREAM_BINDING)) replaced previous registration(ClobTypeDescriptor(DEFAULT))
2024-10-06T23:09:03.746-03:00 DEBUG 13228 --- [ms-dfs-reservas] [           main] o.h.t.d.jdbc.spi.JdbcTypeRegistry        : addDescriptor(BooleanTypeDescriptor) replaced previous registration(BooleanTypeDescriptor)
2024-10-06T23:09:03.747-03:00 DEBUG 13228 --- [ms-dfs-reservas] [           main] org.hibernate.type.BasicTypeRegistry     : Adding type registration null -> org.hibernate.type.NullType@60c95d8
2024-10-06T23:09:03.747-03:00 DEBUG 13228 --- [ms-dfs-reservas] [           main] org.hibernate.type.BasicTypeRegistry     : Type registration key [null] overrode previous entry : `org.hibernate.type.NullType@44a0e68f`
2024-10-06T23:09:03.747-03:00 DEBUG 13228 --- [ms-dfs-reservas] [           main] org.hibernate.type.BasicTypeRegistry     : Adding type registration JAVA_OBJECT -> org.hibernate.type.JavaObjectType@40557b00
2024-10-06T23:09:03.747-03:00 DEBUG 13228 --- [ms-dfs-reservas] [           main] org.hibernate.type.BasicTypeRegistry     : Adding type registration java.lang.Object -> org.hibernate.type.JavaObjectType@40557b00
2024-10-06T23:09:03.747-03:00 DEBUG 13228 --- [ms-dfs-reservas] [           main] org.hibernate.type.BasicTypeRegistry     : Type registration key [java.lang.Object] overrode previous entry : `org.hibernate.type.JavaObjectType@6329a5b9`
2024-10-06T23:09:03.747-03:00 DEBUG 13228 --- [ms-dfs-reservas] [           main] org.hibernate.type.BasicTypeRegistry     : Adding type registration org.hibernate.type.DurationType -> basicType@22(java.time.Duration,3015)
2024-10-06T23:09:03.747-03:00 DEBUG 13228 --- [ms-dfs-reservas] [           main] org.hibernate.type.BasicTypeRegistry     : Adding type registration Duration -> basicType@22(java.time.Duration,3015)
2024-10-06T23:09:03.747-03:00 DEBUG 13228 --- [ms-dfs-reservas] [           main] org.hibernate.type.BasicTypeRegistry     : Adding type registration java.time.Duration -> basicType@22(java.time.Duration,3015)
2024-10-06T23:09:03.747-03:00 DEBUG 13228 --- [ms-dfs-reservas] [           main] o.h.type.spi.TypeConfiguration$Scope     : Scoping TypeConfiguration [org.hibernate.type.spi.TypeConfiguration@172e4d3a] to MetadataBuildingContext [org.hibernate.boot.internal.MetadataBuildingContextRootImpl@74faa12]
2024-10-06T23:09:03.747-03:00 DEBUG 13228 --- [ms-dfs-reservas] [           main] o.h.boot.model.relational.Namespace      : Created database namespace [logicalName=Name{catalog=null, schema=null}, physicalName=Name{catalog=null, schema=null}]
2024-10-06T23:09:03.747-03:00 DEBUG 13228 --- [ms-dfs-reservas] [           main] o.h.boot.model.internal.EntityBinder     : Binding entity from annotated class: dfs.s3.ms_dfs_reservas.model.Cita
2024-10-06T23:09:03.747-03:00 DEBUG 13228 --- [ms-dfs-reservas] [           main] o.h.boot.model.internal.EntityBinder     : Import with entity name Cita
2024-10-06T23:09:03.747-03:00 DEBUG 13228 --- [ms-dfs-reservas] [           main] o.h.boot.model.internal.EntityBinder     : Bind entity dfs.s3.ms_dfs_reservas.model.Cita on table cita
2024-10-06T23:09:03.747-03:00 DEBUG 13228 --- [ms-dfs-reservas] [           main] o.h.boot.model.internal.AnnotatedColumn  : Binding column: AnnotatedDiscriminatorColumn(column='DTYPE')
2024-10-06T23:09:03.748-03:00 DEBUG 13228 --- [ms-dfs-reservas] [           main] o.h.boot.model.internal.AnnotatedColumn  : Binding column: AnnotatedColumn(column='id')
2024-10-06T23:09:03.748-03:00 DEBUG 13228 --- [ms-dfs-reservas] [           main] o.h.boot.internal.ClassLoaderAccessImpl  : Not known whether passed class name [dfs.s3.ms_dfs_reservas.model.Cita] is safe
2024-10-06T23:09:03.748-03:00 DEBUG 13228 --- [ms-dfs-reservas] [           main] o.h.boot.internal.ClassLoaderAccessImpl  : No temp ClassLoader provided; using live ClassLoader for loading potentially unsafe class : dfs.s3.ms_dfs_reservas.model.Cita
2024-10-06T23:09:03.748-03:00 DEBUG 13228 --- [ms-dfs-reservas] [           main] o.h.boot.model.internal.PropertyBinder   : MetadataSourceProcessor property id with lazy=false
2024-10-06T23:09:03.748-03:00 DEBUG 13228 --- [ms-dfs-reservas] [           main] o.h.b.m.internal.AbstractPropertyHolder  : Attempting to locate auto-apply AttributeConverter for property [dfs.s3.ms_dfs_reservas.model.Cita:id]
2024-10-06T23:09:03.748-03:00 DEBUG 13228 --- [ms-dfs-reservas] [           main] o.h.b.model.internal.BasicValueBinder    : building BasicValue for id
2024-10-06T23:09:03.748-03:00 DEBUG 13228 --- [ms-dfs-reservas] [           main] org.hibernate.mapping.BasicValue         : Skipping column re-registration: cita.id
2024-10-06T23:09:03.748-03:00 DEBUG 13228 --- [ms-dfs-reservas] [           main] o.h.boot.model.internal.PropertyBinder   : Building property id
2024-10-06T23:09:03.748-03:00 DEBUG 13228 --- [ms-dfs-reservas] [           main] o.h.boot.model.internal.BinderHelper     : #makeIdGenerator(BasicValue([Column(id)]), id, identity, , ...)
2024-10-06T23:09:03.748-03:00 DEBUG 13228 --- [ms-dfs-reservas] [           main] o.h.boot.model.internal.AnnotatedColumn  : Binding column: AnnotatedColumn(column='disponible')
2024-10-06T23:09:03.748-03:00 DEBUG 13228 --- [ms-dfs-reservas] [           main] o.h.boot.model.internal.PropertyBinder   : MetadataSourceProcessor property disponible with lazy=false
2024-10-06T23:09:03.748-03:00 DEBUG 13228 --- [ms-dfs-reservas] [           main] o.h.b.m.internal.AbstractPropertyHolder  : Attempting to locate auto-apply AttributeConverter for property [dfs.s3.ms_dfs_reservas.model.Cita:disponible]
2024-10-06T23:09:03.748-03:00 DEBUG 13228 --- [ms-dfs-reservas] [           main] o.h.b.model.internal.BasicValueBinder    : building BasicValue for disponible
2024-10-06T23:09:03.748-03:00 DEBUG 13228 --- [ms-dfs-reservas] [           main] org.hibernate.mapping.BasicValue         : Skipping column re-registration: cita.disponible
2024-10-06T23:09:03.748-03:00 DEBUG 13228 --- [ms-dfs-reservas] [           main] o.h.boot.model.internal.PropertyBinder   : Building property disponible
2024-10-06T23:09:03.748-03:00 DEBUG 13228 --- [ms-dfs-reservas] [           main] o.h.boot.model.internal.AnnotatedColumn  : Binding column: AnnotatedColumn(column='fecha_hora')
2024-10-06T23:09:03.748-03:00 DEBUG 13228 --- [ms-dfs-reservas] [           main] o.h.boot.model.internal.PropertyBinder   : MetadataSourceProcessor property fecha_hora with lazy=false
2024-10-06T23:09:03.748-03:00 DEBUG 13228 --- [ms-dfs-reservas] [           main] o.h.b.m.internal.AbstractPropertyHolder  : Attempting to locate auto-apply AttributeConverter for property [dfs.s3.ms_dfs_reservas.model.Cita:fecha_hora]
2024-10-06T23:09:03.748-03:00 DEBUG 13228 --- [ms-dfs-reservas] [           main] o.h.b.model.internal.BasicValueBinder    : building BasicValue for fecha_hora
2024-10-06T23:09:03.748-03:00 DEBUG 13228 --- [ms-dfs-reservas] [           main] org.hibernate.mapping.BasicValue         : Skipping column re-registration: cita.fecha_hora
2024-10-06T23:09:03.748-03:00 DEBUG 13228 --- [ms-dfs-reservas] [           main] o.h.boot.model.internal.PropertyBinder   : Building property fecha_hora
2024-10-06T23:09:03.748-03:00 DEBUG 13228 --- [ms-dfs-reservas] [           main] o.h.boot.model.internal.AnnotatedColumn  : Binding column: AnnotatedColumn(column='fin')
2024-10-06T23:09:03.748-03:00 DEBUG 13228 --- [ms-dfs-reservas] [           main] o.h.boot.model.internal.PropertyBinder   : MetadataSourceProcessor property fin with lazy=false
2024-10-06T23:09:03.748-03:00 DEBUG 13228 --- [ms-dfs-reservas] [           main] o.h.b.m.internal.AbstractPropertyHolder  : Attempting to locate auto-apply AttributeConverter for property [dfs.s3.ms_dfs_reservas.model.Cita:fin]
2024-10-06T23:09:03.748-03:00 DEBUG 13228 --- [ms-dfs-reservas] [           main] o.h.b.model.internal.BasicValueBinder    : building BasicValue for fin
2024-10-06T23:09:03.748-03:00 DEBUG 13228 --- [ms-dfs-reservas] [           main] org.hibernate.mapping.BasicValue         : Skipping column re-registration: cita.fin
2024-10-06T23:09:03.748-03:00 DEBUG 13228 --- [ms-dfs-reservas] [           main] o.h.boot.model.internal.PropertyBinder   : Building property fin
2024-10-06T23:09:03.748-03:00 DEBUG 13228 --- [ms-dfs-reservas] [           main] o.h.boot.model.internal.AnnotatedColumn  : Binding column: AnnotatedColumn(column='inicio')
2024-10-06T23:09:03.748-03:00 DEBUG 13228 --- [ms-dfs-reservas] [           main] o.h.boot.model.internal.PropertyBinder   : MetadataSourceProcessor property inicio with lazy=false
2024-10-06T23:09:03.748-03:00 DEBUG 13228 --- [ms-dfs-reservas] [           main] o.h.b.m.internal.AbstractPropertyHolder  : Attempting to locate auto-apply AttributeConverter for property [dfs.s3.ms_dfs_reservas.model.Cita:inicio]
2024-10-06T23:09:03.748-03:00 DEBUG 13228 --- [ms-dfs-reservas] [           main] o.h.b.model.internal.BasicValueBinder    : building BasicValue for inicio
2024-10-06T23:09:03.748-03:00 DEBUG 13228 --- [ms-dfs-reservas] [           main] org.hibernate.mapping.BasicValue         : Skipping column re-registration: cita.inicio
2024-10-06T23:09:03.748-03:00 DEBUG 13228 --- [ms-dfs-reservas] [           main] o.h.boot.model.internal.PropertyBinder   : Building property inicio
2024-10-06T23:09:03.749-03:00 DEBUG 13228 --- [ms-dfs-reservas] [           main] o.h.boot.model.internal.AnnotatedColumn  : Binding column: AnnotatedColumn(column='medico')
2024-10-06T23:09:03.749-03:00 DEBUG 13228 --- [ms-dfs-reservas] [           main] o.h.boot.model.internal.PropertyBinder   : MetadataSourceProcessor property medico with lazy=false
2024-10-06T23:09:03.749-03:00 DEBUG 13228 --- [ms-dfs-reservas] [           main] o.h.b.m.internal.AbstractPropertyHolder  : Attempting to locate auto-apply AttributeConverter for property [dfs.s3.ms_dfs_reservas.model.Cita:medico]
2024-10-06T23:09:03.749-03:00 DEBUG 13228 --- [ms-dfs-reservas] [           main] o.h.b.model.internal.BasicValueBinder    : building BasicValue for medico
2024-10-06T23:09:03.749-03:00 DEBUG 13228 --- [ms-dfs-reservas] [           main] org.hibernate.mapping.BasicValue         : Skipping column re-registration: cita.medico
2024-10-06T23:09:03.749-03:00 DEBUG 13228 --- [ms-dfs-reservas] [           main] o.h.boot.model.internal.PropertyBinder   : Building property medico
2024-10-06T23:09:03.749-03:00 DEBUG 13228 --- [ms-dfs-reservas] [           main] o.h.boot.model.internal.AnnotatedColumn  : Binding column: AnnotatedColumn(column='paciente')
2024-10-06T23:09:03.749-03:00 DEBUG 13228 --- [ms-dfs-reservas] [           main] o.h.boot.model.internal.PropertyBinder   : MetadataSourceProcessor property paciente with lazy=false
2024-10-06T23:09:03.749-03:00 DEBUG 13228 --- [ms-dfs-reservas] [           main] o.h.b.m.internal.AbstractPropertyHolder  : Attempting to locate auto-apply AttributeConverter for property [dfs.s3.ms_dfs_reservas.model.Cita:paciente]
2024-10-06T23:09:03.749-03:00 DEBUG 13228 --- [ms-dfs-reservas] [           main] o.h.b.model.internal.BasicValueBinder    : building BasicValue for paciente
2024-10-06T23:09:03.749-03:00 DEBUG 13228 --- [ms-dfs-reservas] [           main] org.hibernate.mapping.BasicValue         : Skipping column re-registration: cita.paciente
2024-10-06T23:09:03.749-03:00 DEBUG 13228 --- [ms-dfs-reservas] [           main] o.h.boot.model.internal.PropertyBinder   : Building property paciente
2024-10-06T23:09:03.749-03:00 DEBUG 13228 --- [ms-dfs-reservas] [           main] o.h.b.r.c.i.ClassLoaderServiceImpl       : HHH000194: Package not found or no package-info.java: dfs.s3.ms_dfs_reservas.model
2024-10-06T23:09:03.750-03:00 DEBUG 13228 --- [ms-dfs-reservas] [           main] o.h.b.model.internal.BasicValueBinder    : Starting `BasicValueBinder#fillSimpleValue` for id
2024-10-06T23:09:03.750-03:00 DEBUG 13228 --- [ms-dfs-reservas] [           main] o.h.b.model.internal.BasicValueBinder    : Starting `BasicValueBinder#fillSimpleValue` for disponible
2024-10-06T23:09:03.750-03:00 DEBUG 13228 --- [ms-dfs-reservas] [           main] o.h.b.model.internal.BasicValueBinder    : Starting `BasicValueBinder#fillSimpleValue` for fecha_hora
2024-10-06T23:09:03.750-03:00 DEBUG 13228 --- [ms-dfs-reservas] [           main] o.h.b.model.internal.BasicValueBinder    : Starting `BasicValueBinder#fillSimpleValue` for fin
2024-10-06T23:09:03.750-03:00 DEBUG 13228 --- [ms-dfs-reservas] [           main] o.h.b.model.internal.BasicValueBinder    : Starting `BasicValueBinder#fillSimpleValue` for inicio
2024-10-06T23:09:03.750-03:00 DEBUG 13228 --- [ms-dfs-reservas] [           main] o.h.b.model.internal.BasicValueBinder    : Starting `BasicValueBinder#fillSimpleValue` for medico
2024-10-06T23:09:03.750-03:00 DEBUG 13228 --- [ms-dfs-reservas] [           main] o.h.b.model.internal.BasicValueBinder    : Starting `BasicValueBinder#fillSimpleValue` for paciente
2024-10-06T23:09:03.750-03:00 DEBUG 13228 --- [ms-dfs-reservas] [           main] org.hibernate.mapping.PrimaryKey         : Forcing column [id] to be non-null as it is part of the primary key for table [cita]
2024-10-06T23:09:03.758-03:00 DEBUG 13228 --- [ms-dfs-reservas] [           main] o.hibernate.internal.SessionFactoryImpl  : Building session factory
2024-10-06T23:09:03.759-03:00 DEBUG 13228 --- [ms-dfs-reservas] [           main] .h.s.i.SessionFactoryServiceRegistryImpl : EventListenerRegistry access via ServiceRegistry is deprecated.  Use `sessionFactory.getEventEngine().getListenerRegistry()` instead
2024-10-06T23:09:03.760-03:00 DEBUG 13228 --- [ms-dfs-reservas] [           main] o.hibernate.internal.SessionFactoryImpl  : Instantiating SessionFactory with settings: {java.specification.version=22, sun.cpu.isalist=amd64, hibernate.resource.beans.container=org.springframework.orm.hibernate5.SpringBeanContainer@8862881, hibernate.connection.handling_mode=DELAYED_ACQUISITION_AND_HOLD, sun.jnu.encoding=Cp1252, hibernate.dialect=org.hibernate.dialect.OracleDialect, hibernate.implicit_naming_strategy=org.springframework.boot.orm.jpa.hibernate.SpringImplicitNamingStrategy, java.class.path=C:\Users\puffo\OneDrive\Documentos\GitHub\ms-dfs-reservas\target\test-classes;C:\Users\puffo\OneDrive\Documentos\GitHub\ms-dfs-reservas\target\classes;C:\Users\puffo\.m2\repository\org\springframework\boot\spring-boot-starter-actuator\3.3.3\spring-boot-starter-actuator-3.3.3.jar;C:\Users\puffo\.m2\repository\org\springframework\boot\spring-boot-starter\3.3.3\spring-boot-starter-3.3.3.jar;C:\Users\puffo\.m2\repository\org\springframework\boot\spring-boot-starter-logging\3.3.3\spring-boot-starter-logging-3.3.3.jar;C:\Users\puffo\.m2\repository\ch\qos\logback\logback-classic\1.5.7\logback-classic-1.5.7.jar;C:\Users\puffo\.m2\repository\ch\qos\logback\logback-core\1.5.7\logback-core-1.5.7.jar;C:\Users\puffo\.m2\repository\org\apache\logging\log4j\log4j-to-slf4j\2.23.1\log4j-to-slf4j-2.23.1.jar;C:\Users\puffo\.m2\repository\org\apache\logging\log4j\log4j-api\2.23.1\log4j-api-2.23.1.jar;C:\Users\puffo\.m2\repository\org\slf4j\jul-to-slf4j\2.0.16\jul-to-slf4j-2.0.16.jar;C:\Users\puffo\.m2\repository\jakarta\annotation\jakarta.annotation-api\2.1.1\jakarta.annotation-api-2.1.1.jar;C:\Users\puffo\.m2\repository\org\yaml\snakeyaml\2.2\snakeyaml-2.2.jar;C:\Users\puffo\.m2\repository\org\springframework\boot\spring-boot-actuator-autoconfigure\3.3.3\spring-boot-actuator-autoconfigure-3.3.3.jar;C:\Users\puffo\.m2\repository\org\springframework\boot\spring-boot-actuator\3.3.3\spring-boot-actuator-3.3.3.jar;C:\Users\puffo\.m2\repository\com\fasterxml\jackson\core\jackson-databind\2.17.2\jackson-databind-2.17.2.jar;C:\Users\puffo\.m2\repository\com\fasterxml\jackson\core\jackson-annotations\2.17.2\jackson-annotations-2.17.2.jar;C:\Users\puffo\.m2\repository\com\fasterxml\jackson\core\jackson-core\2.17.2\jackson-core-2.17.2.jar;C:\Users\puffo\.m2\repository\com\fasterxml\jackson\datatype\jackson-datatype-jsr310\2.17.2\jackson-datatype-jsr310-2.17.2.jar;C:\Users\puffo\.m2\repository\io\micrometer\micrometer-observation\1.13.3\micrometer-observation-1.13.3.jar;C:\Users\puffo\.m2\repository\io\micrometer\micrometer-commons\1.13.3\micrometer-commons-1.13.3.jar;C:\Users\puffo\.m2\repository\io\micrometer\micrometer-jakarta9\1.13.3\micrometer-jakarta9-1.13.3.jar;C:\Users\puffo\.m2\repository\io\micrometer\micrometer-core\1.13.3\micrometer-core-1.13.3.jar;C:\Users\puffo\.m2\repository\org\hdrhistogram\HdrHistogram\2.2.2\HdrHistogram-2.2.2.jar;C:\Users\puffo\.m2\repository\org\latencyutils\LatencyUtils\2.0.3\LatencyUtils-2.0.3.jar;C:\Users\puffo\.m2\repository\org\springframework\boot\spring-boot-starter-web\3.3.3\spring-boot-starter-web-3.3.3.jar;C:\Users\puffo\.m2\repository\org\springframework\boot\spring-boot-starter-json\3.3.3\spring-boot-starter-json-3.3.3.jar;C:\Users\puffo\.m2\repository\com\fasterxml\jackson\datatype\jackson-datatype-jdk8\2.17.2\jackson-datatype-jdk8-2.17.2.jar;C:\Users\puffo\.m2\repository\com\fasterxml\jackson\module\jackson-module-parameter-names\2.17.2\jackson-module-parameter-names-2.17.2.jar;C:\Users\puffo\.m2\repository\org\springframework\boot\spring-boot-starter-tomcat\3.3.3\spring-boot-starter-tomcat-3.3.3.jar;C:\Users\puffo\.m2\repository\org\apache\tomcat\embed\tomcat-embed-core\10.1.28\tomcat-embed-core-10.1.28.jar;C:\Users\puffo\.m2\repository\org\apache\tomcat\embed\tomcat-embed-websocket\10.1.28\tomcat-embed-websocket-10.1.28.jar;C:\Users\puffo\.m2\repository\org\springframework\spring-web\6.1.12\spring-web-6.1.12.jar;C:\Users\puffo\.m2\repository\org\springframework\spring-beans\6.1.12\spring-beans-6.1.12.jar;C:\Users\puffo\.m2\repository\org\springframework\spring-webmvc\6.1.12\spring-webmvc-6.1.12.jar;C:\Users\puffo\.m2\repository\org\springframework\spring-aop\6.1.12\spring-aop-6.1.12.jar;C:\Users\puffo\.m2\repository\org\springframework\spring-context\6.1.12\spring-context-6.1.12.jar;C:\Users\puffo\.m2\repository\org\springframework\spring-expression\6.1.12\spring-expression-6.1.12.jar;C:\Users\puffo\.m2\repository\org\springframework\boot\spring-boot-devtools\3.3.3\spring-boot-devtools-3.3.3.jar;C:\Users\puffo\.m2\repository\org\springframework\boot\spring-boot\3.3.3\spring-boot-3.3.3.jar;C:\Users\puffo\.m2\repository\org\springframework\boot\spring-boot-autoconfigure\3.3.3\spring-boot-autoconfigure-3.3.3.jar;C:\Users\puffo\.m2\repository\org\projectlombok\lombok\1.18.34\lombok-1.18.34.jar;C:\Users\puffo\.m2\repository\org\springframework\boot\spring-boot-starter-test\3.3.3\spring-boot-starter-test-3.3.3.jar;C:\Users\puffo\.m2\repository\org\springframework\boot\spring-boot-test\3.3.3\spring-boot-test-3.3.3.jar;C:\Users\puffo\.m2\repository\org\springframework\boot\spring-boot-test-autoconfigure\3.3.3\spring-boot-test-autoconfigure-3.3.3.jar;C:\Users\puffo\.m2\repository\com\jayway\jsonpath\json-path\2.9.0\json-path-2.9.0.jar;C:\Users\puffo\.m2\repository\org\slf4j\slf4j-api\2.0.16\slf4j-api-2.0.16.jar;C:\Users\puffo\.m2\repository\jakarta\xml\bind\jakarta.xml.bind-api\4.0.2\jakarta.xml.bind-api-4.0.2.jar;C:\Users\puffo\.m2\repository\jakarta\activation\jakarta.activation-api\2.1.3\jakarta.activation-api-2.1.3.jar;C:\Users\puffo\.m2\repository\net\minidev\json-smart\2.5.1\json-smart-2.5.1.jar;C:\Users\puffo\.m2\repository\net\minidev\accessors-smart\2.5.1\accessors-smart-2.5.1.jar;C:\Users\puffo\.m2\repository\org\ow2\asm\asm\9.6\asm-9.6.jar;C:\Users\puffo\.m2\repository\org\assertj\assertj-core\3.25.3\assertj-core-3.25.3.jar;C:\Users\puffo\.m2\repository\net\bytebuddy\byte-buddy\1.14.19\byte-buddy-1.14.19.jar;C:\Users\puffo\.m2\repository\org\awaitility\awaitility\4.2.2\awaitility-4.2.2.jar;C:\Users\puffo\.m2\repository\org\junit\jupiter\junit-jupiter\5.10.3\junit-jupiter-5.10.3.jar;C:\Users\puffo\.m2\repository\org\junit\jupiter\junit-jupiter-api\5.10.3\junit-jupiter-api-5.10.3.jar;C:\Users\puffo\.m2\repository\org\opentest4j\opentest4j\1.3.0\opentest4j-1.3.0.jar;C:\Users\puffo\.m2\repository\org\junit\platform\junit-platform-commons\1.10.3\junit-platform-commons-1.10.3.jar;C:\Users\puffo\.m2\repository\org\apiguardian\apiguardian-api\1.1.2\apiguardian-api-1.1.2.jar;C:\Users\puffo\.m2\repository\org\junit\jupiter\junit-jupiter-params\5.10.3\junit-jupiter-params-5.10.3.jar;C:\Users\puffo\.m2\repository\org\junit\jupiter\junit-jupiter-engine\5.10.3\junit-jupiter-engine-5.10.3.jar;C:\Users\puffo\.m2\repository\org\junit\platform\junit-platform-engine\1.10.3\junit-platform-engine-1.10.3.jar;C:\Users\puffo\.m2\repository\org\mockito\mockito-core\5.11.0\mockito-core-5.11.0.jar;C:\Users\puffo\.m2\repository\net\bytebuddy\byte-buddy-agent\1.14.19\byte-buddy-agent-1.14.19.jar;C:\Users\puffo\.m2\repository\org\objenesis\objenesis\3.3\objenesis-3.3.jar;C:\Users\puffo\.m2\repository\org\mockito\mockito-junit-jupiter\5.11.0\mockito-junit-jupiter-5.11.0.jar;C:\Users\puffo\.m2\repository\org\skyscreamer\jsonassert\1.5.3\jsonassert-1.5.3.jar;C:\Users\puffo\.m2\repository\com\vaadin\external\google\android-json\0.0.20131108.vaadin1\android-json-0.0.20131108.vaadin1.jar;C:\Users\puffo\.m2\repository\org\springframework\spring-core\6.1.12\spring-core-6.1.12.jar;C:\Users\puffo\.m2\repository\org\springframework\spring-jcl\6.1.12\spring-jcl-6.1.12.jar;C:\Users\puffo\.m2\repository\org\springframework\spring-test\6.1.12\spring-test-6.1.12.jar;C:\Users\puffo\.m2\repository\org\xmlunit\xmlunit-core\2.9.1\xmlunit-core-2.9.1.jar;C:\Users\puffo\.m2\repository\org\springframework\boot\spring-boot-starter-data-jpa\3.3.3\spring-boot-starter-data-jpa-3.3.3.jar;C:\Users\puffo\.m2\repository\org\springframework\boot\spring-boot-starter-aop\3.3.3\spring-boot-starter-aop-3.3.3.jar;C:\Users\puffo\.m2\repository\org\aspectj\aspectjweaver\1.9.22.1\aspectjweaver-1.9.22.1.jar;C:\Users\puffo\.m2\repository\org\springframework\boot\spring-boot-starter-jdbc\3.3.3\spring-boot-starter-jdbc-3.3.3.jar;C:\Users\puffo\.m2\repository\com\zaxxer\HikariCP\5.1.0\HikariCP-5.1.0.jar;C:\Users\puffo\.m2\repository\org\springframework\spring-jdbc\6.1.12\spring-jdbc-6.1.12.jar;C:\Users\puffo\.m2\repository\org\hibernate\orm\hibernate-core\6.5.2.Final\hibernate-core-6.5.2.Final.jar;C:\Users\puffo\.m2\repository\jakarta\persistence\jakarta.persistence-api\3.1.0\jakarta.persistence-api-3.1.0.jar;C:\Users\puffo\.m2\repository\jakarta\transaction\jakarta.transaction-api\2.0.1\jakarta.transaction-api-2.0.1.jar;C:\Users\puffo\.m2\repository\org\jboss\logging\jboss-logging\3.5.3.Final\jboss-logging-3.5.3.Final.jar;C:\Users\puffo\.m2\repository\org\hibernate\common\hibernate-commons-annotations\6.0.6.Final\hibernate-commons-annotations-6.0.6.Final.jar;C:\Users\puffo\.m2\repository\io\smallrye\jandex\3.1.2\jandex-3.1.2.jar;C:\Users\puffo\.m2\repository\com\fasterxml\classmate\1.7.0\classmate-1.7.0.jar;C:\Users\puffo\.m2\repository\org\glassfish\jaxb\jaxb-runtime\4.0.5\jaxb-runtime-4.0.5.jar;C:\Users\puffo\.m2\repository\org\glassfish\jaxb\jaxb-core\4.0.5\jaxb-core-4.0.5.jar;C:\Users\puffo\.m2\repository\org\eclipse\angus\angus-activation\2.0.2\angus-activation-2.0.2.jar;C:\Users\puffo\.m2\repository\org\glassfish\jaxb\txw2\4.0.5\txw2-4.0.5.jar;C:\Users\puffo\.m2\repository\com\sun\istack\istack-commons-runtime\4.1.2\istack-commons-runtime-4.1.2.jar;C:\Users\puffo\.m2\repository\jakarta\inject\jakarta.inject-api\2.0.1\jakarta.inject-api-2.0.1.jar;C:\Users\puffo\.m2\repository\org\antlr\antlr4-runtime\4.13.0\antlr4-runtime-4.13.0.jar;C:\Users\puffo\.m2\repository\org\springframework\data\spring-data-jpa\3.3.3\spring-data-jpa-3.3.3.jar;C:\Users\puffo\.m2\repository\org\springframework\data\spring-data-commons\3.3.3\spring-data-commons-3.3.3.jar;C:\Users\puffo\.m2\repository\org\springframework\spring-orm\6.1.12\spring-orm-6.1.12.jar;C:\Users\puffo\.m2\repository\org\springframework\spring-tx\6.1.12\spring-tx-6.1.12.jar;C:\Users\puffo\.m2\repository\org\springframework\spring-aspects\6.1.12\spring-aspects-6.1.12.jar;C:\Users\puffo\.m2\repository\com\oracle\database\jdbc\ojdbc11\21.9.0.0\ojdbc11-21.9.0.0.jar;C:\Users\puffo\.m2\repository\com\oracle\database\jdbc\ucp11\21.9.0.0\ucp11-21.9.0.0.jar;C:\Users\puffo\.m2\repository\com\oracle\database\jdbc\rsi\21.9.0.0\rsi-21.9.0.0.jar;C:\Users\puffo\.m2\repository\com\oracle\database\ha\simplefan\21.9.0.0\simplefan-21.9.0.0.jar;C:\Users\puffo\.m2\repository\com\oracle\database\ha\ons\21.9.0.0\ons-21.9.0.0.jar;C:\Users\puffo\.m2\repository\com\oracle\database\nls\orai18n\21.9.0.0\orai18n-21.9.0.0.jar;C:\Users\puffo\.m2\repository\com\oracle\database\xml\xdb\21.9.0.0\xdb-21.9.0.0.jar;C:\Users\puffo\.m2\repository\com\oracle\database\xml\xmlparserv2\21.9.0.0\xmlparserv2-21.9.0.0.jar;C:\Users\puffo\.m2\repository\com\oracle\database\security\oraclepki\21.5.0.0\oraclepki-21.5.0.0.jar;C:\Users\puffo\.m2\repository\com\oracle\database\security\osdt_cert\21.5.0.0\osdt_cert-21.5.0.0.jar;C:\Users\puffo\.m2\repository\com\oracle\database\security\osdt_core\21.5.0.0\osdt_core-21.5.0.0.jar;C:\Users\puffo\.m2\repository\org\hamcrest\hamcrest\2.2\hamcrest-2.2.jar;C:\Users\puffo\.m2\repository\org\springframework\boot\spring-boot-starter-validation\3.3.3\spring-boot-starter-validation-3.3.3.jar;C:\Users\puffo\.m2\repository\org\apache\tomcat\embed\tomcat-embed-el\10.1.28\tomcat-embed-el-10.1.28.jar;C:\Users\puffo\.m2\repository\org\hibernate\validator\hibernate-validator\8.0.1.Final\hibernate-validator-8.0.1.Final.jar;C:\Users\puffo\.m2\repository\jakarta\validation\jakarta.validation-api\3.0.2\jakarta.validation-api-3.0.2.jar;C:\Users\puffo\.m2\repository\org\springframework\boot\spring-boot-starter-hateoas\3.3.3\spring-boot-starter-hateoas-3.3.3.jar;C:\Users\puffo\.m2\repository\org\springframework\hateoas\spring-hateoas\2.3.2\spring-hateoas-2.3.2.jar;C:\Users\puffo\.m2\repository\org\springframework\plugin\spring-plugin-core\3.0.0\spring-plugin-core-3.0.0.jar;, java.vm.vendor=Oracle Corporation, sun.arch.data.model=64, user.variant=, java.vendor.url=https://java.oracle.com/, user.timezone=America/Santiago, jakarta.persistence.sharedCache.mode=UNSPECIFIED, org.jboss.logging.provider=slf4j, java.vm.specification.version=22, os.name=Windows 11, jakarta.persistence.nonJtaDataSource=HikariDataSource (HikariPool-2), sun.java.launcher=SUN_STANDARD, user.country=CL, sun.boot.library.path=C:\Program Files\Java\jdk-22\bin, sun.java.command=C:\Users\puffo\AppData\Local\Temp\surefire12193602889085560697\surefirebooter-20241006230856246_3.jar C:\Users\puffo\AppData\Local\Temp\surefire12193602889085560697 2024-10-06T23-08-56_154-jvmRun1 surefire-20241006230856246_1tmp surefire_0-20241006230856246_2tmp, javax.persistence.nonJtaDataSource=HikariDataSource (HikariPool-2), hibernate.transaction.jta.platform=org.hibernate.engine.transaction.jta.platform.internal.NoJtaPlatform@64176780, jdk.debug=release, surefire.test.class.path=C:\Users\puffo\OneDrive\Documentos\GitHub\ms-dfs-reservas\target\test-classes;C:\Users\puffo\OneDrive\Documentos\GitHub\ms-dfs-reservas\target\classes;C:\Users\puffo\.m2\repository\org\springframework\boot\spring-boot-starter-actuator\3.3.3\spring-boot-starter-actuator-3.3.3.jar;C:\Users\puffo\.m2\repository\org\springframework\boot\spring-boot-starter\3.3.3\spring-boot-starter-3.3.3.jar;C:\Users\puffo\.m2\repository\org\springframework\boot\spring-boot-starter-logging\3.3.3\spring-boot-starter-logging-3.3.3.jar;C:\Users\puffo\.m2\repository\ch\qos\logback\logback-classic\1.5.7\logback-classic-1.5.7.jar;C:\Users\puffo\.m2\repository\ch\qos\logback\logback-core\1.5.7\logback-core-1.5.7.jar;C:\Users\puffo\.m2\repository\org\apache\logging\log4j\log4j-to-slf4j\2.23.1\log4j-to-slf4j-2.23.1.jar;C:\Users\puffo\.m2\repository\org\apache\logging\log4j\log4j-api\2.23.1\log4j-api-2.23.1.jar;C:\Users\puffo\.m2\repository\org\slf4j\jul-to-slf4j\2.0.16\jul-to-slf4j-2.0.16.jar;C:\Users\puffo\.m2\repository\jakarta\annotation\jakarta.annotation-api\2.1.1\jakarta.annotation-api-2.1.1.jar;C:\Users\puffo\.m2\repository\org\yaml\snakeyaml\2.2\snakeyaml-2.2.jar;C:\Users\puffo\.m2\repository\org\springframework\boot\spring-boot-actuator-autoconfigure\3.3.3\spring-boot-actuator-autoconfigure-3.3.3.jar;C:\Users\puffo\.m2\repository\org\springframework\boot\spring-boot-actuator\3.3.3\spring-boot-actuator-3.3.3.jar;C:\Users\puffo\.m2\repository\com\fasterxml\jackson\core\jackson-databind\2.17.2\jackson-databind-2.17.2.jar;C:\Users\puffo\.m2\repository\com\fasterxml\jackson\core\jackson-annotations\2.17.2\jackson-annotations-2.17.2.jar;C:\Users\puffo\.m2\repository\com\fasterxml\jackson\core\jackson-core\2.17.2\jackson-core-2.17.2.jar;C:\Users\puffo\.m2\repository\com\fasterxml\jackson\datatype\jackson-datatype-jsr310\2.17.2\jackson-datatype-jsr310-2.17.2.jar;C:\Users\puffo\.m2\repository\io\micrometer\micrometer-observation\1.13.3\micrometer-observation-1.13.3.jar;C:\Users\puffo\.m2\repository\io\micrometer\micrometer-commons\1.13.3\micrometer-commons-1.13.3.jar;C:\Users\puffo\.m2\repository\io\micrometer\micrometer-jakarta9\1.13.3\micrometer-jakarta9-1.13.3.jar;C:\Users\puffo\.m2\repository\io\micrometer\micrometer-core\1.13.3\micrometer-core-1.13.3.jar;C:\Users\puffo\.m2\repository\org\hdrhistogram\HdrHistogram\2.2.2\HdrHistogram-2.2.2.jar;C:\Users\puffo\.m2\repository\org\latencyutils\LatencyUtils\2.0.3\LatencyUtils-2.0.3.jar;C:\Users\puffo\.m2\repository\org\springframework\boot\spring-boot-starter-web\3.3.3\spring-boot-starter-web-3.3.3.jar;C:\Users\puffo\.m2\repository\org\springframework\boot\spring-boot-starter-json\3.3.3\spring-boot-starter-json-3.3.3.jar;C:\Users\puffo\.m2\repository\com\fasterxml\jackson\datatype\jackson-datatype-jdk8\2.17.2\jackson-datatype-jdk8-2.17.2.jar;C:\Users\puffo\.m2\repository\com\fasterxml\jackson\module\jackson-module-parameter-names\2.17.2\jackson-module-parameter-names-2.17.2.jar;C:\Users\puffo\.m2\repository\org\springframework\boot\spring-boot-starter-tomcat\3.3.3\spring-boot-starter-tomcat-3.3.3.jar;C:\Users\puffo\.m2\repository\org\apache\tomcat\embed\tomcat-embed-core\10.1.28\tomcat-embed-core-10.1.28.jar;C:\Users\puffo\.m2\repository\org\apache\tomcat\embed\tomcat-embed-websocket\10.1.28\tomcat-embed-websocket-10.1.28.jar;C:\Users\puffo\.m2\repository\org\springframework\spring-web\6.1.12\spring-web-6.1.12.jar;C:\Users\puffo\.m2\repository\org\springframework\spring-beans\6.1.12\spring-beans-6.1.12.jar;C:\Users\puffo\.m2\repository\org\springframework\spring-webmvc\6.1.12\spring-webmvc-6.1.12.jar;C:\Users\puffo\.m2\repository\org\springframework\spring-aop\6.1.12\spring-aop-6.1.12.jar;C:\Users\puffo\.m2\repository\org\springframework\spring-context\6.1.12\spring-context-6.1.12.jar;C:\Users\puffo\.m2\repository\org\springframework\spring-expression\6.1.12\spring-expression-6.1.12.jar;C:\Users\puffo\.m2\repository\org\springframework\boot\spring-boot-devtools\3.3.3\spring-boot-devtools-3.3.3.jar;C:\Users\puffo\.m2\repository\org\springframework\boot\spring-boot\3.3.3\spring-boot-3.3.3.jar;C:\Users\puffo\.m2\repository\org\springframework\boot\spring-boot-autoconfigure\3.3.3\spring-boot-autoconfigure-3.3.3.jar;C:\Users\puffo\.m2\repository\org\projectlombok\lombok\1.18.34\lombok-1.18.34.jar;C:\Users\puffo\.m2\repository\org\springframework\boot\spring-boot-starter-test\3.3.3\spring-boot-starter-test-3.3.3.jar;C:\Users\puffo\.m2\repository\org\springframework\boot\spring-boot-test\3.3.3\spring-boot-test-3.3.3.jar;C:\Users\puffo\.m2\repository\org\springframework\boot\spring-boot-test-autoconfigure\3.3.3\spring-boot-test-autoconfigure-3.3.3.jar;C:\Users\puffo\.m2\repository\com\jayway\jsonpath\json-path\2.9.0\json-path-2.9.0.jar;C:\Users\puffo\.m2\repository\org\slf4j\slf4j-api\2.0.16\slf4j-api-2.0.16.jar;C:\Users\puffo\.m2\repository\jakarta\xml\bind\jakarta.xml.bind-api\4.0.2\jakarta.xml.bind-api-4.0.2.jar;C:\Users\puffo\.m2\repository\jakarta\activation\jakarta.activation-api\2.1.3\jakarta.activation-api-2.1.3.jar;C:\Users\puffo\.m2\repository\net\minidev\json-smart\2.5.1\json-smart-2.5.1.jar;C:\Users\puffo\.m2\repository\net\minidev\accessors-smart\2.5.1\accessors-smart-2.5.1.jar;C:\Users\puffo\.m2\repository\org\ow2\asm\asm\9.6\asm-9.6.jar;C:\Users\puffo\.m2\repository\org\assertj\assertj-core\3.25.3\assertj-core-3.25.3.jar;C:\Users\puffo\.m2\repository\net\bytebuddy\byte-buddy\1.14.19\byte-buddy-1.14.19.jar;C:\Users\puffo\.m2\repository\org\awaitility\awaitility\4.2.2\awaitility-4.2.2.jar;C:\Users\puffo\.m2\repository\org\junit\jupiter\junit-jupiter\5.10.3\junit-jupiter-5.10.3.jar;C:\Users\puffo\.m2\repository\org\junit\jupiter\junit-jupiter-api\5.10.3\junit-jupiter-api-5.10.3.jar;C:\Users\puffo\.m2\repository\org\opentest4j\opentest4j\1.3.0\opentest4j-1.3.0.jar;C:\Users\puffo\.m2\repository\org\junit\platform\junit-platform-commons\1.10.3\junit-platform-commons-1.10.3.jar;C:\Users\puffo\.m2\repository\org\apiguardian\apiguardian-api\1.1.2\apiguardian-api-1.1.2.jar;C:\Users\puffo\.m2\repository\org\junit\jupiter\junit-jupiter-params\5.10.3\junit-jupiter-params-5.10.3.jar;C:\Users\puffo\.m2\repository\org\junit\jupiter\junit-jupiter-engine\5.10.3\junit-jupiter-engine-5.10.3.jar;C:\Users\puffo\.m2\repository\org\junit\platform\junit-platform-engine\1.10.3\junit-platform-engine-1.10.3.jar;C:\Users\puffo\.m2\repository\org\mockito\mockito-core\5.11.0\mockito-core-5.11.0.jar;C:\Users\puffo\.m2\repository\net\bytebuddy\byte-buddy-agent\1.14.19\byte-buddy-agent-1.14.19.jar;C:\Users\puffo\.m2\repository\org\objenesis\objenesis\3.3\objenesis-3.3.jar;C:\Users\puffo\.m2\repository\org\mockito\mockito-junit-jupiter\5.11.0\mockito-junit-jupiter-5.11.0.jar;C:\Users\puffo\.m2\repository\org\skyscreamer\jsonassert\1.5.3\jsonassert-1.5.3.jar;C:\Users\puffo\.m2\repository\com\vaadin\external\google\android-json\0.0.20131108.vaadin1\android-json-0.0.20131108.vaadin1.jar;C:\Users\puffo\.m2\repository\org\springframework\spring-core\6.1.12\spring-core-6.1.12.jar;C:\Users\puffo\.m2\repository\org\springframework\spring-jcl\6.1.12\spring-jcl-6.1.12.jar;C:\Users\puffo\.m2\repository\org\springframework\spring-test\6.1.12\spring-test-6.1.12.jar;C:\Users\puffo\.m2\repository\org\xmlunit\xmlunit-core\2.9.1\xmlunit-core-2.9.1.jar;C:\Users\puffo\.m2\repository\org\springframework\boot\spring-boot-starter-data-jpa\3.3.3\spring-boot-starter-data-jpa-3.3.3.jar;C:\Users\puffo\.m2\repository\org\springframework\boot\spring-boot-starter-aop\3.3.3\spring-boot-starter-aop-3.3.3.jar;C:\Users\puffo\.m2\repository\org\aspectj\aspectjweaver\1.9.22.1\aspectjweaver-1.9.22.1.jar;C:\Users\puffo\.m2\repository\org\springframework\boot\spring-boot-starter-jdbc\3.3.3\spring-boot-starter-jdbc-3.3.3.jar;C:\Users\puffo\.m2\repository\com\zaxxer\HikariCP\5.1.0\HikariCP-5.1.0.jar;C:\Users\puffo\.m2\repository\org\springframework\spring-jdbc\6.1.12\spring-jdbc-6.1.12.jar;C:\Users\puffo\.m2\repository\org\hibernate\orm\hibernate-core\6.5.2.Final\hibernate-core-6.5.2.Final.jar;C:\Users\puffo\.m2\repository\jakarta\persistence\jakarta.persistence-api\3.1.0\jakarta.persistence-api-3.1.0.jar;C:\Users\puffo\.m2\repository\jakarta\transaction\jakarta.transaction-api\2.0.1\jakarta.transaction-api-2.0.1.jar;C:\Users\puffo\.m2\repository\org\jboss\logging\jboss-logging\3.5.3.Final\jboss-logging-3.5.3.Final.jar;C:\Users\puffo\.m2\repository\org\hibernate\common\hibernate-commons-annotations\6.0.6.Final\hibernate-commons-annotations-6.0.6.Final.jar;C:\Users\puffo\.m2\repository\io\smallrye\jandex\3.1.2\jandex-3.1.2.jar;C:\Users\puffo\.m2\repository\com\fasterxml\classmate\1.7.0\classmate-1.7.0.jar;C:\Users\puffo\.m2\repository\org\glassfish\jaxb\jaxb-runtime\4.0.5\jaxb-runtime-4.0.5.jar;C:\Users\puffo\.m2\repository\org\glassfish\jaxb\jaxb-core\4.0.5\jaxb-core-4.0.5.jar;C:\Users\puffo\.m2\repository\org\eclipse\angus\angus-activation\2.0.2\angus-activation-2.0.2.jar;C:\Users\puffo\.m2\repository\org\glassfish\jaxb\txw2\4.0.5\txw2-4.0.5.jar;C:\Users\puffo\.m2\repository\com\sun\istack\istack-commons-runtime\4.1.2\istack-commons-runtime-4.1.2.jar;C:\Users\puffo\.m2\repository\jakarta\inject\jakarta.inject-api\2.0.1\jakarta.inject-api-2.0.1.jar;C:\Users\puffo\.m2\repository\org\antlr\antlr4-runtime\4.13.0\antlr4-runtime-4.13.0.jar;C:\Users\puffo\.m2\repository\org\springframework\data\spring-data-jpa\3.3.3\spring-data-jpa-3.3.3.jar;C:\Users\puffo\.m2\repository\org\springframework\data\spring-data-commons\3.3.3\spring-data-commons-3.3.3.jar;C:\Users\puffo\.m2\repository\org\springframework\spring-orm\6.1.12\spring-orm-6.1.12.jar;C:\Users\puffo\.m2\repository\org\springframework\spring-tx\6.1.12\spring-tx-6.1.12.jar;C:\Users\puffo\.m2\repository\org\springframework\spring-aspects\6.1.12\spring-aspects-6.1.12.jar;C:\Users\puffo\.m2\repository\com\oracle\database\jdbc\ojdbc11\21.9.0.0\ojdbc11-21.9.0.0.jar;C:\Users\puffo\.m2\repository\com\oracle\database\jdbc\ucp11\21.9.0.0\ucp11-21.9.0.0.jar;C:\Users\puffo\.m2\repository\com\oracle\database\jdbc\rsi\21.9.0.0\rsi-21.9.0.0.jar;C:\Users\puffo\.m2\repository\com\oracle\database\ha\simplefan\21.9.0.0\simplefan-21.9.0.0.jar;C:\Users\puffo\.m2\repository\com\oracle\database\ha\ons\21.9.0.0\ons-21.9.0.0.jar;C:\Users\puffo\.m2\repository\com\oracle\database\nls\orai18n\21.9.0.0\orai18n-21.9.0.0.jar;C:\Users\puffo\.m2\repository\com\oracle\database\xml\xdb\21.9.0.0\xdb-21.9.0.0.jar;C:\Users\puffo\.m2\repository\com\oracle\database\xml\xmlparserv2\21.9.0.0\xmlparserv2-21.9.0.0.jar;C:\Users\puffo\.m2\repository\com\oracle\database\security\oraclepki\21.5.0.0\oraclepki-21.5.0.0.jar;C:\Users\puffo\.m2\repository\com\oracle\database\security\osdt_cert\21.5.0.0\osdt_cert-21.5.0.0.jar;C:\Users\puffo\.m2\repository\com\oracle\database\security\osdt_core\21.5.0.0\osdt_core-21.5.0.0.jar;C:\Users\puffo\.m2\repository\org\hamcrest\hamcrest\2.2\hamcrest-2.2.jar;C:\Users\puffo\.m2\repository\org\springframework\boot\spring-boot-starter-validation\3.3.3\spring-boot-starter-validation-3.3.3.jar;C:\Users\puffo\.m2\repository\org\apache\tomcat\embed\tomcat-embed-el\10.1.28\tomcat-embed-el-10.1.28.jar;C:\Users\puffo\.m2\repository\org\hibernate\validator\hibernate-validator\8.0.1.Final\hibernate-validator-8.0.1.Final.jar;C:\Users\puffo\.m2\repository\jakarta\validation\jakarta.validation-api\3.0.2\jakarta.validation-api-3.0.2.jar;C:\Users\puffo\.m2\repository\org\springframework\boot\spring-boot-starter-hateoas\3.3.3\spring-boot-starter-hateoas-3.3.3.jar;C:\Users\puffo\.m2\repository\org\springframework\hateoas\spring-hateoas\2.3.2\spring-hateoas-2.3.2.jar;C:\Users\puffo\.m2\repository\org\springframework\plugin\spring-plugin-core\3.0.0\spring-plugin-core-3.0.0.jar;, sun.cpu.endian=little, hibernate.cdi.extensions=true, user.home=C:\Users\puffo, user.language=es, java.specification.vendor=Oracle Corporation, java.version.date=2024-07-16, java.home=C:\Program Files\Java\jdk-22, file.separator=\, basedir=C:\Users\puffo\OneDrive\Documentos\GitHub\ms-dfs-reservas, java.vm.compressedOopsMode=Zero based, line.separator=
, hibernate.persistenceUnitName=default, java.vm.specification.vendor=Oracle Corporation, java.specification.name=Java Platform API Specification, FILE_LOG_CHARSET=UTF-8, hibernate.transaction.coordinator_class=class org.hibernate.resource.transaction.backend.jdbc.internal.JdbcResourceLocalTransactionCoordinatorBuilderImpl, java.awt.headless=true, surefire.real.class.path=C:\Users\puffo\AppData\Local\Temp\surefire12193602889085560697\surefirebooter-20241006230856246_3.jar, jakarta.persistence.validation.mode=AUTO, user.script=, sun.management.compiler=HotSpot 64-Bit Tiered Compilers, java.runtime.version=22.0.2+9-70, user.name=puffo, stdout.encoding=Cp1252, path.separator=;, os.version=10.0, java.runtime.name=Java(TM) SE Runtime Environment, file.encoding=UTF-8, java.vm.name=Java HotSpot(TM) 64-Bit Server VM, hibernate.show_sql=true, localRepository=C:\Users\puffo\.m2\repository, java.vendor.url.bug=https://bugreport.java.com/bugreport/, java.io.tmpdir=C:\Users\puffo\AppData\Local\Temp\, java.version=22.0.2, hibernate.physical_naming_strategy=org.hibernate.boot.model.naming.CamelCaseToUnderscoresNamingStrategy, user.dir=C:\Users\puffo\OneDrive\Documentos\GitHub\ms-dfs-reservas, os.arch=amd64, java.vm.specification.name=Java Virtual Machine Specification, PID=13228, sun.os.patch.level=, CONSOLE_LOG_CHARSET=UTF-8, hibernate.boot.CfgXmlAccessService.key=org.hibernate.boot.registry.StandardServiceRegistryBuilder$1@61668c05, native.encoding=Cp1252, java.library.path=C:\Program Files\Java\jdk-22\bin;C:\Windows\Sun\Java\bin;C:\Windows\system32;C:\Windows;C:\Program Files\Common Files\Oracle\Java\javapath;C:\Maven\bin;C:\Windows\system32;C:\Windows;C:\Windows\System32\Wbem;C:\Windows\System32\WindowsPowerShell\v1.0\;C:\Windows\System32\OpenSSH\;C:\Program Files\NVIDIA Corporation\NVIDIA NvDLISR;C:\Program Files (x86)\NVIDIA Corporation\PhysX\Common;C:\Program Files\Git\cmd;C:\Program Files\Docker\Docker\resources\bin;C:\Users\puffo\AppData\Local\Microsoft\WindowsApps;C:\Users\puffo\AppData\Local\Programs\Microsoft VS Code\bin;C:\Users\puffo\AppData\Local\GitHubDesktop\bin;., stderr.encoding=Cp1252, java.vendor=Oracle Corporation, java.vm.info=mixed mode, sharing, java.vm.version=22.0.2+9-70, sun.io.unicode.encoding=UnicodeLittle, hibernate.archive.scanner=org.hibernate.boot.archive.scan.internal.DisabledScanner, hibernate.connection.datasource=HikariDataSource (HikariPool-2), java.class.version=66.0, LOGGED_APPLICATION_NAME=[ms-dfs-reservas] }
2024-10-06T23:09:03.760-03:00 DEBUG 13228 --- [ms-dfs-reservas] [           main] o.hibernate.internal.SessionFactoryImpl  : Session factory constructed with filter configurations : {}
2024-10-06T23:09:03.760-03:00 DEBUG 13228 --- [ms-dfs-reservas] [           main] o.h.v.i.xml.config.ValidationXmlParser   : Trying to load META-INF/validation.xml for XML based Validator configuration.
2024-10-06T23:09:03.760-03:00 DEBUG 13228 --- [ms-dfs-reservas] [           main] o.h.v.i.xml.config.ResourceLoaderHelper  : Trying to load META-INF/validation.xml via TCCL
2024-10-06T23:09:03.760-03:00 DEBUG 13228 --- [ms-dfs-reservas] [           main] o.h.v.i.xml.config.ResourceLoaderHelper  : Trying to load META-INF/validation.xml via Hibernate Validator's class loader
2024-10-06T23:09:03.760-03:00 DEBUG 13228 --- [ms-dfs-reservas] [           main] o.h.v.i.xml.config.ValidationXmlParser   : No META-INF/validation.xml found. Using annotation based configuration only.
2024-10-06T23:09:03.760-03:00 DEBUG 13228 --- [ms-dfs-reservas] [           main] o.h.v.i.e.resolver.TraversableResolvers  : Found jakarta.persistence.Persistence on classpath containing 'getPersistenceUtil'. Assuming JPA 2 environment. Trying to instantiate JPA aware TraversableResolver
2024-10-06T23:09:03.760-03:00 DEBUG 13228 --- [ms-dfs-reservas] [           main] o.h.v.i.e.resolver.TraversableResolvers  : Instantiated JPA aware TraversableResolver of type org.hibernate.validator.internal.engine.resolver.JPATraversableResolver.
2024-10-06T23:09:03.761-03:00 DEBUG 13228 --- [ms-dfs-reservas] [           main] .h.v.m.ResourceBundleMessageInterpolator : Loaded expression factory via original TCCL
2024-10-06T23:09:03.761-03:00 DEBUG 13228 --- [ms-dfs-reservas] [           main] .i.e.ValidatorFactoryConfigurationHelper : HV000252: Using org.hibernate.validator.internal.engine.DefaultPropertyNodeNameProvider as property node name provider.
2024-10-06T23:09:03.762-03:00 DEBUG 13228 --- [ms-dfs-reservas] [           main] .i.e.ValidatorFactoryConfigurationHelper : HV000234: Using org.hibernate.validator.messageinterpolation.ResourceBundleMessageInterpolator as ValidatorFactory-scoped message interpolator.
2024-10-06T23:09:03.762-03:00 DEBUG 13228 --- [ms-dfs-reservas] [           main] .i.e.ValidatorFactoryConfigurationHelper : HV000234: Using org.hibernate.validator.internal.engine.resolver.JPATraversableResolver as ValidatorFactory-scoped traversable resolver.
2024-10-06T23:09:03.762-03:00 DEBUG 13228 --- [ms-dfs-reservas] [           main] .i.e.ValidatorFactoryConfigurationHelper : HV000234: Using org.hibernate.validator.internal.util.ExecutableParameterNameProvider as ValidatorFactory-scoped parameter name provider.
2024-10-06T23:09:03.762-03:00 DEBUG 13228 --- [ms-dfs-reservas] [           main] .i.e.ValidatorFactoryConfigurationHelper : HV000234: Using org.hibernate.validator.internal.engine.DefaultClockProvider as ValidatorFactory-scoped clock provider.
2024-10-06T23:09:03.762-03:00 DEBUG 13228 --- [ms-dfs-reservas] [           main] .i.e.ValidatorFactoryConfigurationHelper : HV000234: Using org.hibernate.validator.internal.engine.scripting.DefaultScriptEvaluatorFactory as ValidatorFactory-scoped script evaluator factory.
2024-10-06T23:09:03.762-03:00 DEBUG 13228 --- [ms-dfs-reservas] [           main] o.h.boot.internal.ClassLoaderAccessImpl  : Not known whether passed class name [dfs.s3.ms_dfs_reservas.model.Cita] is safe
2024-10-06T23:09:03.762-03:00 DEBUG 13228 --- [ms-dfs-reservas] [           main] o.h.boot.internal.ClassLoaderAccessImpl  : No temp ClassLoader provided; using live ClassLoader for loading potentially unsafe class : dfs.s3.ms_dfs_reservas.model.Cita
2024-10-06T23:09:03.768-03:00 DEBUG 13228 --- [ms-dfs-reservas] [           main] .h.s.i.SessionFactoryServiceRegistryImpl : EventListenerRegistry access via ServiceRegistry is deprecated.  Use `sessionFactory.getEventEngine().getListenerRegistry()` instead
2024-10-06T23:09:03.768-03:00 DEBUG 13228 --- [ms-dfs-reservas] [           main] .h.t.s.s.SchemaManagementToolCoordinator : No schema actions specified for contributor `orm`; doing nothing
2024-10-06T23:09:03.768-03:00 DEBUG 13228 --- [ms-dfs-reservas] [           main] o.h.q.sqm.function.SqmFunctionRegistry   : Registered SqmFunctionTemplate [NamedSqmFunctionTemplate(max)] under max; prior registration was null
2024-10-06T23:09:03.768-03:00 DEBUG 13228 --- [ms-dfs-reservas] [           main] o.h.q.sqm.function.SqmFunctionRegistry   : Registered SqmFunctionTemplate [NamedSqmFunctionTemplate(min)] under min; prior registration was null
2024-10-06T23:09:03.768-03:00 DEBUG 13228 --- [ms-dfs-reservas] [           main] o.h.q.sqm.function.SqmFunctionRegistry   : Registered SqmFunctionTemplate [NamedSqmFunctionTemplate(sum)] under sum; prior registration was null
2024-10-06T23:09:03.768-03:00 DEBUG 13228 --- [ms-dfs-reservas] [           main] o.h.q.sqm.function.SqmFunctionRegistry   : Registered SqmFunctionTemplate [NamedSqmFunctionTemplate(avg)] under avg; prior registration was null
2024-10-06T23:09:03.768-03:00 DEBUG 13228 --- [ms-dfs-reservas] [           main] o.h.q.sqm.function.SqmFunctionRegistry   : Registered SqmFunctionTemplate [org.hibernate.dialect.function.CountFunction@373efaa2] under count; prior registration was null
2024-10-06T23:09:03.768-03:00 DEBUG 13228 --- [ms-dfs-reservas] [           main] o.h.q.sqm.function.SqmFunctionRegistry   : Registered SqmFunctionTemplate [org.hibernate.dialect.function.EveryAnyEmulation@7dc779bb] under every; prior registration was null
2024-10-06T23:09:03.768-03:00 DEBUG 13228 --- [ms-dfs-reservas] [           main] o.h.q.sqm.function.SqmFunctionRegistry   : Registered SqmFunctionTemplate [org.hibernate.dialect.function.EveryAnyEmulation@213451a4] under any; prior registration was null
2024-10-06T23:09:03.768-03:00 DEBUG 13228 --- [ms-dfs-reservas] [           main] o.h.q.sqm.function.SqmFunctionRegistry   : Registered SqmFunctionTemplate [NamedSqmFunctionTemplate(floor)] under floor; prior registration was null
2024-10-06T23:09:03.768-03:00 DEBUG 13228 --- [ms-dfs-reservas] [           main] o.h.q.sqm.function.SqmFunctionRegistry   : Registered SqmFunctionTemplate [NamedSqmFunctionTemplate(ceiling)] under ceiling; prior registration was null
2024-10-06T23:09:03.768-03:00 DEBUG 13228 --- [ms-dfs-reservas] [           main] o.h.q.sqm.function.SqmFunctionRegistry   : Registered SqmFunctionTemplate [NamedSqmFunctionTemplate(mod)] under mod; prior registration was null
2024-10-06T23:09:03.768-03:00 DEBUG 13228 --- [ms-dfs-reservas] [           main] o.h.q.sqm.function.SqmFunctionRegistry   : Registered SqmFunctionTemplate [NamedSqmFunctionTemplate(abs)] under abs; prior registration was null
2024-10-06T23:09:03.768-03:00 DEBUG 13228 --- [ms-dfs-reservas] [           main] o.h.q.sqm.function.SqmFunctionRegistry   : Registered SqmFunctionTemplate [NamedSqmFunctionTemplate(sign)] under sign; prior registration was null
2024-10-06T23:09:03.768-03:00 DEBUG 13228 --- [ms-dfs-reservas] [           main] o.h.q.sqm.function.SqmFunctionRegistry   : Registered SqmFunctionTemplate [NamedSqmFunctionTemplate(sqrt)] under sqrt; prior registration was null
2024-10-06T23:09:03.768-03:00 DEBUG 13228 --- [ms-dfs-reservas] [           main] o.h.q.sqm.function.SqmFunctionRegistry   : Registered SqmFunctionTemplate [NamedSqmFunctionTemplate(ln)] under ln; prior registration was null
2024-10-06T23:09:03.768-03:00 DEBUG 13228 --- [ms-dfs-reservas] [           main] o.h.q.sqm.function.SqmFunctionRegistry   : Registered SqmFunctionTemplate [NamedSqmFunctionTemplate(exp)] under exp; prior registration was null
2024-10-06T23:09:03.768-03:00 DEBUG 13228 --- [ms-dfs-reservas] [           main] o.h.q.sqm.function.SqmFunctionRegistry   : Registered SqmFunctionTemplate [NamedSqmFunctionTemplate(power)] under power; prior registration was null
2024-10-06T23:09:03.768-03:00 DEBUG 13228 --- [ms-dfs-reservas] [           main] o.h.q.sqm.function.SqmFunctionRegistry   : Registered SqmFunctionTemplate [NamedSqmFunctionTemplate(round)] under round; prior registration was null
2024-10-06T23:09:03.768-03:00 DEBUG 13228 --- [ms-dfs-reservas] [           main] o.h.q.sqm.function.SqmFunctionRegistry   : Registered SqmFunctionTemplate [NamedSqmFunctionTemplate(sin)] under sin; prior registration was null
2024-10-06T23:09:03.768-03:00 DEBUG 13228 --- [ms-dfs-reservas] [           main] o.h.q.sqm.function.SqmFunctionRegistry   : Registered SqmFunctionTemplate [NamedSqmFunctionTemplate(cos)] under cos; prior registration was null
2024-10-06T23:09:03.768-03:00 DEBUG 13228 --- [ms-dfs-reservas] [           main] o.h.q.sqm.function.SqmFunctionRegistry   : Registered SqmFunctionTemplate [NamedSqmFunctionTemplate(tan)] under tan; prior registration was null
2024-10-06T23:09:03.768-03:00 DEBUG 13228 --- [ms-dfs-reservas] [           main] o.h.q.sqm.function.SqmFunctionRegistry   : Registered SqmFunctionTemplate [NamedSqmFunctionTemplate(asin)] under asin; prior registration was null
2024-10-06T23:09:03.768-03:00 DEBUG 13228 --- [ms-dfs-reservas] [           main] o.h.q.sqm.function.SqmFunctionRegistry   : Registered SqmFunctionTemplate [NamedSqmFunctionTemplate(acos)] under acos; prior registration was null
2024-10-06T23:09:03.768-03:00 DEBUG 13228 --- [ms-dfs-reservas] [           main] o.h.q.sqm.function.SqmFunctionRegistry   : Registered SqmFunctionTemplate [NamedSqmFunctionTemplate(atan)] under atan; prior registration was null
2024-10-06T23:09:03.768-03:00 DEBUG 13228 --- [ms-dfs-reservas] [           main] o.h.q.sqm.function.SqmFunctionRegistry   : Registered SqmFunctionTemplate [NamedSqmFunctionTemplate(atan2)] under atan2; prior registration was null
2024-10-06T23:09:03.768-03:00 DEBUG 13228 --- [ms-dfs-reservas] [           main] o.h.q.sqm.function.SqmFunctionRegistry   : Registered SqmFunctionTemplate [org.hibernate.query.sqm.function.PatternBasedSqmFunctionDescriptor@403ca4ec] under sinh; prior registration was null
2024-10-06T23:09:03.768-03:00 DEBUG 13228 --- [ms-dfs-reservas] [           main] o.h.q.sqm.function.SqmFunctionRegistry   : Registered SqmFunctionTemplate [org.hibernate.query.sqm.function.PatternBasedSqmFunctionDescriptor@17bda3] under cosh; prior registration was null
2024-10-06T23:09:03.768-03:00 DEBUG 13228 --- [ms-dfs-reservas] [           main] o.h.q.sqm.function.SqmFunctionRegistry   : Registered SqmFunctionTemplate [org.hibernate.query.sqm.function.PatternBasedSqmFunctionDescriptor@465b16bb] under tanh; prior registration was null
2024-10-06T23:09:03.768-03:00 DEBUG 13228 --- [ms-dfs-reservas] [           main] o.h.q.sqm.function.SqmFunctionRegistry   : Registered SqmFunctionTemplate [org.hibernate.query.sqm.function.PatternBasedSqmFunctionDescriptor@45e1d6a5] under pi; prior registration was null
2024-10-06T23:09:03.768-03:00 DEBUG 13228 --- [ms-dfs-reservas] [           main] o.h.q.sqm.function.SqmFunctionRegistry   : Registered SqmFunctionTemplate [org.hibernate.query.sqm.function.PatternBasedSqmFunctionDescriptor@60df0131] under log; prior registration was null
2024-10-06T23:09:03.768-03:00 DEBUG 13228 --- [ms-dfs-reservas] [           main] o.h.q.sqm.function.SqmFunctionRegistry   : Registered SqmFunctionTemplate [NamedSqmFunctionTemplate(coalesce)] under coalesce; prior registration was null
2024-10-06T23:09:03.768-03:00 DEBUG 13228 --- [ms-dfs-reservas] [           main] o.h.q.sqm.function.SqmFunctionRegistry   : Registered SqmFunctionTemplate [NamedSqmFunctionTemplate(nullif)] under nullif; prior registration was null
2024-10-06T23:09:03.768-03:00 DEBUG 13228 --- [ms-dfs-reservas] [           main] o.h.q.sqm.function.SqmFunctionRegistry   : Registered SqmFunctionTemplate [NamedSqmFunctionTemplate(left)] under left; prior registration was null
2024-10-06T23:09:03.768-03:00 DEBUG 13228 --- [ms-dfs-reservas] [           main] o.h.q.sqm.function.SqmFunctionRegistry   : Registered SqmFunctionTemplate [NamedSqmFunctionTemplate(right)] under right; prior registration was null
2024-10-06T23:09:03.768-03:00 DEBUG 13228 --- [ms-dfs-reservas] [           main] o.h.q.sqm.function.SqmFunctionRegistry   : Registered SqmFunctionTemplate [NamedSqmFunctionTemplate(replace)] under replace; prior registration was null
2024-10-06T23:09:03.768-03:00 DEBUG 13228 --- [ms-dfs-reservas] [           main] o.h.q.sqm.function.SqmFunctionRegistry   : Registered SqmFunctionTemplate [NamedSqmFunctionTemplate(concat)] under concat; prior registration was null
2024-10-06T23:09:03.768-03:00 DEBUG 13228 --- [ms-dfs-reservas] [           main] o.h.q.sqm.function.SqmFunctionRegistry   : Registered SqmFunctionTemplate [NamedSqmFunctionTemplate(lower)] under lower; prior registration was null
2024-10-06T23:09:03.769-03:00 DEBUG 13228 --- [ms-dfs-reservas] [           main] o.h.q.sqm.function.SqmFunctionRegistry   : Registered SqmFunctionTemplate [NamedSqmFunctionTemplate(upper)] under upper; prior registration was null
2024-10-06T23:09:03.769-03:00 DEBUG 13228 --- [ms-dfs-reservas] [           main] o.h.q.sqm.function.SqmFunctionRegistry   : Registered SqmFunctionTemplate [NamedSqmFunctionTemplate(substring)] under substring; prior registration was null
2024-10-06T23:09:03.769-03:00 DEBUG 13228 --- [ms-dfs-reservas] [           main] o.h.q.sqm.function.SqmFunctionRegistry   : Registered SqmFunctionTemplate [NamedSqmFunctionTemplate(locate)] under locate; prior registration was null
2024-10-06T23:09:03.769-03:00 DEBUG 13228 --- [ms-dfs-reservas] [           main] o.h.q.sqm.function.SqmFunctionRegistry   : Registered SqmFunctionTemplate [NamedSqmFunctionTemplate(character_length)] under character_length; prior registration was null
2024-10-06T23:09:03.769-03:00 DEBUG 13228 --- [ms-dfs-reservas] [           main] o.h.q.sqm.function.SqmFunctionRegistry   : Registering alternate key : length -> character_length
2024-10-06T23:09:03.769-03:00 DEBUG 13228 --- [ms-dfs-reservas] [           main] o.h.q.sqm.function.SqmFunctionRegistry   : Registered SqmFunctionTemplate [org.hibernate.dialect.function.LocatePositionEmulation@5d98522c] under position; prior registration was null
2024-10-06T23:09:03.769-03:00 DEBUG 13228 --- [ms-dfs-reservas] [           main] o.h.q.sqm.function.SqmFunctionRegistry   : Registered SqmFunctionTemplate [org.hibernate.dialect.function.InsertSubstringOverlayEmulation@43e869ea] under overlay; prior registration was null
2024-10-06T23:09:03.769-03:00 DEBUG 13228 --- [ms-dfs-reservas] [           main] o.h.q.sqm.function.SqmFunctionRegistry   : Registered SqmFunctionTemplate [org.hibernate.dialect.function.TrimFunction@8f7cbcc] under trim; prior registration was null
2024-10-06T23:09:03.769-03:00 DEBUG 13228 --- [ms-dfs-reservas] [           main] o.h.q.sqm.function.SqmFunctionRegistry   : Registered SqmFunctionTemplate [org.hibernate.dialect.function.CastFunction@10b9956a] under cast; prior registration was null
2024-10-06T23:09:03.769-03:00 DEBUG 13228 --- [ms-dfs-reservas] [           main] o.h.q.sqm.function.SqmFunctionRegistry   : Registered SqmFunctionTemplate [org.hibernate.query.sqm.function.PatternBasedSqmFunctionDescriptor@fafbc63] under collate; prior registration was null
2024-10-06T23:09:03.769-03:00 DEBUG 13228 --- [ms-dfs-reservas] [           main] o.h.q.sqm.function.SqmFunctionRegistry   : Registered SqmFunctionTemplate [org.hibernate.dialect.function.ExtractFunction@f083345] under extract; prior registration was null
2024-10-06T23:09:03.769-03:00 DEBUG 13228 --- [ms-dfs-reservas] [           main] o.h.q.sqm.function.SqmFunctionRegistry   : Registered SqmFunctionTemplate [NamedSqmFunctionTemplate(least)] under least; prior registration was null
2024-10-06T23:09:03.769-03:00 DEBUG 13228 --- [ms-dfs-reservas] [           main] o.h.q.sqm.function.SqmFunctionRegistry   : Registered SqmFunctionTemplate [NamedSqmFunctionTemplate(greatest)] under greatest; prior registration was null
2024-10-06T23:09:03.769-03:00 DEBUG 13228 --- [ms-dfs-reservas] [           main] o.h.q.sqm.function.SqmFunctionRegistry   : Registered SqmFunctionTemplate [org.hibernate.dialect.function.CoalesceIfnullEmulation@391720c3] under ifnull; prior registration was null
2024-10-06T23:09:03.769-03:00 DEBUG 13228 --- [ms-dfs-reservas] [           main] o.h.q.sqm.function.SqmFunctionRegistry   : Registered SqmFunctionTemplate [NamedSqmFunctionTemplate(lpad)] under lpad; prior registration was null
2024-10-06T23:09:03.769-03:00 DEBUG 13228 --- [ms-dfs-reservas] [           main] o.h.q.sqm.function.SqmFunctionRegistry   : Registered SqmFunctionTemplate [NamedSqmFunctionTemplate(rpad)] under rpad; prior registration was null
2024-10-06T23:09:03.769-03:00 DEBUG 13228 --- [ms-dfs-reservas] [           main] o.h.q.sqm.function.SqmFunctionRegistry   : Registered SqmFunctionTemplate [org.hibernate.dialect.function.LpadRpadPadEmulation@6559f04e] under pad; prior registration was null
2024-10-06T23:09:03.769-03:00 DEBUG 13228 --- [ms-dfs-reservas] [           main] o.h.q.sqm.function.SqmFunctionRegistry   : Registered SqmFunctionTemplate [org.hibernate.dialect.function.CastStrEmulation@17e71422] under str; prior registration was null
2024-10-06T23:09:03.769-03:00 DEBUG 13228 --- [ms-dfs-reservas] [           main] o.h.q.sqm.function.SqmFunctionRegistry   : Registered SqmFunctionTemplate [org.hibernate.dialect.function.FormatFunction@59bb8f80] under format; prior registration was null
2024-10-06T23:09:03.770-03:00 DEBUG 13228 --- [ms-dfs-reservas] [           main] o.h.q.sqm.function.SqmFunctionRegistry   : Registered SqmFunctionTemplate [org.hibernate.dialect.function.TimestampaddFunction@592aad4c] under timestampadd; prior registration was null
2024-10-06T23:09:03.770-03:00 DEBUG 13228 --- [ms-dfs-reservas] [           main] o.h.q.sqm.function.SqmFunctionRegistry   : Registered SqmFunctionTemplate [org.hibernate.dialect.function.TimestampdiffFunction@735beda7] under timestampdiff; prior registration was null
2024-10-06T23:09:03.770-03:00 DEBUG 13228 --- [ms-dfs-reservas] [           main] o.h.q.sqm.function.SqmFunctionRegistry   : Registering alternate key : dateadd -> timestampadd
2024-10-06T23:09:03.770-03:00 DEBUG 13228 --- [ms-dfs-reservas] [           main] o.h.q.sqm.function.SqmFunctionRegistry   : Registering alternate key : datediff -> timestampdiff
2024-10-06T23:09:03.770-03:00 DEBUG 13228 --- [ms-dfs-reservas] [           main] o.h.q.sqm.function.SqmFunctionRegistry   : Registered SqmFunctionTemplate [org.hibernate.dialect.function.CurrentFunction@5cb2a1ea] under current_date; prior registration was null
2024-10-06T23:09:03.770-03:00 DEBUG 13228 --- [ms-dfs-reservas] [           main] o.h.q.sqm.function.SqmFunctionRegistry   : Registered SqmFunctionTemplate [org.hibernate.dialect.function.CurrentFunction@59f0f273] under current_time; prior registration was null
2024-10-06T23:09:03.770-03:00 DEBUG 13228 --- [ms-dfs-reservas] [           main] o.h.q.sqm.function.SqmFunctionRegistry   : Registered SqmFunctionTemplate [org.hibernate.dialect.function.CurrentFunction@553c74cc] under current_timestamp; prior registration was null
2024-10-06T23:09:03.770-03:00 DEBUG 13228 --- [ms-dfs-reservas] [           main] o.h.q.sqm.function.SqmFunctionRegistry   : Registering alternate key : current date -> current_date
2024-10-06T23:09:03.770-03:00 DEBUG 13228 --- [ms-dfs-reservas] [           main] o.h.q.sqm.function.SqmFunctionRegistry   : Registering alternate key : current time -> current_time
2024-10-06T23:09:03.770-03:00 DEBUG 13228 --- [ms-dfs-reservas] [           main] o.h.q.sqm.function.SqmFunctionRegistry   : Registering alternate key : current timestamp -> current_timestamp
2024-10-06T23:09:03.770-03:00 DEBUG 13228 --- [ms-dfs-reservas] [           main] o.h.q.sqm.function.SqmFunctionRegistry   : Registered SqmFunctionTemplate [org.hibernate.dialect.function.CurrentFunction@79a68d19] under local_date; prior registration was null
2024-10-06T23:09:03.770-03:00 DEBUG 13228 --- [ms-dfs-reservas] [           main] o.h.q.sqm.function.SqmFunctionRegistry   : Registered SqmFunctionTemplate [org.hibernate.dialect.function.CurrentFunction@3052ce36] under local_time; prior registration was null
2024-10-06T23:09:03.770-03:00 DEBUG 13228 --- [ms-dfs-reservas] [           main] o.h.q.sqm.function.SqmFunctionRegistry   : Registered SqmFunctionTemplate [org.hibernate.dialect.function.CurrentFunction@6eefc125] under local_datetime; prior registration was null
2024-10-06T23:09:03.770-03:00 DEBUG 13228 --- [ms-dfs-reservas] [           main] o.h.q.sqm.function.SqmFunctionRegistry   : Registered SqmFunctionTemplate [org.hibernate.dialect.function.CurrentFunction@58435220] under offset_datetime; prior registration was null
2024-10-06T23:09:03.770-03:00 DEBUG 13228 --- [ms-dfs-reservas] [           main] o.h.q.sqm.function.SqmFunctionRegistry   : Registering alternate key : local date -> local_date
2024-10-06T23:09:03.770-03:00 DEBUG 13228 --- [ms-dfs-reservas] [           main] o.h.q.sqm.function.SqmFunctionRegistry   : Registering alternate key : local time -> local_time
2024-10-06T23:09:03.770-03:00 DEBUG 13228 --- [ms-dfs-reservas] [           main] o.h.q.sqm.function.SqmFunctionRegistry   : Registering alternate key : local datetime -> local_datetime
2024-10-06T23:09:03.770-03:00 DEBUG 13228 --- [ms-dfs-reservas] [           main] o.h.q.sqm.function.SqmFunctionRegistry   : Registering alternate key : offset datetime -> offset_datetime
2024-10-06T23:09:03.770-03:00 DEBUG 13228 --- [ms-dfs-reservas] [           main] o.h.q.sqm.function.SqmFunctionRegistry   : Registered SqmFunctionTemplate [org.hibernate.dialect.function.CurrentFunction@15c0c274] under instant; prior registration was null
2024-10-06T23:09:03.770-03:00 DEBUG 13228 --- [ms-dfs-reservas] [           main] o.h.q.sqm.function.SqmFunctionRegistry   : Registering alternate key : current_instant -> instant
2024-10-06T23:09:03.770-03:00 DEBUG 13228 --- [ms-dfs-reservas] [           main] o.h.q.sqm.function.SqmFunctionRegistry   : Registered SqmFunctionTemplate [org.hibernate.dialect.function.SqlFunction@33458d84] under sql; prior registration was null
2024-10-06T23:09:03.770-03:00 DEBUG 13228 --- [ms-dfs-reservas] [           main] o.h.q.sqm.function.SqmFunctionRegistry   : Registered SqmFunctionTemplate [NamedSqmFunctionTemplate(ascii)] under ascii; prior registration was null
2024-10-06T23:09:03.770-03:00 DEBUG 13228 --- [ms-dfs-reservas] [           main] o.h.q.sqm.function.SqmFunctionRegistry   : Registered SqmFunctionTemplate [NamedSqmFunctionTemplate(chr)] under chr; prior registration was null
2024-10-06T23:09:03.770-03:00 DEBUG 13228 --- [ms-dfs-reservas] [           main] o.h.q.sqm.function.SqmFunctionRegistry   : Registering alternate key : char -> chr
2024-10-06T23:09:03.770-03:00 DEBUG 13228 --- [ms-dfs-reservas] [           main] o.h.q.sqm.function.SqmFunctionRegistry   : Registered SqmFunctionTemplate [NamedSqmFunctionTemplate(cosh)] under cosh; prior registration was org.hibernate.query.sqm.function.PatternBasedSqmFunctionDescriptor@17bda3
2024-10-06T23:09:03.770-03:00 DEBUG 13228 --- [ms-dfs-reservas] [           main] o.h.q.sqm.function.SqmFunctionRegistry   : Registered SqmFunctionTemplate [NamedSqmFunctionTemplate(sinh)] under sinh; prior registration was org.hibernate.query.sqm.function.PatternBasedSqmFunctionDescriptor@403ca4ec
2024-10-06T23:09:03.770-03:00 DEBUG 13228 --- [ms-dfs-reservas] [           main] o.h.q.sqm.function.SqmFunctionRegistry   : Registered SqmFunctionTemplate [NamedSqmFunctionTemplate(tanh)] under tanh; prior registration was org.hibernate.query.sqm.function.PatternBasedSqmFunctionDescriptor@465b16bb
2024-10-06T23:09:03.770-03:00 DEBUG 13228 --- [ms-dfs-reservas] [           main] o.h.q.sqm.function.SqmFunctionRegistry   : Registered SqmFunctionTemplate [NamedSqmFunctionTemplate(log)] under log; prior registration was org.hibernate.query.sqm.function.PatternBasedSqmFunctionDescriptor@60df0131
2024-10-06T23:09:03.770-03:00 DEBUG 13228 --- [ms-dfs-reservas] [           main] o.h.q.sqm.function.SqmFunctionRegistry   : Registered SqmFunctionTemplate [org.hibernate.query.sqm.function.PatternBasedSqmFunctionDescriptor@23338420] under log10; prior registration was null
2024-10-06T23:09:03.770-03:00 DEBUG 13228 --- [ms-dfs-reservas] [           main] o.h.q.sqm.function.SqmFunctionRegistry   : Registered SqmFunctionTemplate [NamedSqmFunctionTemplate(soundex)] under soundex; prior registration was null
2024-10-06T23:09:03.770-03:00 DEBUG 13228 --- [ms-dfs-reservas] [           main] o.h.q.sqm.function.SqmFunctionRegistry   : Registered SqmFunctionTemplate [NamedSqmFunctionTemplate(ltrim)] under ltrim; prior registration was null
2024-10-06T23:09:03.770-03:00 DEBUG 13228 --- [ms-dfs-reservas] [           main] o.h.q.sqm.function.SqmFunctionRegistry   : Registered SqmFunctionTemplate [NamedSqmFunctionTemplate(rtrim)] under rtrim; prior registration was null
2024-10-06T23:09:03.770-03:00 DEBUG 13228 --- [ms-dfs-reservas] [           main] o.h.q.sqm.function.SqmFunctionRegistry   : Registered SqmFunctionTemplate [NamedSqmFunctionTemplate(initcap)] under initcap; prior registration was null
2024-10-06T23:09:03.770-03:00 DEBUG 13228 --- [ms-dfs-reservas] [           main] o.h.q.sqm.function.SqmFunctionRegistry   : Registered SqmFunctionTemplate [NamedSqmFunctionTemplate(instr)] under instr; prior registration was null
2024-10-06T23:09:03.770-03:00 DEBUG 13228 --- [ms-dfs-reservas] [           main] o.h.q.sqm.function.SqmFunctionRegistry   : Registered SqmFunctionTemplate [NamedSqmFunctionTemplate(substr)] under substr; prior registration was null
2024-10-06T23:09:03.770-03:00 DEBUG 13228 --- [ms-dfs-reservas] [           main] o.h.q.sqm.function.SqmFunctionRegistry   : Registered SqmFunctionTemplate [NamedSqmFunctionTemplate(substr)] under substring; prior registration was NamedSqmFunctionTemplate(substring)
2024-10-06T23:09:03.770-03:00 DEBUG 13228 --- [ms-dfs-reservas] [           main] o.h.q.sqm.function.SqmFunctionRegistry   : Registered SqmFunctionTemplate [org.hibernate.query.sqm.function.PatternBasedSqmFunctionDescriptor@61231034] under left; prior registration was NamedSqmFunctionTemplate(left)
2024-10-06T23:09:03.770-03:00 DEBUG 13228 --- [ms-dfs-reservas] [           main] o.h.q.sqm.function.SqmFunctionRegistry   : Registered SqmFunctionTemplate [org.hibernate.query.sqm.function.PatternBasedSqmFunctionDescriptor@7263ad06] under right; prior registration was NamedSqmFunctionTemplate(right)
2024-10-06T23:09:03.770-03:00 DEBUG 13228 --- [ms-dfs-reservas] [           main] o.h.q.sqm.function.SqmFunctionRegistry   : Registered SqmFunctionTemplate [NamedSqmFunctionTemplate(translate)] under translate; prior registration was null
2024-10-06T23:09:03.771-03:00 DEBUG 13228 --- [ms-dfs-reservas] [           main] o.h.q.sqm.function.SqmFunctionRegistry   : Registered SqmFunctionTemplate [NamedSqmFunctionTemplate(bitand)] under bitand; prior registration was null
2024-10-06T23:09:03.771-03:00 DEBUG 13228 --- [ms-dfs-reservas] [           main] o.h.q.sqm.function.SqmFunctionRegistry   : Registered SqmFunctionTemplate [NamedSqmFunctionTemplate(last_day)] under last_day; prior registration was null
2024-10-06T23:09:03.771-03:00 DEBUG 13228 --- [ms-dfs-reservas] [           main] o.h.q.sqm.function.SqmFunctionRegistry   : Registered SqmFunctionTemplate [NamedSqmFunctionTemplate(to_number)] under to_number; prior registration was null
2024-10-06T23:09:03.771-03:00 DEBUG 13228 --- [ms-dfs-reservas] [           main] o.h.q.sqm.function.SqmFunctionRegistry   : Registered SqmFunctionTemplate [NamedSqmFunctionTemplate(to_char)] under to_char; prior registration was null
2024-10-06T23:09:03.771-03:00 DEBUG 13228 --- [ms-dfs-reservas] [           main] o.h.q.sqm.function.SqmFunctionRegistry   : Registered SqmFunctionTemplate [NamedSqmFunctionTemplate(to_date)] under to_date; prior registration was null
2024-10-06T23:09:03.771-03:00 DEBUG 13228 --- [ms-dfs-reservas] [           main] o.h.q.sqm.function.SqmFunctionRegistry   : Registered SqmFunctionTemplate [NamedSqmFunctionTemplate(to_timestamp)] under to_timestamp; prior registration was null
2024-10-06T23:09:03.771-03:00 DEBUG 13228 --- [ms-dfs-reservas] [           main] o.h.q.sqm.function.SqmFunctionRegistry   : Registered SqmFunctionTemplate [NamedSqmFunctionTemplate(ceil)] under ceil; prior registration was null
2024-10-06T23:09:03.771-03:00 DEBUG 13228 --- [ms-dfs-reservas] [           main] o.h.q.sqm.function.SqmFunctionRegistry   : Registering alternate key : ceiling -> ceil
2024-10-06T23:09:03.771-03:00 DEBUG 13228 --- [ms-dfs-reservas] [           main] o.h.q.sqm.function.SqmFunctionRegistry   : Registered SqmFunctionTemplate [org.hibernate.query.sqm.function.PatternBasedSqmFunctionDescriptor@6d553763] under concat; prior registration was NamedSqmFunctionTemplate(concat)
2024-10-06T23:09:03.771-03:00 DEBUG 13228 --- [ms-dfs-reservas] [           main] o.h.q.sqm.function.SqmFunctionRegistry   : Registered SqmFunctionTemplate [NamedSqmFunctionTemplate(rowid)] under rowid; prior registration was null
2024-10-06T23:09:03.771-03:00 DEBUG 13228 --- [ms-dfs-reservas] [           main] o.h.q.sqm.function.SqmFunctionRegistry   : Registered SqmFunctionTemplate [NamedSqmFunctionTemplate(rownum)] under rownum; prior registration was null
2024-10-06T23:09:03.771-03:00 DEBUG 13228 --- [ms-dfs-reservas] [           main] o.h.q.sqm.function.SqmFunctionRegistry   : Registered SqmFunctionTemplate [NamedSqmFunctionTemplate(sysdate)] under sysdate; prior registration was null
2024-10-06T23:09:03.771-03:00 DEBUG 13228 --- [ms-dfs-reservas] [           main] o.h.q.sqm.function.SqmFunctionRegistry   : Registered SqmFunctionTemplate [NamedSqmFunctionTemplate(systimestamp)] under systimestamp; prior registration was null
2024-10-06T23:09:03.771-03:00 DEBUG 13228 --- [ms-dfs-reservas] [           main] o.h.q.sqm.function.SqmFunctionRegistry   : Registered SqmFunctionTemplate [NamedSqmFunctionTemplate(add_months)] under add_months; prior registration was null
2024-10-06T23:09:03.771-03:00 DEBUG 13228 --- [ms-dfs-reservas] [           main] o.h.q.sqm.function.SqmFunctionRegistry   : Registered SqmFunctionTemplate [NamedSqmFunctionTemplate(months_between)] under months_between; prior registration was null
2024-10-06T23:09:03.771-03:00 DEBUG 13228 --- [ms-dfs-reservas] [           main] o.h.q.sqm.function.SqmFunctionRegistry   : Registered SqmFunctionTemplate [org.hibernate.dialect.function.MinMaxCaseEveryAnyEmulation@5278bc6d] under every; prior registration was org.hibernate.dialect.function.EveryAnyEmulation@7dc779bb
2024-10-06T23:09:03.771-03:00 DEBUG 13228 --- [ms-dfs-reservas] [           main] o.h.q.sqm.function.SqmFunctionRegistry   : Registered SqmFunctionTemplate [org.hibernate.dialect.function.MinMaxCaseEveryAnyEmulation@2ba3b4a6] under any; prior registration was org.hibernate.dialect.function.EveryAnyEmulation@213451a4
2024-10-06T23:09:03.771-03:00 DEBUG 13228 --- [ms-dfs-reservas] [           main] o.h.q.sqm.function.SqmFunctionRegistry   : Registered SqmFunctionTemplate [org.hibernate.query.sqm.function.PatternBasedSqmFunctionDescriptor@44473749] under repeat; prior registration was null
2024-10-06T23:09:03.771-03:00 DEBUG 13228 --- [ms-dfs-reservas] [           main] o.h.q.sqm.function.SqmFunctionRegistry   : Registered SqmFunctionTemplate [org.hibernate.query.sqm.function.PatternBasedSqmFunctionDescriptor@edfe8d] under radians; prior registration was null
2024-10-06T23:09:03.771-03:00 DEBUG 13228 --- [ms-dfs-reservas] [           main] o.h.q.sqm.function.SqmFunctionRegistry   : Registered SqmFunctionTemplate [org.hibernate.query.sqm.function.PatternBasedSqmFunctionDescriptor@1761b129] under degrees; prior registration was null
2024-10-06T23:09:03.771-03:00 DEBUG 13228 --- [ms-dfs-reservas] [           main] o.h.q.sqm.function.SqmFunctionRegistry   : Registered SqmFunctionTemplate [NamedSqmFunctionTemplate(median)] under median; prior registration was null
2024-10-06T23:09:03.771-03:00 DEBUG 13228 --- [ms-dfs-reservas] [           main] o.h.q.sqm.function.SqmFunctionRegistry   : Registered SqmFunctionTemplate [NamedSqmFunctionTemplate(stddev)] under stddev; prior registration was null
2024-10-06T23:09:03.772-03:00 DEBUG 13228 --- [ms-dfs-reservas] [           main] o.h.q.sqm.function.SqmFunctionRegistry   : Registered SqmFunctionTemplate [NamedSqmFunctionTemplate(stddev_pop)] under stddev_pop; prior registration was null
2024-10-06T23:09:03.772-03:00 DEBUG 13228 --- [ms-dfs-reservas] [           main] o.h.q.sqm.function.SqmFunctionRegistry   : Registered SqmFunctionTemplate [NamedSqmFunctionTemplate(stddev_samp)] under stddev_samp; prior registration was null
2024-10-06T23:09:03.772-03:00 DEBUG 13228 --- [ms-dfs-reservas] [           main] o.h.q.sqm.function.SqmFunctionRegistry   : Registered SqmFunctionTemplate [NamedSqmFunctionTemplate(variance)] under variance; prior registration was null
2024-10-06T23:09:03.772-03:00 DEBUG 13228 --- [ms-dfs-reservas] [           main] o.h.q.sqm.function.SqmFunctionRegistry   : Registered SqmFunctionTemplate [NamedSqmFunctionTemplate(var_pop)] under var_pop; prior registration was null
2024-10-06T23:09:03.772-03:00 DEBUG 13228 --- [ms-dfs-reservas] [           main] o.h.q.sqm.function.SqmFunctionRegistry   : Registered SqmFunctionTemplate [NamedSqmFunctionTemplate(var_samp)] under var_samp; prior registration was null
2024-10-06T23:09:03.772-03:00 DEBUG 13228 --- [ms-dfs-reservas] [           main] o.h.q.sqm.function.SqmFunctionRegistry   : Registered SqmFunctionTemplate [NamedSqmFunctionTemplate(covar_pop)] under covar_pop; prior registration was null
2024-10-06T23:09:03.772-03:00 DEBUG 13228 --- [ms-dfs-reservas] [           main] o.h.q.sqm.function.SqmFunctionRegistry   : Registered SqmFunctionTemplate [NamedSqmFunctionTemplate(covar_samp)] under covar_samp; prior registration was null
2024-10-06T23:09:03.772-03:00 DEBUG 13228 --- [ms-dfs-reservas] [           main] o.h.q.sqm.function.SqmFunctionRegistry   : Registered SqmFunctionTemplate [NamedSqmFunctionTemplate(corr)] under corr; prior registration was null
2024-10-06T23:09:03.772-03:00 DEBUG 13228 --- [ms-dfs-reservas] [           main] o.h.q.sqm.function.SqmFunctionRegistry   : Registered SqmFunctionTemplate [NamedSqmFunctionTemplate(regr_avgx)] under regr_avgx; prior registration was null
2024-10-06T23:09:03.772-03:00 DEBUG 13228 --- [ms-dfs-reservas] [           main] o.h.q.sqm.function.SqmFunctionRegistry   : Registered SqmFunctionTemplate [NamedSqmFunctionTemplate(regr_avgy)] under regr_avgy; prior registration was null
2024-10-06T23:09:03.772-03:00 DEBUG 13228 --- [ms-dfs-reservas] [           main] o.h.q.sqm.function.SqmFunctionRegistry   : Registered SqmFunctionTemplate [NamedSqmFunctionTemplate(regr_count)] under regr_count; prior registration was null
2024-10-06T23:09:03.772-03:00 DEBUG 13228 --- [ms-dfs-reservas] [           main] o.h.q.sqm.function.SqmFunctionRegistry   : Registered SqmFunctionTemplate [NamedSqmFunctionTemplate(regr_intercept)] under regr_intercept; prior registration was null
2024-10-06T23:09:03.772-03:00 DEBUG 13228 --- [ms-dfs-reservas] [           main] o.h.q.sqm.function.SqmFunctionRegistry   : Registered SqmFunctionTemplate [NamedSqmFunctionTemplate(regr_r2)] under regr_r2; prior registration was null
2024-10-06T23:09:03.772-03:00 DEBUG 13228 --- [ms-dfs-reservas] [           main] o.h.q.sqm.function.SqmFunctionRegistry   : Registered SqmFunctionTemplate [NamedSqmFunctionTemplate(regr_slope)] under regr_slope; prior registration was null
2024-10-06T23:09:03.772-03:00 DEBUG 13228 --- [ms-dfs-reservas] [           main] o.h.q.sqm.function.SqmFunctionRegistry   : Registered SqmFunctionTemplate [NamedSqmFunctionTemplate(regr_sxx)] under regr_sxx; prior registration was null
2024-10-06T23:09:03.772-03:00 DEBUG 13228 --- [ms-dfs-reservas] [           main] o.h.q.sqm.function.SqmFunctionRegistry   : Registered SqmFunctionTemplate [NamedSqmFunctionTemplate(regr_sxy)] under regr_sxy; prior registration was null
2024-10-06T23:09:03.772-03:00 DEBUG 13228 --- [ms-dfs-reservas] [           main] o.h.q.sqm.function.SqmFunctionRegistry   : Registered SqmFunctionTemplate [NamedSqmFunctionTemplate(regr_syy)] under regr_syy; prior registration was null
2024-10-06T23:09:03.772-03:00 DEBUG 13228 --- [ms-dfs-reservas] [           main] o.h.q.sqm.function.SqmFunctionRegistry   : Registered SqmFunctionTemplate [org.hibernate.dialect.function.LengthFunction@21d131e7] under length; prior registration was null
2024-10-06T23:09:03.772-03:00 DEBUG 13228 --- [ms-dfs-reservas] [           main] o.h.q.sqm.function.SqmFunctionRegistry   : Registering alternate key : character_length -> length
2024-10-06T23:09:03.772-03:00 DEBUG 13228 --- [ms-dfs-reservas] [           main] o.h.q.sqm.function.SqmFunctionRegistry   : Registered SqmFunctionTemplate [org.hibernate.dialect.function.LengthFunction@5c51a7eb] under octet_length; prior registration was null
2024-10-06T23:09:03.772-03:00 DEBUG 13228 --- [ms-dfs-reservas] [           main] o.h.q.sqm.function.SqmFunctionRegistry   : Registered SqmFunctionTemplate [org.hibernate.dialect.function.LengthFunction@3327337a] under bit_length; prior registration was null
2024-10-06T23:09:03.772-03:00 DEBUG 13228 --- [ms-dfs-reservas] [           main] o.h.q.sqm.function.SqmFunctionRegistry   : Registered SqmFunctionTemplate [NamedSqmFunctionTemplate(coalesce)] under coalesce; prior registration was NamedSqmFunctionTemplate(coalesce)
2024-10-06T23:09:03.772-03:00 DEBUG 13228 --- [ms-dfs-reservas] [           main] o.h.q.sqm.function.SqmFunctionRegistry   : Registered SqmFunctionTemplate [org.hibernate.query.sqm.function.PatternBasedSqmFunctionDescriptor@29d534ce] under bitor; prior registration was null
2024-10-06T23:09:03.772-03:00 DEBUG 13228 --- [ms-dfs-reservas] [           main] o.h.q.sqm.function.SqmFunctionRegistry   : Registered SqmFunctionTemplate [org.hibernate.query.sqm.function.PatternBasedSqmFunctionDescriptor@1a3761a] under bitxor; prior registration was null
2024-10-06T23:09:03.772-03:00 DEBUG 13228 --- [ms-dfs-reservas] [           main] o.h.q.sqm.function.SqmFunctionRegistry   : Registered SqmFunctionTemplate [org.hibernate.query.sqm.function.MultipatternSqmFunctionDescriptor@509cf73a] under locate; prior registration was NamedSqmFunctionTemplate(locate)
2024-10-06T23:09:03.772-03:00 DEBUG 13228 --- [ms-dfs-reservas] [           main] o.h.q.sqm.function.SqmFunctionRegistry   : Registered SqmFunctionTemplate [org.hibernate.dialect.function.ListaggFunction@5aaab2b0] under listagg; prior registration was null
2024-10-06T23:09:03.772-03:00 DEBUG 13228 --- [ms-dfs-reservas] [           main] o.h.q.sqm.function.SqmFunctionRegistry   : Registered SqmFunctionTemplate [NamedSqmFunctionTemplate(row_number)] under row_number; prior registration was null
2024-10-06T23:09:03.772-03:00 DEBUG 13228 --- [ms-dfs-reservas] [           main] o.h.q.sqm.function.SqmFunctionRegistry   : Registered SqmFunctionTemplate [NamedSqmFunctionTemplate(lag)] under lag; prior registration was null
2024-10-06T23:09:03.772-03:00 DEBUG 13228 --- [ms-dfs-reservas] [           main] o.h.q.sqm.function.SqmFunctionRegistry   : Registered SqmFunctionTemplate [NamedSqmFunctionTemplate(lead)] under lead; prior registration was null
2024-10-06T23:09:03.772-03:00 DEBUG 13228 --- [ms-dfs-reservas] [           main] o.h.q.sqm.function.SqmFunctionRegistry   : Registered SqmFunctionTemplate [NamedSqmFunctionTemplate(first_value)] under first_value; prior registration was null
2024-10-06T23:09:03.772-03:00 DEBUG 13228 --- [ms-dfs-reservas] [           main] o.h.q.sqm.function.SqmFunctionRegistry   : Registered SqmFunctionTemplate [NamedSqmFunctionTemplate(last_value)] under last_value; prior registration was null
2024-10-06T23:09:03.772-03:00 DEBUG 13228 --- [ms-dfs-reservas] [           main] o.h.q.sqm.function.SqmFunctionRegistry   : Registered SqmFunctionTemplate [NamedSqmFunctionTemplate(nth_value)] under nth_value; prior registration was null
2024-10-06T23:09:03.772-03:00 DEBUG 13228 --- [ms-dfs-reservas] [           main] o.h.q.sqm.function.SqmFunctionRegistry   : Registered SqmFunctionTemplate [org.hibernate.dialect.function.HypotheticalSetFunction@5ad98e6f] under rank; prior registration was null
2024-10-06T23:09:03.772-03:00 DEBUG 13228 --- [ms-dfs-reservas] [           main] o.h.q.sqm.function.SqmFunctionRegistry   : Registered SqmFunctionTemplate [org.hibernate.dialect.function.HypotheticalSetFunction@40503088] under dense_rank; prior registration was null
2024-10-06T23:09:03.772-03:00 DEBUG 13228 --- [ms-dfs-reservas] [           main] o.h.q.sqm.function.SqmFunctionRegistry   : Registered SqmFunctionTemplate [org.hibernate.dialect.function.HypotheticalSetFunction@77422a9f] under percent_rank; prior registration was null
2024-10-06T23:09:03.772-03:00 DEBUG 13228 --- [ms-dfs-reservas] [           main] o.h.q.sqm.function.SqmFunctionRegistry   : Registered SqmFunctionTemplate [org.hibernate.dialect.function.HypotheticalSetFunction@787239f5] under cume_dist; prior registration was null
2024-10-06T23:09:03.772-03:00 DEBUG 13228 --- [ms-dfs-reservas] [           main] o.h.q.sqm.function.SqmFunctionRegistry   : Registered SqmFunctionTemplate [org.hibernate.dialect.function.InverseDistributionFunction@6e4e7a62] under mode; prior registration was null
2024-10-06T23:09:03.772-03:00 DEBUG 13228 --- [ms-dfs-reservas] [           main] o.h.q.sqm.function.SqmFunctionRegistry   : Registered SqmFunctionTemplate [org.hibernate.dialect.function.InverseDistributionFunction@2fdbd353] under percentile_cont; prior registration was null
2024-10-06T23:09:03.772-03:00 DEBUG 13228 --- [ms-dfs-reservas] [           main] o.h.q.sqm.function.SqmFunctionRegistry   : Registered SqmFunctionTemplate [org.hibernate.dialect.function.InverseDistributionFunction@492b12e5] under percentile_disc; prior registration was null
2024-10-06T23:09:03.772-03:00 DEBUG 13228 --- [ms-dfs-reservas] [           main] o.h.q.sqm.function.SqmFunctionRegistry   : Registered SqmFunctionTemplate [org.hibernate.dialect.function.ModeStatsModeEmulation@20ff27a4] under mode; prior registration was org.hibernate.dialect.function.InverseDistributionFunction@6e4e7a62
2024-10-06T23:09:03.772-03:00 DEBUG 13228 --- [ms-dfs-reservas] [           main] o.h.q.sqm.function.SqmFunctionRegistry   : Registered SqmFunctionTemplate [org.hibernate.dialect.function.OracleTruncFunction@3d7fc4b3] under trunc; prior registration was null
2024-10-06T23:09:03.773-03:00 DEBUG 13228 --- [ms-dfs-reservas] [           main] o.h.q.sqm.function.SqmFunctionRegistry   : Registering alternate key : truncate -> trunc
2024-10-06T23:09:03.773-03:00 DEBUG 13228 --- [ms-dfs-reservas] [           main] o.h.q.sqm.function.SqmFunctionRegistry   : Registered SqmFunctionTemplate [org.hibernate.dialect.function.array.OracleArrayConstructorFunction@4ccfd904] under array; prior registration was null
2024-10-06T23:09:03.773-03:00 DEBUG 13228 --- [ms-dfs-reservas] [           main] o.h.q.sqm.function.SqmFunctionRegistry   : Registered SqmFunctionTemplate [org.hibernate.dialect.function.array.OracleArrayConstructorFunction@5de25642] under array_list; prior registration was null
2024-10-06T23:09:03.773-03:00 DEBUG 13228 --- [ms-dfs-reservas] [           main] o.h.q.sqm.function.SqmFunctionRegistry   : Registered SqmFunctionTemplate [org.hibernate.dialect.function.array.OracleArrayAggEmulation@479885d] under array_agg; prior registration was null
2024-10-06T23:09:03.773-03:00 DEBUG 13228 --- [ms-dfs-reservas] [           main] o.h.q.sqm.function.SqmFunctionRegistry   : Registered SqmFunctionTemplate [org.hibernate.dialect.function.array.OracleArrayPositionFunction@47609e3d] under array_position; prior registration was null
2024-10-06T23:09:03.773-03:00 DEBUG 13228 --- [ms-dfs-reservas] [           main] o.h.q.sqm.function.SqmFunctionRegistry   : Registered SqmFunctionTemplate [org.hibernate.dialect.function.array.OracleArrayPositionsFunction@3aca7082] under array_positions; prior registration was null
2024-10-06T23:09:03.773-03:00 DEBUG 13228 --- [ms-dfs-reservas] [           main] o.h.q.sqm.function.SqmFunctionRegistry   : Registered SqmFunctionTemplate [org.hibernate.dialect.function.array.OracleArrayPositionsFunction@31ebc5fa] under array_positions_list; prior registration was null
2024-10-06T23:09:03.773-03:00 DEBUG 13228 --- [ms-dfs-reservas] [           main] o.h.q.sqm.function.SqmFunctionRegistry   : Registered SqmFunctionTemplate [org.hibernate.dialect.function.array.OracleArrayLengthFunction@6f215ff3] under array_length; prior registration was null
2024-10-06T23:09:03.773-03:00 DEBUG 13228 --- [ms-dfs-reservas] [           main] o.h.q.sqm.function.SqmFunctionRegistry   : Registered SqmFunctionTemplate [org.hibernate.dialect.function.array.OracleArrayConcatFunction@6066cf5] under array_concat; prior registration was null
2024-10-06T23:09:03.773-03:00 DEBUG 13228 --- [ms-dfs-reservas] [           main] o.h.q.sqm.function.SqmFunctionRegistry   : Registered SqmFunctionTemplate [org.hibernate.dialect.function.array.OracleArrayConcatElementFunction@3d63becf] under array_prepend; prior registration was null
2024-10-06T23:09:03.773-03:00 DEBUG 13228 --- [ms-dfs-reservas] [           main] o.h.q.sqm.function.SqmFunctionRegistry   : Registered SqmFunctionTemplate [org.hibernate.dialect.function.array.OracleArrayConcatElementFunction@5248688c] under array_append; prior registration was null
2024-10-06T23:09:03.773-03:00 DEBUG 13228 --- [ms-dfs-reservas] [           main] o.h.q.sqm.function.SqmFunctionRegistry   : Registered SqmFunctionTemplate [org.hibernate.dialect.function.array.OracleArrayContainsFunction@37736bf1] under array_contains; prior registration was null
2024-10-06T23:09:03.773-03:00 DEBUG 13228 --- [ms-dfs-reservas] [           main] o.h.q.sqm.function.SqmFunctionRegistry   : Registered SqmFunctionTemplate [org.hibernate.dialect.function.array.OracleArrayContainsFunction@2a7c82e] under array_contains_nullable; prior registration was null
2024-10-06T23:09:03.773-03:00 DEBUG 13228 --- [ms-dfs-reservas] [           main] o.h.q.sqm.function.SqmFunctionRegistry   : Registered SqmFunctionTemplate [org.hibernate.dialect.function.array.OracleArrayOverlapsFunction@22128b73] under array_overlaps; prior registration was null
2024-10-06T23:09:03.773-03:00 DEBUG 13228 --- [ms-dfs-reservas] [           main] o.h.q.sqm.function.SqmFunctionRegistry   : Registered SqmFunctionTemplate [org.hibernate.dialect.function.array.OracleArrayOverlapsFunction@338f9bb5] under array_overlaps_nullable; prior registration was null
2024-10-06T23:09:03.773-03:00 DEBUG 13228 --- [ms-dfs-reservas] [           main] o.h.q.sqm.function.SqmFunctionRegistry   : Registered SqmFunctionTemplate [org.hibernate.dialect.function.array.OracleArrayGetFunction@1f0f52d6] under array_get; prior registration was null
2024-10-06T23:09:03.773-03:00 DEBUG 13228 --- [ms-dfs-reservas] [           main] o.h.q.sqm.function.SqmFunctionRegistry   : Registered SqmFunctionTemplate [org.hibernate.dialect.function.array.OracleArraySetFunction@23551fa1] under array_set; prior registration was null
2024-10-06T23:09:03.773-03:00 DEBUG 13228 --- [ms-dfs-reservas] [           main] o.h.q.sqm.function.SqmFunctionRegistry   : Registered SqmFunctionTemplate [org.hibernate.dialect.function.array.OracleArrayRemoveFunction@152a41ab] under array_remove; prior registration was null
2024-10-06T23:09:03.773-03:00 DEBUG 13228 --- [ms-dfs-reservas] [           main] o.h.q.sqm.function.SqmFunctionRegistry   : Registered SqmFunctionTemplate [org.hibernate.dialect.function.array.OracleArrayRemoveIndexFunction@5a372288] under array_remove_index; prior registration was null
2024-10-06T23:09:03.773-03:00 DEBUG 13228 --- [ms-dfs-reservas] [           main] o.h.q.sqm.function.SqmFunctionRegistry   : Registered SqmFunctionTemplate [org.hibernate.dialect.function.array.OracleArraySliceFunction@3f4b52fa] under array_slice; prior registration was null
2024-10-06T23:09:03.773-03:00 DEBUG 13228 --- [ms-dfs-reservas] [           main] o.h.q.sqm.function.SqmFunctionRegistry   : Registered SqmFunctionTemplate [org.hibernate.dialect.function.array.OracleArrayReplaceFunction@3468faa5] under array_replace; prior registration was null
2024-10-06T23:09:03.773-03:00 DEBUG 13228 --- [ms-dfs-reservas] [           main] o.h.q.sqm.function.SqmFunctionRegistry   : Registered SqmFunctionTemplate [org.hibernate.dialect.function.array.OracleArrayTrimFunction@7308c29a] under array_trim; prior registration was null
2024-10-06T23:09:03.773-03:00 DEBUG 13228 --- [ms-dfs-reservas] [           main] o.h.q.sqm.function.SqmFunctionRegistry   : Registered SqmFunctionTemplate [org.hibernate.dialect.function.array.OracleArrayFillFunction@10c88d11] under array_fill; prior registration was null
2024-10-06T23:09:03.773-03:00 DEBUG 13228 --- [ms-dfs-reservas] [           main] o.h.q.sqm.function.SqmFunctionRegistry   : Registered SqmFunctionTemplate [org.hibernate.dialect.function.array.OracleArrayFillFunction@75f1c170] under array_fill_list; prior registration was null
2024-10-06T23:09:03.773-03:00 DEBUG 13228 --- [ms-dfs-reservas] [           main] o.h.q.sqm.function.SqmFunctionRegistry   : Registered SqmFunctionTemplate [org.hibernate.dialect.function.array.OracleArrayToStringFunction@63fa0b9] under array_to_string; prior registration was null
2024-10-06T23:09:03.773-03:00 DEBUG 13228 --- [ms-dfs-reservas] [           main] org.hibernate.HQL_FUNCTIONS              : abs(NUMERIC arg)
2024-10-06T23:09:03.773-03:00 DEBUG 13228 --- [ms-dfs-reservas] [           main] org.hibernate.HQL_FUNCTIONS              : Double acos(NUMERIC arg)
2024-10-06T23:09:03.773-03:00 DEBUG 13228 --- [ms-dfs-reservas] [           main] org.hibernate.HQL_FUNCTIONS              : add_months(DATE datetime, INTEGER months)
2024-10-06T23:09:03.773-03:00 DEBUG 13228 --- [ms-dfs-reservas] [           main] org.hibernate.HQL_FUNCTIONS              : Boolean any(BOOLEAN arg)
2024-10-06T23:09:03.773-03:00 DEBUG 13228 --- [ms-dfs-reservas] [           main] org.hibernate.HQL_FUNCTIONS              : array( ... )
2024-10-06T23:09:03.773-03:00 DEBUG 13228 --- [ms-dfs-reservas] [           main] org.hibernate.HQL_FUNCTIONS              : array_agg(arg)
2024-10-06T23:09:03.773-03:00 DEBUG 13228 --- [ms-dfs-reservas] [           main] org.hibernate.HQL_FUNCTIONS              : array_append( ... )
2024-10-06T23:09:03.773-03:00 DEBUG 13228 --- [ms-dfs-reservas] [           main] org.hibernate.HQL_FUNCTIONS              : array_concat( ... )
2024-10-06T23:09:03.773-03:00 DEBUG 13228 --- [ms-dfs-reservas] [           main] org.hibernate.HQL_FUNCTIONS              : Boolean array_contains(ARRAY haystackArray, OBJECT needleElementOrArray)
2024-10-06T23:09:03.773-03:00 DEBUG 13228 --- [ms-dfs-reservas] [           main] org.hibernate.HQL_FUNCTIONS              : Boolean array_contains_nullable(ARRAY haystackArray, OBJECT needleElementOrArray)
2024-10-06T23:09:03.773-03:00 DEBUG 13228 --- [ms-dfs-reservas] [           main] org.hibernate.HQL_FUNCTIONS              : array_fill(OBJECT element, INTEGER elementCount)
2024-10-06T23:09:03.773-03:00 DEBUG 13228 --- [ms-dfs-reservas] [           main] org.hibernate.HQL_FUNCTIONS              : array_fill_list(OBJECT element, INTEGER elementCount)
2024-10-06T23:09:03.773-03:00 DEBUG 13228 --- [ms-dfs-reservas] [           main] org.hibernate.HQL_FUNCTIONS              : array_get( ... )
2024-10-06T23:09:03.773-03:00 DEBUG 13228 --- [ms-dfs-reservas] [           main] org.hibernate.HQL_FUNCTIONS              : Integer array_length(ARRAY array)
2024-10-06T23:09:03.773-03:00 DEBUG 13228 --- [ms-dfs-reservas] [           main] org.hibernate.HQL_FUNCTIONS              : array_list( ... )
2024-10-06T23:09:03.773-03:00 DEBUG 13228 --- [ms-dfs-reservas] [           main] org.hibernate.HQL_FUNCTIONS              : Boolean array_overlaps(ARRAY array0, OBJECT array1)
2024-10-06T23:09:03.773-03:00 DEBUG 13228 --- [ms-dfs-reservas] [           main] org.hibernate.HQL_FUNCTIONS              : Boolean array_overlaps_nullable(ARRAY array0, OBJECT array1)
2024-10-06T23:09:03.773-03:00 DEBUG 13228 --- [ms-dfs-reservas] [           main] org.hibernate.HQL_FUNCTIONS              : Integer array_position(ARRAY array, OBJECT element[, INTEGER startPosition])
2024-10-06T23:09:03.773-03:00 DEBUG 13228 --- [ms-dfs-reservas] [           main] org.hibernate.HQL_FUNCTIONS              : int[] array_positions(ARRAY array, OBJECT element)
2024-10-06T23:09:03.773-03:00 DEBUG 13228 --- [ms-dfs-reservas] [           main] org.hibernate.HQL_FUNCTIONS              : List array_positions_list(ARRAY array, OBJECT element)
2024-10-06T23:09:03.773-03:00 DEBUG 13228 --- [ms-dfs-reservas] [           main] org.hibernate.HQL_FUNCTIONS              : array_prepend( ... )
2024-10-06T23:09:03.773-03:00 DEBUG 13228 --- [ms-dfs-reservas] [           main] org.hibernate.HQL_FUNCTIONS              : array_remove( ... )
2024-10-06T23:09:03.773-03:00 DEBUG 13228 --- [ms-dfs-reservas] [           main] org.hibernate.HQL_FUNCTIONS              : array_remove_index( ... )
2024-10-06T23:09:03.773-03:00 DEBUG 13228 --- [ms-dfs-reservas] [           main] org.hibernate.HQL_FUNCTIONS              : array_replace( ... )
2024-10-06T23:09:03.773-03:00 DEBUG 13228 --- [ms-dfs-reservas] [           main] org.hibernate.HQL_FUNCTIONS              : array_set( ... )
2024-10-06T23:09:03.773-03:00 DEBUG 13228 --- [ms-dfs-reservas] [           main] org.hibernate.HQL_FUNCTIONS              : array_slice( ... )
2024-10-06T23:09:03.773-03:00 DEBUG 13228 --- [ms-dfs-reservas] [           main] org.hibernate.HQL_FUNCTIONS              : String array_to_string( ... )
2024-10-06T23:09:03.773-03:00 DEBUG 13228 --- [ms-dfs-reservas] [           main] org.hibernate.HQL_FUNCTIONS              : array_trim( ... )
2024-10-06T23:09:03.773-03:00 DEBUG 13228 --- [ms-dfs-reservas] [           main] org.hibernate.HQL_FUNCTIONS              : Integer ascii(STRING arg)
2024-10-06T23:09:03.773-03:00 DEBUG 13228 --- [ms-dfs-reservas] [           main] org.hibernate.HQL_FUNCTIONS              : Double asin(NUMERIC arg)
2024-10-06T23:09:03.773-03:00 DEBUG 13228 --- [ms-dfs-reservas] [           main] org.hibernate.HQL_FUNCTIONS              : Double atan(NUMERIC arg)
2024-10-06T23:09:03.774-03:00 DEBUG 13228 --- [ms-dfs-reservas] [           main] org.hibernate.HQL_FUNCTIONS              : Double atan2(NUMERIC arg0, NUMERIC arg1)
2024-10-06T23:09:03.774-03:00 DEBUG 13228 --- [ms-dfs-reservas] [           main] org.hibernate.HQL_FUNCTIONS              : avg(arg)
2024-10-06T23:09:03.774-03:00 DEBUG 13228 --- [ms-dfs-reservas] [           main] org.hibernate.HQL_FUNCTIONS              : Integer bit_length(STRING_OR_CLOB arg)
2024-10-06T23:09:03.774-03:00 DEBUG 13228 --- [ms-dfs-reservas] [           main] org.hibernate.HQL_FUNCTIONS              : bitand(arg0, arg1)
2024-10-06T23:09:03.774-03:00 DEBUG 13228 --- [ms-dfs-reservas] [           main] org.hibernate.HQL_FUNCTIONS              : bitor(arg0, arg1)
2024-10-06T23:09:03.774-03:00 DEBUG 13228 --- [ms-dfs-reservas] [           main] org.hibernate.HQL_FUNCTIONS              : bitxor(arg0, arg1)
2024-10-06T23:09:03.774-03:00 DEBUG 13228 --- [ms-dfs-reservas] [           main] org.hibernate.HQL_FUNCTIONS              : cast(arg as Type)
2024-10-06T23:09:03.774-03:00 DEBUG 13228 --- [ms-dfs-reservas] [           main] org.hibernate.HQL_FUNCTIONS              : ceil(NUMERIC arg)
2024-10-06T23:09:03.774-03:00 DEBUG 13228 --- [ms-dfs-reservas] [           main] org.hibernate.HQL_FUNCTIONS              : ceiling(NUMERIC arg)
2024-10-06T23:09:03.774-03:00 DEBUG 13228 --- [ms-dfs-reservas] [           main] org.hibernate.HQL_FUNCTIONS              : Character char(INTEGER arg)
2024-10-06T23:09:03.774-03:00 DEBUG 13228 --- [ms-dfs-reservas] [           main] org.hibernate.HQL_FUNCTIONS              : Integer character_length(STRING_OR_CLOB arg)
2024-10-06T23:09:03.774-03:00 DEBUG 13228 --- [ms-dfs-reservas] [           main] org.hibernate.HQL_FUNCTIONS              : Character chr(INTEGER arg)
2024-10-06T23:09:03.774-03:00 DEBUG 13228 --- [ms-dfs-reservas] [           main] org.hibernate.HQL_FUNCTIONS              : coalesce(arg0[, arg1[, ...]])
2024-10-06T23:09:03.774-03:00 DEBUG 13228 --- [ms-dfs-reservas] [           main] org.hibernate.HQL_FUNCTIONS              : String collate(STRING string as COLLATION collation)
2024-10-06T23:09:03.774-03:00 DEBUG 13228 --- [ms-dfs-reservas] [           main] org.hibernate.HQL_FUNCTIONS              : String concat(STRING string0[, STRING string1[, ...]])
2024-10-06T23:09:03.774-03:00 DEBUG 13228 --- [ms-dfs-reservas] [           main] org.hibernate.HQL_FUNCTIONS              : Double corr(NUMERIC arg0, NUMERIC arg1)
2024-10-06T23:09:03.774-03:00 DEBUG 13228 --- [ms-dfs-reservas] [           main] org.hibernate.HQL_FUNCTIONS              : Double cos(NUMERIC arg)
2024-10-06T23:09:03.774-03:00 DEBUG 13228 --- [ms-dfs-reservas] [           main] org.hibernate.HQL_FUNCTIONS              : Double cosh(NUMERIC arg)
2024-10-06T23:09:03.774-03:00 DEBUG 13228 --- [ms-dfs-reservas] [           main] org.hibernate.HQL_FUNCTIONS              : Long count([distinct ]{arg|*})
2024-10-06T23:09:03.774-03:00 DEBUG 13228 --- [ms-dfs-reservas] [           main] org.hibernate.HQL_FUNCTIONS              : Double covar_pop(NUMERIC arg0, NUMERIC arg1)
2024-10-06T23:09:03.774-03:00 DEBUG 13228 --- [ms-dfs-reservas] [           main] org.hibernate.HQL_FUNCTIONS              : Double covar_samp(NUMERIC arg0, NUMERIC arg1)
2024-10-06T23:09:03.774-03:00 DEBUG 13228 --- [ms-dfs-reservas] [           main] org.hibernate.HQL_FUNCTIONS              : Double cume_dist([arg0[, ...]])
2024-10-06T23:09:03.774-03:00 DEBUG 13228 --- [ms-dfs-reservas] [           main] org.hibernate.HQL_FUNCTIONS              : Date current date
2024-10-06T23:09:03.774-03:00 DEBUG 13228 --- [ms-dfs-reservas] [           main] org.hibernate.HQL_FUNCTIONS              : Time current time
2024-10-06T23:09:03.774-03:00 DEBUG 13228 --- [ms-dfs-reservas] [           main] org.hibernate.HQL_FUNCTIONS              : Timestamp current timestamp
2024-10-06T23:09:03.774-03:00 DEBUG 13228 --- [ms-dfs-reservas] [           main] org.hibernate.HQL_FUNCTIONS              : Date current_date
2024-10-06T23:09:03.774-03:00 DEBUG 13228 --- [ms-dfs-reservas] [           main] org.hibernate.HQL_FUNCTIONS              : Instant current_instant
2024-10-06T23:09:03.774-03:00 DEBUG 13228 --- [ms-dfs-reservas] [           main] org.hibernate.HQL_FUNCTIONS              : Time current_time
2024-10-06T23:09:03.774-03:00 DEBUG 13228 --- [ms-dfs-reservas] [           main] org.hibernate.HQL_FUNCTIONS              : Timestamp current_timestamp
2024-10-06T23:09:03.774-03:00 DEBUG 13228 --- [ms-dfs-reservas] [           main] org.hibernate.HQL_FUNCTIONS              : dateadd(TEMPORAL_UNIT field, INTEGER magnitude, TEMPORAL datetime)
2024-10-06T23:09:03.774-03:00 DEBUG 13228 --- [ms-dfs-reservas] [           main] org.hibernate.HQL_FUNCTIONS              : Long|Double datediff(TEMPORAL_UNIT field, TEMPORAL start, TEMPORAL end)
2024-10-06T23:09:03.774-03:00 DEBUG 13228 --- [ms-dfs-reservas] [           main] org.hibernate.HQL_FUNCTIONS              : Double degrees(NUMERIC arg)
2024-10-06T23:09:03.774-03:00 DEBUG 13228 --- [ms-dfs-reservas] [           main] org.hibernate.HQL_FUNCTIONS              : Long dense_rank([arg0[, ...]])
2024-10-06T23:09:03.774-03:00 DEBUG 13228 --- [ms-dfs-reservas] [           main] org.hibernate.HQL_FUNCTIONS              : Boolean every(BOOLEAN arg)
2024-10-06T23:09:03.774-03:00 DEBUG 13228 --- [ms-dfs-reservas] [           main] org.hibernate.HQL_FUNCTIONS              : Double exp(NUMERIC arg)
2024-10-06T23:09:03.774-03:00 DEBUG 13228 --- [ms-dfs-reservas] [           main] org.hibernate.HQL_FUNCTIONS              : extract(TEMPORAL_UNIT field from TEMPORAL arg)
2024-10-06T23:09:03.774-03:00 DEBUG 13228 --- [ms-dfs-reservas] [           main] org.hibernate.HQL_FUNCTIONS              : first_valueANY value
2024-10-06T23:09:03.774-03:00 DEBUG 13228 --- [ms-dfs-reservas] [           main] org.hibernate.HQL_FUNCTIONS              : floor(NUMERIC arg)
2024-10-06T23:09:03.774-03:00 DEBUG 13228 --- [ms-dfs-reservas] [           main] org.hibernate.HQL_FUNCTIONS              : String format(TEMPORAL datetime as STRING pattern)
2024-10-06T23:09:03.774-03:00 DEBUG 13228 --- [ms-dfs-reservas] [           main] org.hibernate.HQL_FUNCTIONS              : greatest(COMPARABLE arg0, COMPARABLE arg1[, arg2[, ...]])
2024-10-06T23:09:03.774-03:00 DEBUG 13228 --- [ms-dfs-reservas] [           main] org.hibernate.HQL_FUNCTIONS              : ifnull(arg0, arg1)
2024-10-06T23:09:03.774-03:00 DEBUG 13228 --- [ms-dfs-reservas] [           main] org.hibernate.HQL_FUNCTIONS              : String initcap(arg)
2024-10-06T23:09:03.774-03:00 DEBUG 13228 --- [ms-dfs-reservas] [           main] org.hibernate.HQL_FUNCTIONS              : Instant instant
2024-10-06T23:09:03.774-03:00 DEBUG 13228 --- [ms-dfs-reservas] [           main] org.hibernate.HQL_FUNCTIONS              : Integer instr(STRING string, STRING pattern[, INTEGER start[, INTEGER occurrence]])
2024-10-06T23:09:03.774-03:00 DEBUG 13228 --- [ms-dfs-reservas] [           main] org.hibernate.HQL_FUNCTIONS              : lagANY value[, INTEGER offset[, ANY default]]
2024-10-06T23:09:03.774-03:00 DEBUG 13228 --- [ms-dfs-reservas] [           main] org.hibernate.HQL_FUNCTIONS              : Date last_day(DATE arg)
2024-10-06T23:09:03.774-03:00 DEBUG 13228 --- [ms-dfs-reservas] [           main] org.hibernate.HQL_FUNCTIONS              : last_valueANY value
2024-10-06T23:09:03.774-03:00 DEBUG 13228 --- [ms-dfs-reservas] [           main] org.hibernate.HQL_FUNCTIONS              : leadANY value[, INTEGER offset[, ANY default]]
2024-10-06T23:09:03.774-03:00 DEBUG 13228 --- [ms-dfs-reservas] [           main] org.hibernate.HQL_FUNCTIONS              : least(COMPARABLE arg0, COMPARABLE arg1[, arg2[, ...]])
2024-10-06T23:09:03.774-03:00 DEBUG 13228 --- [ms-dfs-reservas] [           main] org.hibernate.HQL_FUNCTIONS              : String left(STRING string, INTEGER length)
2024-10-06T23:09:03.774-03:00 DEBUG 13228 --- [ms-dfs-reservas] [           main] org.hibernate.HQL_FUNCTIONS              : Integer length(STRING_OR_CLOB arg)
2024-10-06T23:09:03.774-03:00 DEBUG 13228 --- [ms-dfs-reservas] [           main] org.hibernate.HQL_FUNCTIONS              : String listagg(STRING arg0, STRING arg1)
2024-10-06T23:09:03.774-03:00 DEBUG 13228 --- [ms-dfs-reservas] [           main] org.hibernate.HQL_FUNCTIONS              : Double ln(NUMERIC arg)
2024-10-06T23:09:03.774-03:00 DEBUG 13228 --- [ms-dfs-reservas] [           main] org.hibernate.HQL_FUNCTIONS              : LocalDate local date
2024-10-06T23:09:03.774-03:00 DEBUG 13228 --- [ms-dfs-reservas] [           main] org.hibernate.HQL_FUNCTIONS              : LocalDateTime local datetime
2024-10-06T23:09:03.774-03:00 DEBUG 13228 --- [ms-dfs-reservas] [           main] org.hibernate.HQL_FUNCTIONS              : LocalTime local time
2024-10-06T23:09:03.774-03:00 DEBUG 13228 --- [ms-dfs-reservas] [           main] org.hibernate.HQL_FUNCTIONS              : LocalDate local_date
2024-10-06T23:09:03.774-03:00 DEBUG 13228 --- [ms-dfs-reservas] [           main] org.hibernate.HQL_FUNCTIONS              : LocalDateTime local_datetime
2024-10-06T23:09:03.774-03:00 DEBUG 13228 --- [ms-dfs-reservas] [           main] org.hibernate.HQL_FUNCTIONS              : LocalTime local_time
2024-10-06T23:09:03.774-03:00 DEBUG 13228 --- [ms-dfs-reservas] [           main] org.hibernate.HQL_FUNCTIONS              : Integer locate(pattern, string[, start])
2024-10-06T23:09:03.774-03:00 DEBUG 13228 --- [ms-dfs-reservas] [           main] org.hibernate.HQL_FUNCTIONS              : Double log(NUMERIC arg0[, NUMERIC arg1])
2024-10-06T23:09:03.774-03:00 DEBUG 13228 --- [ms-dfs-reservas] [           main] org.hibernate.HQL_FUNCTIONS              : Double log10(NUMERIC arg)
2024-10-06T23:09:03.774-03:00 DEBUG 13228 --- [ms-dfs-reservas] [           main] org.hibernate.HQL_FUNCTIONS              : String lower(STRING string)
2024-10-06T23:09:03.774-03:00 DEBUG 13228 --- [ms-dfs-reservas] [           main] org.hibernate.HQL_FUNCTIONS              : String lpad(STRING string, INTEGER length[, STRING padding])
2024-10-06T23:09:03.774-03:00 DEBUG 13228 --- [ms-dfs-reservas] [           main] org.hibernate.HQL_FUNCTIONS              : String ltrim(STRING string[, STRING characters])
2024-10-06T23:09:03.774-03:00 DEBUG 13228 --- [ms-dfs-reservas] [           main] org.hibernate.HQL_FUNCTIONS              : max(COMPARABLE arg)
2024-10-06T23:09:03.774-03:00 DEBUG 13228 --- [ms-dfs-reservas] [           main] org.hibernate.HQL_FUNCTIONS              : Double median(NUMERIC arg)
2024-10-06T23:09:03.774-03:00 DEBUG 13228 --- [ms-dfs-reservas] [           main] org.hibernate.HQL_FUNCTIONS              : min(COMPARABLE arg)
2024-10-06T23:09:03.774-03:00 DEBUG 13228 --- [ms-dfs-reservas] [           main] org.hibernate.HQL_FUNCTIONS              : Integer mod(INTEGER arg0, INTEGER arg1)
2024-10-06T23:09:03.774-03:00 DEBUG 13228 --- [ms-dfs-reservas] [           main] org.hibernate.HQL_FUNCTIONS              : mode()
2024-10-06T23:09:03.774-03:00 DEBUG 13228 --- [ms-dfs-reservas] [           main] org.hibernate.HQL_FUNCTIONS              : Integer months_between(DATE end, DATE start)
2024-10-06T23:09:03.774-03:00 DEBUG 13228 --- [ms-dfs-reservas] [           main] org.hibernate.HQL_FUNCTIONS              : nth_valueANY value, INTEGER nth
2024-10-06T23:09:03.774-03:00 DEBUG 13228 --- [ms-dfs-reservas] [           main] org.hibernate.HQL_FUNCTIONS              : nullif(arg0, arg1)
2024-10-06T23:09:03.774-03:00 DEBUG 13228 --- [ms-dfs-reservas] [           main] org.hibernate.HQL_FUNCTIONS              : Integer octet_length(STRING_OR_CLOB arg)
2024-10-06T23:09:03.774-03:00 DEBUG 13228 --- [ms-dfs-reservas] [           main] org.hibernate.HQL_FUNCTIONS              : OffsetDateTime offset datetime
2024-10-06T23:09:03.774-03:00 DEBUG 13228 --- [ms-dfs-reservas] [           main] org.hibernate.HQL_FUNCTIONS              : OffsetDateTime offset_datetime
2024-10-06T23:09:03.774-03:00 DEBUG 13228 --- [ms-dfs-reservas] [           main] org.hibernate.HQL_FUNCTIONS              : String overlay(STRING string placing STRING replacement from INTEGER start[ for INTEGER length])
2024-10-06T23:09:03.774-03:00 DEBUG 13228 --- [ms-dfs-reservas] [           main] org.hibernate.HQL_FUNCTIONS              : String pad(STRING string with INTEGER length {leading|trailing}[ STRING character])
2024-10-06T23:09:03.774-03:00 DEBUG 13228 --- [ms-dfs-reservas] [           main] org.hibernate.HQL_FUNCTIONS              : Double percent_rank([arg0[, ...]])
2024-10-06T23:09:03.774-03:00 DEBUG 13228 --- [ms-dfs-reservas] [           main] org.hibernate.HQL_FUNCTIONS              : percentile_cont(NUMERIC arg)
2024-10-06T23:09:03.774-03:00 DEBUG 13228 --- [ms-dfs-reservas] [           main] org.hibernate.HQL_FUNCTIONS              : percentile_disc(NUMERIC arg)
2024-10-06T23:09:03.774-03:00 DEBUG 13228 --- [ms-dfs-reservas] [           main] org.hibernate.HQL_FUNCTIONS              : Double pi
2024-10-06T23:09:03.774-03:00 DEBUG 13228 --- [ms-dfs-reservas] [           main] org.hibernate.HQL_FUNCTIONS              : Integer position(STRING pattern in STRING string)
2024-10-06T23:09:03.774-03:00 DEBUG 13228 --- [ms-dfs-reservas] [           main] org.hibernate.HQL_FUNCTIONS              : Double power(NUMERIC arg0, NUMERIC arg1)
2024-10-06T23:09:03.775-03:00 DEBUG 13228 --- [ms-dfs-reservas] [           main] org.hibernate.HQL_FUNCTIONS              : Double radians(NUMERIC arg)
2024-10-06T23:09:03.775-03:00 DEBUG 13228 --- [ms-dfs-reservas] [           main] org.hibernate.HQL_FUNCTIONS              : Long rank([arg0[, ...]])
2024-10-06T23:09:03.775-03:00 DEBUG 13228 --- [ms-dfs-reservas] [           main] org.hibernate.HQL_FUNCTIONS              : Double regr_avgx(NUMERIC arg0, NUMERIC arg1)
2024-10-06T23:09:03.775-03:00 DEBUG 13228 --- [ms-dfs-reservas] [           main] org.hibernate.HQL_FUNCTIONS              : Double regr_avgy(NUMERIC arg0, NUMERIC arg1)
2024-10-06T23:09:03.775-03:00 DEBUG 13228 --- [ms-dfs-reservas] [           main] org.hibernate.HQL_FUNCTIONS              : Double regr_count(NUMERIC arg0, NUMERIC arg1)
2024-10-06T23:09:03.775-03:00 DEBUG 13228 --- [ms-dfs-reservas] [           main] org.hibernate.HQL_FUNCTIONS              : Double regr_intercept(NUMERIC arg0, NUMERIC arg1)
2024-10-06T23:09:03.775-03:00 DEBUG 13228 --- [ms-dfs-reservas] [           main] org.hibernate.HQL_FUNCTIONS              : Double regr_r2(NUMERIC arg0, NUMERIC arg1)
2024-10-06T23:09:03.775-03:00 DEBUG 13228 --- [ms-dfs-reservas] [           main] org.hibernate.HQL_FUNCTIONS              : Double regr_slope(NUMERIC arg0, NUMERIC arg1)
2024-10-06T23:09:03.775-03:00 DEBUG 13228 --- [ms-dfs-reservas] [           main] org.hibernate.HQL_FUNCTIONS              : Double regr_sxx(NUMERIC arg0, NUMERIC arg1)
2024-10-06T23:09:03.775-03:00 DEBUG 13228 --- [ms-dfs-reservas] [           main] org.hibernate.HQL_FUNCTIONS              : Double regr_sxy(NUMERIC arg0, NUMERIC arg1)
2024-10-06T23:09:03.775-03:00 DEBUG 13228 --- [ms-dfs-reservas] [           main] org.hibernate.HQL_FUNCTIONS              : Double regr_syy(NUMERIC arg0, NUMERIC arg1)
2024-10-06T23:09:03.775-03:00 DEBUG 13228 --- [ms-dfs-reservas] [           main] org.hibernate.HQL_FUNCTIONS              : String repeat(STRING string, INTEGER times)
2024-10-06T23:09:03.775-03:00 DEBUG 13228 --- [ms-dfs-reservas] [           main] org.hibernate.HQL_FUNCTIONS              : String replace(STRING string, STRING pattern, STRING replacement)
2024-10-06T23:09:03.775-03:00 DEBUG 13228 --- [ms-dfs-reservas] [           main] org.hibernate.HQL_FUNCTIONS              : String right(STRING string, INTEGER length)
2024-10-06T23:09:03.775-03:00 DEBUG 13228 --- [ms-dfs-reservas] [           main] org.hibernate.HQL_FUNCTIONS              : round(NUMERIC number[, INTEGER places])
2024-10-06T23:09:03.775-03:00 DEBUG 13228 --- [ms-dfs-reservas] [           main] org.hibernate.HQL_FUNCTIONS              : Long row_number()
2024-10-06T23:09:03.775-03:00 DEBUG 13228 --- [ms-dfs-reservas] [           main] org.hibernate.HQL_FUNCTIONS              : Long rowid
2024-10-06T23:09:03.775-03:00 DEBUG 13228 --- [ms-dfs-reservas] [           main] org.hibernate.HQL_FUNCTIONS              : Long rownum
2024-10-06T23:09:03.775-03:00 DEBUG 13228 --- [ms-dfs-reservas] [           main] org.hibernate.HQL_FUNCTIONS              : String rpad(STRING string, INTEGER length[, STRING padding])
2024-10-06T23:09:03.775-03:00 DEBUG 13228 --- [ms-dfs-reservas] [           main] org.hibernate.HQL_FUNCTIONS              : String rtrim(STRING string[, STRING characters])
2024-10-06T23:09:03.775-03:00 DEBUG 13228 --- [ms-dfs-reservas] [           main] org.hibernate.HQL_FUNCTIONS              : Integer sign(NUMERIC arg)
2024-10-06T23:09:03.775-03:00 DEBUG 13228 --- [ms-dfs-reservas] [           main] org.hibernate.HQL_FUNCTIONS              : Double sin(NUMERIC arg)
2024-10-06T23:09:03.775-03:00 DEBUG 13228 --- [ms-dfs-reservas] [           main] org.hibernate.HQL_FUNCTIONS              : Double sinh(NUMERIC arg)
2024-10-06T23:09:03.775-03:00 DEBUG 13228 --- [ms-dfs-reservas] [           main] org.hibernate.HQL_FUNCTIONS              : String soundex(arg)
2024-10-06T23:09:03.775-03:00 DEBUG 13228 --- [ms-dfs-reservas] [           main] org.hibernate.HQL_FUNCTIONS              : Object sql
2024-10-06T23:09:03.775-03:00 DEBUG 13228 --- [ms-dfs-reservas] [           main] org.hibernate.HQL_FUNCTIONS              : Double sqrt(NUMERIC arg)
2024-10-06T23:09:03.775-03:00 DEBUG 13228 --- [ms-dfs-reservas] [           main] org.hibernate.HQL_FUNCTIONS              : Double stddev(NUMERIC arg)
2024-10-06T23:09:03.775-03:00 DEBUG 13228 --- [ms-dfs-reservas] [           main] org.hibernate.HQL_FUNCTIONS              : Double stddev_pop(NUMERIC arg)
2024-10-06T23:09:03.775-03:00 DEBUG 13228 --- [ms-dfs-reservas] [           main] org.hibernate.HQL_FUNCTIONS              : Double stddev_samp(NUMERIC arg)
2024-10-06T23:09:03.775-03:00 DEBUG 13228 --- [ms-dfs-reservas] [           main] org.hibernate.HQL_FUNCTIONS              : String str(arg)
2024-10-06T23:09:03.775-03:00 DEBUG 13228 --- [ms-dfs-reservas] [           main] org.hibernate.HQL_FUNCTIONS              : String substr(STRING string, INTEGER start[, INTEGER length])
2024-10-06T23:09:03.775-03:00 DEBUG 13228 --- [ms-dfs-reservas] [           main] org.hibernate.HQL_FUNCTIONS              : String substring(STRING string{ from|,} INTEGER start[{ for|,} INTEGER length])
2024-10-06T23:09:03.775-03:00 DEBUG 13228 --- [ms-dfs-reservas] [           main] org.hibernate.HQL_FUNCTIONS              : sum(arg)
2024-10-06T23:09:03.775-03:00 DEBUG 13228 --- [ms-dfs-reservas] [           main] org.hibernate.HQL_FUNCTIONS              : Timestamp sysdate
2024-10-06T23:09:03.775-03:00 DEBUG 13228 --- [ms-dfs-reservas] [           main] org.hibernate.HQL_FUNCTIONS              : Timestamp systimestamp
2024-10-06T23:09:03.775-03:00 DEBUG 13228 --- [ms-dfs-reservas] [           main] org.hibernate.HQL_FUNCTIONS              : Double tan(NUMERIC arg)
2024-10-06T23:09:03.775-03:00 DEBUG 13228 --- [ms-dfs-reservas] [           main] org.hibernate.HQL_FUNCTIONS              : Double tanh(NUMERIC arg)
2024-10-06T23:09:03.775-03:00 DEBUG 13228 --- [ms-dfs-reservas] [           main] org.hibernate.HQL_FUNCTIONS              : timestampadd(TEMPORAL_UNIT field, INTEGER magnitude, TEMPORAL datetime)
2024-10-06T23:09:03.775-03:00 DEBUG 13228 --- [ms-dfs-reservas] [           main] org.hibernate.HQL_FUNCTIONS              : Long|Double timestampdiff(TEMPORAL_UNIT field, TEMPORAL start, TEMPORAL end)
2024-10-06T23:09:03.775-03:00 DEBUG 13228 --- [ms-dfs-reservas] [           main] org.hibernate.HQL_FUNCTIONS              : String to_char(ANY arg0[, STRING arg1, STRING arg2])
2024-10-06T23:09:03.775-03:00 DEBUG 13228 --- [ms-dfs-reservas] [           main] org.hibernate.HQL_FUNCTIONS              : Date to_date(STRING arg0[, STRING arg1, STRING arg2])
2024-10-06T23:09:03.775-03:00 DEBUG 13228 --- [ms-dfs-reservas] [           main] org.hibernate.HQL_FUNCTIONS              : Double to_number(STRING arg0[, STRING arg1, STRING arg2])
2024-10-06T23:09:03.775-03:00 DEBUG 13228 --- [ms-dfs-reservas] [           main] org.hibernate.HQL_FUNCTIONS              : Timestamp to_timestamp(STRING arg0[, STRING arg1, STRING arg2])
2024-10-06T23:09:03.775-03:00 DEBUG 13228 --- [ms-dfs-reservas] [           main] org.hibernate.HQL_FUNCTIONS              : String translate(STRING arg0, STRING arg1, STRING arg2)
2024-10-06T23:09:03.775-03:00 DEBUG 13228 --- [ms-dfs-reservas] [           main] org.hibernate.HQL_FUNCTIONS              : String trim([[{leading|trailing|both} ][STRING arg0 ]from] STRING arg1)
2024-10-06T23:09:03.775-03:00 DEBUG 13228 --- [ms-dfs-reservas] [           main] org.hibernate.HQL_FUNCTIONS              : trunc( ... )
2024-10-06T23:09:03.775-03:00 DEBUG 13228 --- [ms-dfs-reservas] [           main] org.hibernate.HQL_FUNCTIONS              : truncate( ... )
2024-10-06T23:09:03.775-03:00 DEBUG 13228 --- [ms-dfs-reservas] [           main] org.hibernate.HQL_FUNCTIONS              : String upper(STRING string)
2024-10-06T23:09:03.775-03:00 DEBUG 13228 --- [ms-dfs-reservas] [           main] org.hibernate.HQL_FUNCTIONS              : Double var_pop(NUMERIC arg)
2024-10-06T23:09:03.775-03:00 DEBUG 13228 --- [ms-dfs-reservas] [           main] org.hibernate.HQL_FUNCTIONS              : Double var_samp(NUMERIC arg)
2024-10-06T23:09:03.775-03:00 DEBUG 13228 --- [ms-dfs-reservas] [           main] org.hibernate.HQL_FUNCTIONS              : Double variance(NUMERIC arg)
2024-10-06T23:09:03.775-03:00 DEBUG 13228 --- [ms-dfs-reservas] [           main] org.hibernate.orm.query.plan.cache       : Starting QueryInterpretationCache(2048)
2024-10-06T23:09:03.776-03:00 DEBUG 13228 --- [ms-dfs-reservas] [           main] .h.s.i.SessionFactoryServiceRegistryImpl : EventListenerRegistry access via ServiceRegistry is deprecated.  Use `sessionFactory.getEventEngine().getListenerRegistry()` instead
2024-10-06T23:09:03.776-03:00 DEBUG 13228 --- [ms-dfs-reservas] [           main] h.e.i.EntityCopyObserverFactoryInitiator : Configured EntityCopyObserver strategy: disallow
2024-10-06T23:09:03.777-03:00 DEBUG 13228 --- [ms-dfs-reservas] [           main] o.h.boot.internal.ClassLoaderAccessImpl  : Not known whether passed class name [dfs.s3.ms_dfs_reservas.model.Cita] is safe
2024-10-06T23:09:03.777-03:00 DEBUG 13228 --- [ms-dfs-reservas] [           main] o.h.boot.internal.ClassLoaderAccessImpl  : No temp ClassLoader provided; using live ClassLoader for loading potentially unsafe class : dfs.s3.ms_dfs_reservas.model.Cita
2024-10-06T23:09:03.801-03:00 DEBUG 13228 --- [ms-dfs-reservas] [           main] o.h.b.i.bytebuddy.BytecodeProviderImpl   : HHH000513: Unable to create the ReflectionOptimizer for [dfs.s3.ms_dfs_reservas.model.Cita]: private accessor [disponible]
2024-10-06T23:09:03.801-03:00 DEBUG 13228 --- [ms-dfs-reservas] [           main] o.hibernate.orm.model.mapping.creation   : Starting post-init callbacks
2024-10-06T23:09:03.801-03:00 DEBUG 13228 --- [ms-dfs-reservas] [           main] o.hibernate.orm.model.mapping.creation   : Starting PostInitCallbackEntry : Entity(dfs.s3.ms_dfs_reservas.model.Cita) `staticFetchableList` generator
2024-10-06T23:09:03.802-03:00 DEBUG 13228 --- [ms-dfs-reservas] [           main] org.hibernate.orm.sql.ast.create         : Created new SQL alias : c1_0
2024-10-06T23:09:03.802-03:00 DEBUG 13228 --- [ms-dfs-reservas] [           main] org.hibernate.orm.sql.ast.create         : Registration of TableGroup [StandardTableGroup(dfs.s3.ms_dfs_reservas.model.Cita)] with identifierForTableGroup [dfs.s3.ms_dfs_reservas.model.Cita] for NavigablePath [dfs.s3.ms_dfs_reservas.model.Cita] 
2024-10-06T23:09:03.802-03:00 DEBUG 13228 --- [ms-dfs-reservas] [           main] org.hibernate.orm.results.graph.AST      : DomainResult Graph:
 \-EntityResultImpl [dfs.s3.ms_dfs_reservas.model.Cita]
 |  +-BasicFetch [dfs.s3.ms_dfs_reservas.model.Cita.disponible]
 |  +-BasicFetch [dfs.s3.ms_dfs_reservas.model.Cita.fecha_hora]
 |  +-BasicFetch [dfs.s3.ms_dfs_reservas.model.Cita.fin]
 |  +-BasicFetch [dfs.s3.ms_dfs_reservas.model.Cita.inicio]
 |  +-BasicFetch [dfs.s3.ms_dfs_reservas.model.Cita.medico]
 |  \-BasicFetch [dfs.s3.ms_dfs_reservas.model.Cita.paciente]

2024-10-06T23:09:03.802-03:00 DEBUG 13228 --- [ms-dfs-reservas] [           main] org.hibernate.orm.sql.ast.tree           : SQL AST Tree:
    SelectStatement {
      FromClause {
        StandardTableGroup (c1 : dfs.s3.ms_dfs_reservas.model.Cita) {
          primaryTableReference : cita as c1_0
        }
      }
    }

2024-10-06T23:09:03.803-03:00 DEBUG 13228 --- [ms-dfs-reservas] [           main] o.h.p.entity.AbstractEntityPersister     : Static SQL for entity: dfs.s3.ms_dfs_reservas.model.Cita
2024-10-06T23:09:03.803-03:00 DEBUG 13228 --- [ms-dfs-reservas] [           main] o.h.p.entity.AbstractEntityPersister     :  Version select: select id from cita where id=?
2024-10-06T23:09:03.803-03:00 DEBUG 13228 --- [ms-dfs-reservas] [           main] o.h.p.entity.AbstractEntityPersister     :  Insert (0): insert into cita (disponible,fecha_hora,fin,inicio,medico,paciente,id) values (?,?,?,?,?,?,default)
2024-10-06T23:09:03.803-03:00 DEBUG 13228 --- [ms-dfs-reservas] [           main] o.h.p.entity.AbstractEntityPersister     :  Update (0): update cita set disponible=?,fecha_hora=?,fin=?,inicio=?,medico=?,paciente=? where id=?
2024-10-06T23:09:03.803-03:00 DEBUG 13228 --- [ms-dfs-reservas] [           main] o.h.p.entity.AbstractEntityPersister     :  Delete (0): delete from cita where id=?
2024-10-06T23:09:03.803-03:00  INFO 13228 --- [ms-dfs-reservas] [           main] o.h.e.t.j.p.i.JtaPlatformInitiator       : HHH000489: No JTA platform available (set 'hibernate.transaction.jta.platform' to enable JTA platform integration)
2024-10-06T23:09:03.804-03:00 DEBUG 13228 --- [ms-dfs-reservas] [           main] o.h.type.spi.TypeConfiguration$Scope     : Scoping TypeConfiguration [org.hibernate.type.spi.TypeConfiguration@172e4d3a] to SessionFactoryImplementor [org.hibernate.internal.SessionFactoryImpl@2ed4e0e9]
2024-10-06T23:09:03.804-03:00 DEBUG 13228 --- [ms-dfs-reservas] [           main] o.h.query.named.NamedObjectRepository    : Checking 0 named HQL queries
2024-10-06T23:09:03.804-03:00 DEBUG 13228 --- [ms-dfs-reservas] [           main] o.h.query.named.NamedObjectRepository    : Checking 0 named SQL queries
2024-10-06T23:09:03.804-03:00 DEBUG 13228 --- [ms-dfs-reservas] [           main] .h.t.s.s.SchemaManagementToolCoordinator : No schema actions specified for contributor `orm`; doing nothing
2024-10-06T23:09:03.804-03:00 DEBUG 13228 --- [ms-dfs-reservas] [           main] .h.t.s.s.SchemaManagementToolCoordinator : No actions found; doing nothing
2024-10-06T23:09:03.804-03:00 DEBUG 13228 --- [ms-dfs-reservas] [           main] o.h.internal.SessionFactoryRegistry      : Registering SessionFactory: 096eadd8-579f-47ec-9992-fb5a6723a916 (<unnamed>)
2024-10-06T23:09:03.804-03:00 DEBUG 13228 --- [ms-dfs-reservas] [           main] o.h.internal.SessionFactoryRegistry      : Not binding SessionFactory to JNDI, no JNDI name configured
2024-10-06T23:09:03.804-03:00 DEBUG 13228 --- [ms-dfs-reservas] [           main] o.hibernate.internal.SessionFactoryImpl  : Instantiated SessionFactory
2024-10-06T23:09:03.804-03:00  INFO 13228 --- [ms-dfs-reservas] [           main] j.LocalContainerEntityManagerFactoryBean : Initialized JPA EntityManagerFactory for persistence unit 'default'
2024-10-06T23:09:03.804-03:00 DEBUG 13228 --- [ms-dfs-reservas] [           main] o.s.b.f.s.DefaultListableBeanFactory     : Creating shared instance of singleton bean 'reservasApplication'
2024-10-06T23:09:03.804-03:00 DEBUG 13228 --- [ms-dfs-reservas] [           main] o.s.b.f.s.DefaultListableBeanFactory     : Creating shared instance of singleton bean 'org.springframework.boot.test.autoconfigure.jdbc.TestDatabaseAutoConfiguration'
2024-10-06T23:09:03.805-03:00 DEBUG 13228 --- [ms-dfs-reservas] [           main] o.s.b.f.s.DefaultListableBeanFactory     : Creating shared instance of singleton bean 'org.springframework.boot.autoconfigure.jdbc.metadata.DataSourcePoolMetadataProvidersConfiguration'
2024-10-06T23:09:03.805-03:00 DEBUG 13228 --- [ms-dfs-reservas] [           main] o.s.b.f.s.DefaultListableBeanFactory     : Creating shared instance of singleton bean 'org.springframework.boot.autoconfigure.jdbc.DataSourceAutoConfiguration'
2024-10-06T23:09:03.805-03:00 DEBUG 13228 --- [ms-dfs-reservas] [           main] o.s.b.f.s.DefaultListableBeanFactory     : Creating shared instance of singleton bean 'org.springframework.boot.context.properties.EnableConfigurationPropertiesRegistrar.methodValidationExcludeFilter'
2024-10-06T23:09:03.806-03:00 DEBUG 13228 --- [ms-dfs-reservas] [           main] o.s.b.f.s.DefaultListableBeanFactory     : Creating shared instance of singleton bean 'org.springframework.boot.autoconfigure.orm.jpa.JpaBaseConfiguration$PersistenceManagedTypesConfiguration'
2024-10-06T23:09:03.806-03:00 DEBUG 13228 --- [ms-dfs-reservas] [           main] o.s.b.f.s.DefaultListableBeanFactory     : Creating shared instance of singleton bean 'transactionManager'
2024-10-06T23:09:03.807-03:00 DEBUG 13228 --- [ms-dfs-reservas] [           main] o.s.b.f.s.DefaultListableBeanFactory     : Creating shared instance of singleton bean 'org.springframework.boot.autoconfigure.orm.jpa.HibernateJpaAutoConfiguration'
2024-10-06T23:09:03.807-03:00 DEBUG 13228 --- [ms-dfs-reservas] [           main] o.s.b.f.s.DefaultListableBeanFactory     : Creating shared instance of singleton bean 'org.springframework.boot.autoconfigure.data.jpa.JpaRepositoriesAutoConfiguration'
2024-10-06T23:09:03.808-03:00 DEBUG 13228 --- [ms-dfs-reservas] [           main] o.s.b.f.s.DefaultListableBeanFactory     : Creating shared instance of singleton bean 'jpaSharedEM_entityManagerFactory'
2024-10-06T23:09:03.809-03:00 DEBUG 13228 --- [ms-dfs-reservas] [           main] o.s.b.f.s.DefaultListableBeanFactory     : Creating shared instance of singleton bean 'org.springframework.data.jpa.util.JpaMetamodelCacheCleanup'
2024-10-06T23:09:03.810-03:00 DEBUG 13228 --- [ms-dfs-reservas] [           main] o.s.b.f.s.DefaultListableBeanFactory     : Creating shared instance of singleton bean 'org.springframework.data.jpa.repository.support.JpaEvaluationContextExtension'
2024-10-06T23:09:03.810-03:00 DEBUG 13228 --- [ms-dfs-reservas] [           main] o.s.b.f.s.DefaultListableBeanFactory     : Creating shared instance of singleton bean 'jpa.named-queries#0'
2024-10-06T23:09:03.811-03:00 DEBUG 13228 --- [ms-dfs-reservas] [           main] o.s.b.f.s.DefaultListableBeanFactory     : Creating shared instance of singleton bean 'jpa.CitaRepository.fragments#0'
2024-10-06T23:09:03.811-03:00 DEBUG 13228 --- [ms-dfs-reservas] [           main] o.s.b.f.s.DefaultListableBeanFactory     : Creating shared instance of singleton bean 'citaRepository'
2024-10-06T23:09:03.813-03:00 DEBUG 13228 --- [ms-dfs-reservas] [           main] o.s.b.f.s.DefaultListableBeanFactory     : Creating shared instance of singleton bean 'jpaMappingContext'
2024-10-06T23:09:03.813-03:00 DEBUG 13228 --- [ms-dfs-reservas] [           main] .c.JpaMetamodelMappingContextFactoryBean : Initializing JpaMetamodelMappingContext…
2024-10-06T23:09:03.813-03:00 DEBUG 13228 --- [ms-dfs-reservas] [           main] .c.JpaMetamodelMappingContextFactoryBean : Finished initializing JpaMetamodelMappingContext
2024-10-06T23:09:03.814-03:00 DEBUG 13228 --- [ms-dfs-reservas] [           main] tor$SharedEntityManagerInvocationHandler : Creating new EntityManager for shared EntityManager invocation
2024-10-06T23:09:03.815-03:00 DEBUG 13228 --- [ms-dfs-reservas] [           main] o.h.stat.internal.StatisticsInitiator    : Statistics initialized [enabled=false]
2024-10-06T23:09:03.818-03:00 DEBUG 13228 --- [ms-dfs-reservas] [           main] o.s.d.r.c.s.RepositoryFactorySupport     : Initializing repository instance for dfs.s3.ms_dfs_reservas.repository.CitaRepository…
2024-10-06T23:09:03.819-03:00 DEBUG 13228 --- [ms-dfs-reservas] [           main] tor$SharedEntityManagerInvocationHandler : Creating new EntityManager for shared EntityManager invocation
2024-10-06T23:09:03.821-03:00 DEBUG 13228 --- [ms-dfs-reservas] [           main] o.s.d.r.c.s.RepositoryFactorySupport     : Finished creation of repository instance for dfs.s3.ms_dfs_reservas.repository.CitaRepository.
2024-10-06T23:09:03.821-03:00 DEBUG 13228 --- [ms-dfs-reservas] [           main] o.s.b.f.s.DefaultListableBeanFactory     : Creating shared instance of singleton bean 'data-jpa.repository-aot-processor#0'
2024-10-06T23:09:03.822-03:00 DEBUG 13228 --- [ms-dfs-reservas] [           main] o.s.b.f.s.DefaultListableBeanFactory     : Creating shared instance of singleton bean 'org.springframework.boot.autoconfigure.jdbc.JdbcTemplateConfiguration'
2024-10-06T23:09:03.822-03:00 DEBUG 13228 --- [ms-dfs-reservas] [           main] o.s.b.f.s.DefaultListableBeanFactory     : Creating shared instance of singleton bean 'jdbcTemplate'
2024-10-06T23:09:03.822-03:00 DEBUG 13228 --- [ms-dfs-reservas] [           main] o.s.b.f.s.DefaultListableBeanFactory     : Creating shared instance of singleton bean 'spring.jdbc-org.springframework.boot.autoconfigure.jdbc.JdbcProperties'
2024-10-06T23:09:03.823-03:00 DEBUG 13228 --- [ms-dfs-reservas] [           main] o.s.b.f.s.DefaultListableBeanFactory     : Autowiring by type from bean name 'jdbcTemplate' via factory method to bean named 'dataSource'
2024-10-06T23:09:03.823-03:00 DEBUG 13228 --- [ms-dfs-reservas] [           main] o.s.b.f.s.DefaultListableBeanFactory     : Autowiring by type from bean name 'jdbcTemplate' via factory method to bean named 'spring.jdbc-org.springframework.boot.autoconfigure.jdbc.JdbcProperties'
2024-10-06T23:09:03.824-03:00 DEBUG 13228 --- [ms-dfs-reservas] [           main] o.s.b.f.s.DefaultListableBeanFactory     : Creating shared instance of singleton bean 'org.springframework.boot.autoconfigure.jdbc.NamedParameterJdbcTemplateConfiguration'
2024-10-06T23:09:03.825-03:00 DEBUG 13228 --- [ms-dfs-reservas] [           main] o.s.b.f.s.DefaultListableBeanFactory     : Creating shared instance of singleton bean 'namedParameterJdbcTemplate'
2024-10-06T23:09:03.825-03:00 DEBUG 13228 --- [ms-dfs-reservas] [           main] o.s.b.f.s.DefaultListableBeanFactory     : Autowiring by type from bean name 'namedParameterJdbcTemplate' via factory method to bean named 'jdbcTemplate'
2024-10-06T23:09:03.825-03:00 DEBUG 13228 --- [ms-dfs-reservas] [           main] o.s.b.f.s.DefaultListableBeanFactory     : Creating shared instance of singleton bean 'org.springframework.boot.autoconfigure.jdbc.JdbcTemplateAutoConfiguration'
2024-10-06T23:09:03.825-03:00 DEBUG 13228 --- [ms-dfs-reservas] [           main] o.s.b.f.s.DefaultListableBeanFactory     : Creating shared instance of singleton bean 'org.springframework.boot.autoconfigure.jdbc.JdbcClientAutoConfiguration'
2024-10-06T23:09:03.825-03:00 DEBUG 13228 --- [ms-dfs-reservas] [           main] o.s.b.f.s.DefaultListableBeanFactory     : Creating shared instance of singleton bean 'jdbcClient'
2024-10-06T23:09:03.826-03:00 DEBUG 13228 --- [ms-dfs-reservas] [           main] o.s.b.f.s.DefaultListableBeanFactory     : Autowiring by type from bean name 'jdbcClient' via factory method to bean named 'namedParameterJdbcTemplate'
2024-10-06T23:09:03.826-03:00 DEBUG 13228 --- [ms-dfs-reservas] [           main] o.s.b.f.s.DefaultListableBeanFactory     : Creating shared instance of singleton bean 'org.springframework.boot.autoconfigure.sql.init.SqlInitializationAutoConfiguration'
2024-10-06T23:09:03.826-03:00 DEBUG 13228 --- [ms-dfs-reservas] [           main] o.s.b.f.s.DefaultListableBeanFactory     : Creating shared instance of singleton bean 'org.springframework.boot.autoconfigure.jdbc.DataSourceTransactionManagerAutoConfiguration$JdbcTransactionManagerConfiguration'
2024-10-06T23:09:03.826-03:00 DEBUG 13228 --- [ms-dfs-reservas] [           main] o.s.b.f.s.DefaultListableBeanFactory     : Creating shared instance of singleton bean 'org.springframework.boot.autoconfigure.jdbc.DataSourceTransactionManagerAutoConfiguration'
2024-10-06T23:09:03.826-03:00 DEBUG 13228 --- [ms-dfs-reservas] [           main] o.s.b.f.s.DefaultListableBeanFactory     : Creating shared instance of singleton bean 'org.springframework.boot.autoconfigure.transaction.TransactionAutoConfiguration$EnableTransactionManagementConfiguration$CglibAutoProxyConfiguration'
2024-10-06T23:09:03.826-03:00 DEBUG 13228 --- [ms-dfs-reservas] [           main] o.s.b.f.s.DefaultListableBeanFactory     : Creating shared instance of singleton bean 'org.springframework.boot.autoconfigure.transaction.TransactionAutoConfiguration$EnableTransactionManagementConfiguration'
2024-10-06T23:09:03.826-03:00 DEBUG 13228 --- [ms-dfs-reservas] [           main] o.s.b.f.s.DefaultListableBeanFactory     : Creating shared instance of singleton bean 'org.springframework.boot.autoconfigure.transaction.TransactionAutoConfiguration$TransactionTemplateConfiguration'
2024-10-06T23:09:03.826-03:00 DEBUG 13228 --- [ms-dfs-reservas] [           main] o.s.b.f.s.DefaultListableBeanFactory     : Creating shared instance of singleton bean 'transactionTemplate'
2024-10-06T23:09:03.826-03:00 DEBUG 13228 --- [ms-dfs-reservas] [           main] o.s.b.f.s.DefaultListableBeanFactory     : Autowiring by type from bean name 'transactionTemplate' via factory method to bean named 'transactionManager'
2024-10-06T23:09:03.828-03:00 DEBUG 13228 --- [ms-dfs-reservas] [           main] o.s.b.f.s.DefaultListableBeanFactory     : Creating shared instance of singleton bean 'org.springframework.boot.autoconfigure.transaction.TransactionAutoConfiguration'
2024-10-06T23:09:03.828-03:00 DEBUG 13228 --- [ms-dfs-reservas] [           main] o.s.b.f.s.DefaultListableBeanFactory     : Creating shared instance of singleton bean 'org.springframework.boot.test.autoconfigure.orm.jpa.TestEntityManagerAutoConfiguration'
2024-10-06T23:09:03.828-03:00 DEBUG 13228 --- [ms-dfs-reservas] [           main] o.s.b.f.s.DefaultListableBeanFactory     : Creating shared instance of singleton bean 'testEntityManager'
2024-10-06T23:09:03.828-03:00 DEBUG 13228 --- [ms-dfs-reservas] [           main] o.s.b.f.s.DefaultListableBeanFactory     : Autowiring by type from bean name 'testEntityManager' via factory method to bean named 'entityManagerFactory'
2024-10-06T23:09:03.830-03:00 DEBUG 13228 --- [ms-dfs-reservas] [           main] o.s.c.support.DefaultLifecycleProcessor  : Starting beans in phase -2147483647
2024-10-06T23:09:03.830-03:00 DEBUG 13228 --- [ms-dfs-reservas] [           main] o.s.c.support.DefaultLifecycleProcessor  : Successfully started bean 'springBootLoggingLifecycle'
2024-10-06T23:09:03.830-03:00 DEBUG 13228 --- [ms-dfs-reservas] [           main] .s.b.a.l.ConditionEvaluationReportLogger : 


============================
CONDITIONS EVALUATION REPORT
============================


Positive matches:
-----------------

   DataSourceAutoConfiguration matched:
      - @ConditionalOnClass found required classes 'javax.sql.DataSource', 'org.springframework.jdbc.datasource.embedded.EmbeddedDatabaseType' (OnClassCondition)
      - @ConditionalOnMissingBean (types: io.r2dbc.spi.ConnectionFactory; SearchStrategy: all) did not find any beans (OnBeanCondition)

   DataSourceAutoConfiguration.PooledDataSourceConfiguration matched:
      - AnyNestedCondition 1 matched 1 did not; NestedCondition on DataSourceAutoConfiguration.PooledDataSourceCondition.PooledDataSourceAvailable PooledDataSource found supported DataSource; NestedCondition on DataSourceAutoConfiguration.PooledDataSourceCondition.ExplicitType @ConditionalOnProperty (spring.datasource.type) did not find property 'type' (DataSourceAutoConfiguration.PooledDataSourceCondition)
      - @ConditionalOnMissingBean (types: javax.sql.DataSource,javax.sql.XADataSource; SearchStrategy: all) did not find any beans (OnBeanCondition)

   DataSourceAutoConfiguration.PooledDataSourceConfiguration#jdbcConnectionDetails matched:
      - @ConditionalOnMissingBean (types: org.springframework.boot.autoconfigure.jdbc.JdbcConnectionDetails; SearchStrategy: all) did not find any beans (OnBeanCondition)

   DataSourceConfiguration.Hikari matched:
      - @ConditionalOnClass found required class 'com.zaxxer.hikari.HikariDataSource' (OnClassCondition)
      - @ConditionalOnProperty (spring.datasource.type=com.zaxxer.hikari.HikariDataSource) matched (OnPropertyCondition)
      - @ConditionalOnMissingBean (types: javax.sql.DataSource; SearchStrategy: all) did not find any beans (OnBeanCondition)

   DataSourceInitializationConfiguration matched:
      - @ConditionalOnClass found required class 'org.springframework.jdbc.datasource.init.DatabasePopulator' (OnClassCondition)
      - @ConditionalOnSingleCandidate (types: javax.sql.DataSource; SearchStrategy: all) found a single bean 'dataSource'; @ConditionalOnMissingBean (types: org.springframework.boot.autoconfigure.sql.init.SqlDataSourceScriptDatabaseInitializer,org.springframework.boot.autoconfigure.sql.init.SqlR2dbcScriptDatabaseInitializer; SearchStrategy: all) did not find any beans (OnBeanCondition)

   DataSourcePoolMetadataProvidersConfiguration.HikariPoolDataSourceMetadataProviderConfiguration matched:
      - @ConditionalOnClass found required class 'com.zaxxer.hikari.HikariDataSource' (OnClassCondition)

   DataSourcePoolMetadataProvidersConfiguration.OracleUcpPoolDataSourceMetadataProviderConfiguration matched:
      - @ConditionalOnClass found required classes 'oracle.ucp.jdbc.PoolDataSource', 'oracle.jdbc.OracleConnection' (OnClassCondition)

   DataSourceTransactionManagerAutoConfiguration matched:
      - @ConditionalOnClass found required classes 'javax.sql.DataSource', 'org.springframework.jdbc.core.JdbcTemplate', 'org.springframework.transaction.TransactionManager' (OnClassCondition)

   DataSourceTransactionManagerAutoConfiguration.JdbcTransactionManagerConfiguration matched:
      - @ConditionalOnSingleCandidate (types: javax.sql.DataSource; SearchStrategy: all) found a single bean 'dataSource' (OnBeanCondition)

   HibernateJpaAutoConfiguration matched:
      - @ConditionalOnClass found required classes 'org.springframework.orm.jpa.LocalContainerEntityManagerFactoryBean', 'jakarta.persistence.EntityManager', 'org.hibernate.engine.spi.SessionImplementor' (OnClassCondition)

   HibernateJpaConfiguration matched:
      - @ConditionalOnSingleCandidate (types: javax.sql.DataSource; SearchStrategy: all) found a single bean 'dataSource' (OnBeanCondition)

   JdbcClientAutoConfiguration matched:
      - @ConditionalOnSingleCandidate (types: org.springframework.jdbc.core.namedparam.NamedParameterJdbcTemplate; SearchStrategy: all) found a single bean 'namedParameterJdbcTemplate'; @ConditionalOnMissingBean (types: org.springframework.jdbc.core.simple.JdbcClient; SearchStrategy: all) did not find any beans (OnBeanCondition)

   JdbcTemplateAutoConfiguration matched:
      - @ConditionalOnClass found required classes 'javax.sql.DataSource', 'org.springframework.jdbc.core.JdbcTemplate' (OnClassCondition)
      - @ConditionalOnSingleCandidate (types: javax.sql.DataSource; SearchStrategy: all) found a single bean 'dataSource' (OnBeanCondition)

   JdbcTemplateConfiguration matched:
      - @ConditionalOnMissingBean (types: org.springframework.jdbc.core.JdbcOperations; SearchStrategy: all) did not find any beans (OnBeanCondition)

   JpaBaseConfiguration#entityManagerFactory matched:
      - @ConditionalOnMissingBean (types: org.springframework.orm.jpa.LocalContainerEntityManagerFactoryBean,jakarta.persistence.EntityManagerFactory; SearchStrategy: all) did not find any beans (OnBeanCondition)

   JpaBaseConfiguration#entityManagerFactoryBuilder matched:
      - @ConditionalOnMissingBean (types: org.springframework.boot.orm.jpa.EntityManagerFactoryBuilder; SearchStrategy: all) did not find any beans (OnBeanCondition)

   JpaBaseConfiguration#jpaVendorAdapter matched:
      - @ConditionalOnMissingBean (types: org.springframework.orm.jpa.JpaVendorAdapter; SearchStrategy: all) did not find any beans (OnBeanCondition)

   JpaBaseConfiguration#transactionManager matched:
      - @ConditionalOnMissingBean (types: org.springframework.transaction.TransactionManager; SearchStrategy: all) did not find any beans (OnBeanCondition)

   JpaBaseConfiguration.PersistenceManagedTypesConfiguration matched:
      - @ConditionalOnMissingBean (types: org.springframework.orm.jpa.LocalContainerEntityManagerFactoryBean,jakarta.persistence.EntityManagerFactory; SearchStrategy: all) did not find any beans (OnBeanCondition)

   JpaBaseConfiguration.PersistenceManagedTypesConfiguration#persistenceManagedTypes matched:
      - @ConditionalOnMissingBean (types: org.springframework.orm.jpa.persistenceunit.PersistenceManagedTypes; SearchStrategy: all) did not find any beans (OnBeanCondition)

   JpaRepositoriesAutoConfiguration matched:
      - @ConditionalOnClass found required class 'org.springframework.data.jpa.repository.JpaRepository' (OnClassCondition)
      - @ConditionalOnProperty (spring.data.jpa.repositories.enabled=true) matched (OnPropertyCondition)
      - @ConditionalOnBean (types: javax.sql.DataSource; SearchStrategy: all) found bean 'dataSource'; @ConditionalOnMissingBean (types: org.springframework.data.jpa.repository.support.JpaRepositoryFactoryBean,org.springframework.data.jpa.repository.config.JpaRepositoryConfigExtension; SearchStrategy: all) did not find any beans (OnBeanCondition)

   NamedParameterJdbcTemplateConfiguration matched:
      - @ConditionalOnSingleCandidate (types: org.springframework.jdbc.core.JdbcTemplate; SearchStrategy: all) found a single bean 'jdbcTemplate'; @ConditionalOnMissingBean (types: org.springframework.jdbc.core.namedparam.NamedParameterJdbcOperations; SearchStrategy: all) did not find any beans (OnBeanCondition)

   NoOpCacheConfiguration matched:
      - Cache org.springframework.boot.autoconfigure.cache.NoOpCacheConfiguration NONE cache type (CacheCondition)

   SqlInitializationAutoConfiguration matched:
      - @ConditionalOnProperty (spring.sql.init.enabled) matched (OnPropertyCondition)
      - NoneNestedConditions 0 matched 1 did not; NestedCondition on SqlInitializationAutoConfiguration.SqlInitializationModeCondition.ModeIsNever @ConditionalOnProperty (spring.sql.init.mode=never) did not find property 'mode' (SqlInitializationAutoConfiguration.SqlInitializationModeCondition)

   TestEntityManagerAutoConfiguration matched:
      - @ConditionalOnClass found required class 'jakarta.persistence.EntityManagerFactory' (OnClassCondition)

   TestEntityManagerAutoConfiguration#testEntityManager matched:
      - @ConditionalOnMissingBean (types: org.springframework.boot.test.autoconfigure.orm.jpa.TestEntityManager; SearchStrategy: all) did not find any beans (OnBeanCondition)

   TransactionAutoConfiguration matched:
      - @ConditionalOnClass found required class 'org.springframework.transaction.PlatformTransactionManager' (OnClassCondition)

   TransactionAutoConfiguration.EnableTransactionManagementConfiguration matched:
      - @ConditionalOnBean (types: org.springframework.transaction.TransactionManager; SearchStrategy: all) found bean 'transactionManager'; @ConditionalOnMissingBean (types: org.springframework.transaction.annotation.AbstractTransactionManagementConfiguration; SearchStrategy: all) did not find any beans (OnBeanCondition)

   TransactionAutoConfiguration.EnableTransactionManagementConfiguration.CglibAutoProxyConfiguration matched:
      - @ConditionalOnProperty (spring.aop.proxy-target-class=true) matched (OnPropertyCondition)

   TransactionAutoConfiguration.TransactionTemplateConfiguration matched:
      - @ConditionalOnSingleCandidate (types: org.springframework.transaction.PlatformTransactionManager; SearchStrategy: all) found a single bean 'transactionManager' (OnBeanCondition)

   TransactionAutoConfiguration.TransactionTemplateConfiguration#transactionTemplate matched:
      - @ConditionalOnMissingBean (types: org.springframework.transaction.support.TransactionOperations; SearchStrategy: all) did not find any beans (OnBeanCondition)


Negative matches:
-----------------

   Cache2kCacheConfiguration:
      Did not match:
         - @ConditionalOnClass did not find required class 'org.cache2k.Cache2kBuilder' (OnClassCondition)

   CacheAutoConfiguration:
      Did not match:
         - @ConditionalOnBean (types: org.springframework.cache.interceptor.CacheAspectSupport; SearchStrategy: all) did not find any beans of type org.springframework.cache.interceptor.CacheAspectSupport (OnBeanCondition)
      Matched:
         - @ConditionalOnClass found required class 'org.springframework.cache.CacheManager' (OnClassCondition)

   CacheAutoConfiguration.CacheManagerEntityManagerFactoryDependsOnPostProcessor:
      Did not match:
         - Ancestor org.springframework.boot.autoconfigure.cache.CacheAutoConfiguration did not match (ConditionEvaluationReport.AncestorsMatchedCondition)
      Matched:
         - @ConditionalOnClass found required class 'org.springframework.orm.jpa.LocalContainerEntityManagerFactoryBean' (OnClassCondition)

   CaffeineCacheConfiguration:
      Did not match:
         - @ConditionalOnClass did not find required class 'com.github.benmanes.caffeine.cache.Caffeine' (OnClassCondition)

   CouchbaseCacheConfiguration:
      Did not match:
         - @ConditionalOnClass did not find required class 'com.couchbase.client.java.Cluster' (OnClassCondition)

   DataSourceAutoConfiguration.EmbeddedDatabaseConfiguration:
      Did not match:
         - EmbeddedDataSource spring.datasource.url is set (DataSourceAutoConfiguration.EmbeddedDatabaseCondition)

   DataSourceCheckpointRestoreConfiguration:
      Did not match:
         - @ConditionalOnClass did not find required class 'org.crac.Resource' (OnClassCondition)

   DataSourceConfiguration.Dbcp2:
      Did not match:
         - @ConditionalOnClass did not find required class 'org.apache.commons.dbcp2.BasicDataSource' (OnClassCondition)

   DataSourceConfiguration.Generic:
      Did not match:
         - @ConditionalOnProperty (spring.datasource.type) did not find property 'spring.datasource.type' (OnPropertyCondition)

   DataSourceConfiguration.OracleUcp:
      Did not match:
         - @ConditionalOnMissingBean (types: javax.sql.DataSource; SearchStrategy: all) found beans of type 'javax.sql.DataSource' dataSource (OnBeanCondition)
      Matched:
         - @ConditionalOnClass found required classes 'oracle.ucp.jdbc.PoolDataSourceImpl', 'oracle.jdbc.OracleConnection' (OnClassCondition)
         - @ConditionalOnProperty (spring.datasource.type=oracle.ucp.jdbc.PoolDataSource) matched (OnPropertyCondition)

   DataSourceConfiguration.Tomcat:
      Did not match:
         - @ConditionalOnClass did not find required class 'org.apache.tomcat.jdbc.pool.DataSource' (OnClassCondition)

   DataSourceJmxConfiguration:
      Did not match:
         - @ConditionalOnProperty (spring.jmx.enabled=true) found different value in property 'enabled' (OnPropertyCondition)

   DataSourcePoolMetadataProvidersConfiguration.CommonsDbcp2PoolDataSourceMetadataProviderConfiguration:
      Did not match:
         - @ConditionalOnClass did not find required class 'org.apache.commons.dbcp2.BasicDataSource' (OnClassCondition)

   DataSourcePoolMetadataProvidersConfiguration.TomcatDataSourcePoolMetadataProviderConfiguration:
      Did not match:
         - @ConditionalOnClass did not find required class 'org.apache.tomcat.jdbc.pool.DataSource' (OnClassCondition)

   DataSourceTransactionManagerAutoConfiguration.JdbcTransactionManagerConfiguration#transactionManager:
      Did not match:
         - @ConditionalOnMissingBean (types: org.springframework.transaction.TransactionManager; SearchStrategy: all) found beans of type 'org.springframework.transaction.TransactionManager' transactionManager (OnBeanCondition)

   FlywayAutoConfiguration:
      Did not match:
         - @ConditionalOnClass did not find required class 'org.flywaydb.core.Flyway' (OnClassCondition)

   GenericCacheConfiguration:
      Did not match:
         - Cache org.springframework.boot.autoconfigure.cache.GenericCacheConfiguration unknown cache type (CacheCondition)

   HazelcastCacheConfiguration:
      Did not match:
         - @ConditionalOnClass did not find required class 'com.hazelcast.core.HazelcastInstance' (OnClassCondition)

   InfinispanCacheConfiguration:
      Did not match:
         - @ConditionalOnClass did not find required class 'org.infinispan.spring.embedded.provider.SpringEmbeddedCacheManager' (OnClassCondition)

   JCacheCacheConfiguration:
      Did not match:
         - @ConditionalOnClass did not find required class 'javax.cache.Caching' (OnClassCondition)

   JpaBaseConfiguration.JpaWebConfiguration:
      Did not match:
         - not a servlet web application (OnWebApplicationCondition)
      Matched:
         - @ConditionalOnClass found required class 'org.springframework.web.servlet.config.annotation.WebMvcConfigurer' (OnClassCondition)

   JpaRepositoriesAutoConfiguration#entityManagerFactoryBootstrapExecutorCustomizer:
      Did not match:
         - AnyNestedCondition 0 matched 2 did not; NestedCondition on JpaRepositoriesAutoConfiguration.BootstrapExecutorCondition.LazyBootstrapMode @ConditionalOnProperty (spring.data.jpa.repositories.bootstrap-mode=lazy) found different value in property 'bootstrap-mode'; NestedCondition on JpaRepositoriesAutoConfiguration.BootstrapExecutorCondition.DeferredBootstrapMode @ConditionalOnProperty (spring.data.jpa.repositories.bootstrap-mode=deferred) found different value in property 'bootstrap-mode' (JpaRepositoriesAutoConfiguration.BootstrapExecutorCondition)

   LiquibaseAutoConfiguration:
      Did not match:
         - @ConditionalOnClass did not find required class 'liquibase.change.DatabaseChange' (OnClassCondition)

   R2dbcInitializationConfiguration:
      Did not match:
         - @ConditionalOnClass did not find required classes 'io.r2dbc.spi.ConnectionFactory', 'org.springframework.r2dbc.connection.init.DatabasePopulator' (OnClassCondition)

   RedisCacheConfiguration:
      Did not match:
         - @ConditionalOnClass did not find required class 'org.springframework.data.redis.connection.RedisConnectionFactory' (OnClassCondition)

   SimpleCacheConfiguration:
      Did not match:
         - Cache org.springframework.boot.autoconfigure.cache.SimpleCacheConfiguration unknown cache type (CacheCondition)

   TestDatabaseAutoConfiguration#dataSource:
      Did not match:
         - @ConditionalOnProperty (spring.test.database.replace=AUTO_CONFIGURED) found different value in property 'replace' (OnPropertyCondition)

   TestDatabaseAutoConfiguration#embeddedDataSourceBeanFactoryPostProcessor:
      Did not match:
         - @ConditionalOnProperty (spring.test.database.replace=ANY) found different value in property 'replace' (OnPropertyCondition)

   TransactionAutoConfiguration#transactionalOperator:
      Did not match:
         - @ConditionalOnSingleCandidate (types: org.springframework.transaction.ReactiveTransactionManager; SearchStrategy: all) did not find any beans (OnBeanCondition)

   TransactionAutoConfiguration.AspectJTransactionManagementConfiguration:
      Did not match:
         - @ConditionalOnBean (types: org.springframework.transaction.aspectj.AbstractTransactionAspect; SearchStrategy: all) did not find any beans of type org.springframework.transaction.aspectj.AbstractTransactionAspect (OnBeanCondition)

   TransactionAutoConfiguration.EnableTransactionManagementConfiguration.JdkDynamicAutoProxyConfiguration:
      Did not match:
         - @ConditionalOnProperty (spring.aop.proxy-target-class=false) did not find property 'proxy-target-class' (OnPropertyCondition)


Exclusions:
-----------

    None


Unconditional classes:
----------------------

    org.springframework.boot.test.autoconfigure.jdbc.TestDatabaseAutoConfiguration



2024-10-06T23:09:03.831-03:00  INFO 13228 --- [ms-dfs-reservas] [           main] d.s.m.repository.CitaRepositoryTest      : Started CitaRepositoryTest in 0.365 seconds (process running for 7.504)
2024-10-06T23:09:03.831-03:00 DEBUG 13228 --- [ms-dfs-reservas] [           main] org.springframework.test.context.cache   : Spring test ApplicationContext cache statistics: [DefaultContextCache@ee2ae9a size = 3, maxSize = 32, parentContextCount = 0, hitCount = 36, missCount = 3, failureCount = 0]
2024-10-06T23:09:03.832-03:00 DEBUG 13228 --- [ms-dfs-reservas] [           main] org.springframework.test.context.cache   : Spring test ApplicationContext cache statistics: [DefaultContextCache@ee2ae9a size = 3, maxSize = 32, parentContextCount = 0, hitCount = 37, missCount = 3, failureCount = 0]
2024-10-06T23:09:03.833-03:00 DEBUG 13228 --- [ms-dfs-reservas] [           main] sContextBeforeModesTestExecutionListener : Before test method: class [CitaRepositoryTest], method [testSaveCita], class annotated with @DirtiesContext [false] with mode [null], method annotated with @DirtiesContext [false] with mode [null]
2024-10-06T23:09:03.836-03:00 DEBUG 13228 --- [ms-dfs-reservas] [           main] t.c.t.TransactionalTestExecutionListener : Explicit transaction definition [PROPAGATION_REQUIRED,ISOLATION_DEFAULT] found for test class [dfs.s3.ms_dfs_reservas.repository.CitaRepositoryTest] and test method [testSaveCita]
2024-10-06T23:09:03.836-03:00 DEBUG 13228 --- [ms-dfs-reservas] [           main] org.springframework.test.context.cache   : Spring test ApplicationContext cache statistics: [DefaultContextCache@ee2ae9a size = 3, maxSize = 32, parentContextCount = 0, hitCount = 38, missCount = 3, failureCount = 0]
2024-10-06T23:09:03.838-03:00 DEBUG 13228 --- [ms-dfs-reservas] [           main] t.c.t.TransactionalTestExecutionListener : No method-level @Rollback override: using default rollback [true] for test method [public void dfs.s3.ms_dfs_reservas.repository.CitaRepositoryTest.testSaveCita()]
2024-10-06T23:09:03.839-03:00 DEBUG 13228 --- [ms-dfs-reservas] [           main] o.s.orm.jpa.JpaTransactionManager        : Creating new transaction with name [dfs.s3.ms_dfs_reservas.repository.CitaRepositoryTest.testSaveCita]: PROPAGATION_REQUIRED,ISOLATION_DEFAULT
2024-10-06T23:09:03.839-03:00 DEBUG 13228 --- [ms-dfs-reservas] [           main] o.s.orm.jpa.JpaTransactionManager        : Opened new EntityManager [SessionImpl(815916121<open>)] for JPA transaction
2024-10-06T23:09:03.843-03:00 DEBUG 13228 --- [ms-dfs-reservas] [           main] o.h.e.t.internal.TransactionImpl         : On TransactionImpl creation, JpaCompliance#isJpaTransactionComplianceEnabled == false
2024-10-06T23:09:03.843-03:00 DEBUG 13228 --- [ms-dfs-reservas] [           main] o.h.e.t.internal.TransactionImpl         : begin
2024-10-06T23:09:03.844-03:00 DEBUG 13228 --- [ms-dfs-reservas] [           main] o.s.orm.jpa.JpaTransactionManager        : Exposing JPA transaction as JDBC [org.springframework.orm.jpa.vendor.HibernateJpaDialect$HibernateConnectionHandle@6319ea75]
2024-10-06T23:09:03.845-03:00 DEBUG 13228 --- [ms-dfs-reservas] [           main] o.s.t.c.transaction.TransactionContext   : Began transaction (1) for test class [dfs.s3.ms_dfs_reservas.repository.CitaRepositoryTest]; test method [testSaveCita]; transaction manager [org.springframework.orm.jpa.JpaTransactionManager@7959747d]; rollback [true]
2024-10-06T23:09:03.845-03:00 DEBUG 13228 --- [ms-dfs-reservas] [           main] org.springframework.test.context.cache   : Spring test ApplicationContext cache statistics: [DefaultContextCache@ee2ae9a size = 3, maxSize = 32, parentContextCount = 0, hitCount = 39, missCount = 3, failureCount = 0]
2024-10-06T23:09:03.845-03:00 DEBUG 13228 --- [ms-dfs-reservas] [           main] org.springframework.test.context.cache   : Spring test ApplicationContext cache statistics: [DefaultContextCache@ee2ae9a size = 3, maxSize = 32, parentContextCount = 0, hitCount = 40, missCount = 3, failureCount = 0]
2024-10-06T23:09:03.846-03:00 DEBUG 13228 --- [ms-dfs-reservas] [           main] org.springframework.test.context.cache   : Spring test ApplicationContext cache statistics: [DefaultContextCache@ee2ae9a size = 3, maxSize = 32, parentContextCount = 0, hitCount = 41, missCount = 3, failureCount = 0]
2024-10-06T23:09:03.850-03:00 DEBUG 13228 --- [ms-dfs-reservas] [           main] o.s.orm.jpa.JpaTransactionManager        : Found thread-bound EntityManager [SessionImpl(815916121<open>)] for JPA transaction
2024-10-06T23:09:03.850-03:00 DEBUG 13228 --- [ms-dfs-reservas] [           main] o.s.orm.jpa.JpaTransactionManager        : Participating in existing transaction
2024-10-06T23:09:03.853-03:00 DEBUG 13228 --- [ms-dfs-reservas] [           main] o.h.j.internal.PersistenceUnitUtilImpl   : jakarta.persistence.PersistenceUnitUtil.getIdentifier is only intended to work with enhanced entities (although Hibernate also adapts this support to its proxies); however the passed entity was not enhanced (nor a proxy).. may not be able to read identifier
2024-10-06T23:09:03.867-03:00 DEBUG 13228 --- [ms-dfs-reservas] [           main] org.hibernate.engine.spi.ActionQueue     : Executing identity-insert immediately
2024-10-06T23:09:03.890-03:00 DEBUG 13228 --- [ms-dfs-reservas] [           main] org.hibernate.SQL                        : insert into cita (disponible,fecha_hora,fin,inicio,medico,paciente,id) values (?,?,?,?,?,?,default)
Hibernate: insert into cita (disponible,fecha_hora,fin,inicio,medico,paciente,id) values (?,?,?,?,?,?,default)
2024-10-06T23:09:03.944-03:00 DEBUG 13228 --- [ms-dfs-reservas] [           main] org.hibernate.orm.results                : Initializer list is empty
2024-10-06T23:09:03.953-03:00 DEBUG 13228 --- [ms-dfs-reservas] [           main] org.hibernate.orm.results.loading        : Calling top-level assembler (0 / 1) : org.hibernate.sql.results.graph.basic.BasicResultAssembler@56b972a8
2024-10-06T23:09:03.954-03:00 DEBUG 13228 --- [ms-dfs-reservas] [           main] org.hibernate.orm.results                : Extracted JDBC value [0] - [25]
2024-10-06T23:09:03.955-03:00 DEBUG 13228 --- [ms-dfs-reservas] [           main] o.h.id.IdentifierGeneratorHelper         : Extracted generated values [dfs.s3.ms_dfs_reservas.model.Cita]: [Ljava.lang.Object;@4fa9533f
2024-10-06T23:09:03.962-03:00 DEBUG 13228 --- [ms-dfs-reservas] [           main] org.springframework.test.context.cache   : Spring test ApplicationContext cache statistics: [DefaultContextCache@ee2ae9a size = 3, maxSize = 32, parentContextCount = 0, hitCount = 42, missCount = 3, failureCount = 0]
2024-10-06T23:09:03.963-03:00 DEBUG 13228 --- [ms-dfs-reservas] [           main] org.springframework.test.context.cache   : Spring test ApplicationContext cache statistics: [DefaultContextCache@ee2ae9a size = 3, maxSize = 32, parentContextCount = 0, hitCount = 43, missCount = 3, failureCount = 0]
2024-10-06T23:09:03.963-03:00 DEBUG 13228 --- [ms-dfs-reservas] [           main] org.springframework.test.context.cache   : Spring test ApplicationContext cache statistics: [DefaultContextCache@ee2ae9a size = 3, maxSize = 32, parentContextCount = 0, hitCount = 44, missCount = 3, failureCount = 0]
2024-10-06T23:09:03.963-03:00 DEBUG 13228 --- [ms-dfs-reservas] [           main] org.springframework.test.context.cache   : Spring test ApplicationContext cache statistics: [DefaultContextCache@ee2ae9a size = 3, maxSize = 32, parentContextCount = 0, hitCount = 45, missCount = 3, failureCount = 0]
2024-10-06T23:09:03.963-03:00 DEBUG 13228 --- [ms-dfs-reservas] [           main] org.springframework.test.context.cache   : Spring test ApplicationContext cache statistics: [DefaultContextCache@ee2ae9a size = 3, maxSize = 32, parentContextCount = 0, hitCount = 46, missCount = 3, failureCount = 0]
2024-10-06T23:09:03.963-03:00 DEBUG 13228 --- [ms-dfs-reservas] [           main] org.springframework.test.context.cache   : Spring test ApplicationContext cache statistics: [DefaultContextCache@ee2ae9a size = 3, maxSize = 32, parentContextCount = 0, hitCount = 47, missCount = 3, failureCount = 0]
2024-10-06T23:09:03.964-03:00 DEBUG 13228 --- [ms-dfs-reservas] [           main] o.s.orm.jpa.JpaTransactionManager        : Initiating transaction rollback
2024-10-06T23:09:03.964-03:00 DEBUG 13228 --- [ms-dfs-reservas] [           main] o.s.orm.jpa.JpaTransactionManager        : Rolling back JPA transaction on EntityManager [SessionImpl(815916121<open>)]
2024-10-06T23:09:03.964-03:00 DEBUG 13228 --- [ms-dfs-reservas] [           main] o.h.e.t.internal.TransactionImpl         : rolling back
2024-10-06T23:09:03.969-03:00 DEBUG 13228 --- [ms-dfs-reservas] [           main] o.s.orm.jpa.JpaTransactionManager        : Closing JPA EntityManager [SessionImpl(815916121<open>)] after transaction
2024-10-06T23:09:03.969-03:00 DEBUG 13228 --- [ms-dfs-reservas] [           main] o.s.t.c.transaction.TransactionContext   : Rolled back transaction (1) for test class [dfs.s3.ms_dfs_reservas.repository.CitaRepositoryTest]; test method [testSaveCita]
2024-10-06T23:09:03.970-03:00 DEBUG 13228 --- [ms-dfs-reservas] [           main] .c.s.DirtiesContextTestExecutionListener : After test method: class [CitaRepositoryTest], method [testSaveCita], class annotated with @DirtiesContext [false] with mode [null], method annotated with @DirtiesContext [false] with mode [null]
]]></system-out>
  </testcase>
</testsuite>